[('oliËteÊ”', 'oliËdeÊ”'), ('zahset', 'zahset'), ('kaËlis', 'É¡aËlis'), ('otahsa', 'odahsa'), ('wisk', 'wisk'), ('dekeni', 'deÉ¡eni'), ('aplam', 'aplam'), ('ojaËkala', 'ojaËÉ¡ala'), ('ohjotsah', 'ohjotsah'), ('lapahpet', 'labahbet'), ('stuËha', 'sduËha'), ('Ê¤iks', 'Ê¤iks'), ('testaÊ”nÌ¥', 'desdaÊ”nÌ¥'), ('teËzeknwÌ¥', 'deËzeknwÌ¥')]
[('oliËdeÊ”', 'oliËdeÊ”'), ('zahsed', 'zahset'), ('É¡aËlis', 'É¡aËlis'), ('odahsa', 'odahsa'), ('wisÉ¡', 'wisk'), ('deÉ¡eni', 'deÉ¡eni'), ('ablam', 'aplam'), ('ojaËÉ¡ala', 'ojaËÉ¡ala'), ('ohjodsah', 'ohjotsah'), ('labahbed', 'labahbet'), ('sduËha', 'sduËha'), ('Ê¤iÉ¡s', 'Ê¤iks'), ('desdaÊ”nÌ¥', 'desdaÊ”nÌ¥'), ('deËzeÉ¡nwÌ¥', 'deËzeknwÌ¥')]
Rule: ({}, {'continuant': '-'}, {'syllabic': '+'})
N: 36
N+: 11
N-: 25
Simplicity weight: 1
Likelihood weight: 30
Objective: 54090
Simplicity score: 54090
Simplicity: 54090
Log # models: 160
Likelihood: 52800
[1;31mUnsatisfiable constraints:[0;31m
/s . É¡ . #/ changed
/o . d . a/ didn't change
/a . b . l/ changed
/e . d . #/ changed
/o . d . s/ changed
[0;0m
Successfully discovered rule:
 [({'voice': '+'}, ({}, {'continuant': '-'}, {'syllabic': '+'}))]
7.30user 0.03system 0:10.75elapsed 68%CPU (0avgtext+0avgdata 46368maxresident)k
1272inputs+8outputs (0major+6741minor)pagefaults 0swaps
