[('biÌÊ¤im', 'biÌÊ¤im'), ('Ê§aÌËpan', 'taÌËpan'), ('hiÌÊ¤odÌ£', 'hiÌdodÌ£'), ('Ê§É¨ÌkiÊ¤', 'Ê§É¨Ìkid'), ('É¡aÌtwiÊ¤', 'É¡aÌtwid'), ('Ê§uÌku', 'Ê§uÌku'), ('Ê¤aÌÉ¡sÌ£p', 'daÌÉ¡sÌ£p'), ('Ê§oÌha', 'toÌha'), ('Ê¤uÌËkiÌŒ', 'Ê¤uÌËkiÌŒ'), ('hÉ¨ÌwÉ¡iÊ¤', 'hÉ¨ÌwÉ¡id'), ('Ê§iÌhaÅ‹', 'Ê§iÌhaÅ‹'), ('Ê§oÌnÌƒi', 'toÌnÌƒi'), ('wiÌdÌ£uÊ§', 'wiÌdÌ£ut'), ('Ê§aÌËÊ§adÌ£', 'taÌËtadÌ£'), ('kiÌËÊ§uÊ¤', 'kiÌËÊ§ud'), ('Ê¤oÌËÊ¤om', 'doÌËdom'), ('Ê§aÌËÊ§am', 'taÌËtam')]
[('biÌdim', 'biÌÊ¤im'), ('taÌËpan', 'taÌËpan'), ('hiÌdodÌ£', 'hiÌdodÌ£'), ('tÉ¨Ìkid', 'Ê§É¨Ìkid'), ('É¡aÌtwid', 'É¡aÌtwid'), ('tuÌku', 'Ê§uÌku'), ('daÌÉ¡sÌ£p', 'daÌÉ¡sÌ£p'), ('toÌha', 'toÌha'), ('duÌËkiÌŒ', 'Ê¤uÌËkiÌŒ'), ('hÉ¨ÌwÉ¡id', 'hÉ¨ÌwÉ¡id'), ('tiÌhaÅ‹', 'Ê§iÌhaÅ‹'), ('toÌnÌƒi', 'toÌnÌƒi'), ('wiÌdÌ£ut', 'wiÌdÌ£ut'), ('taÌËtadÌ£', 'taÌËtadÌ£'), ('kiÌËtud', 'kiÌËÊ§ud'), ('doÌËdom', 'doÌËdom'), ('taÌËtam', 'taÌËtam')]
[1;31mUnsatisfiable constraints:[0;31m
/iÌ . Ê¤ . i/ didn't change
/# . Ê§ . aÌË/ changed
/iÌ . Ê¤ . o/ changed
/i . Ê¤ . #/ changed
[0;0m
Rule: ({}, {'nasal': '-', 'coronal': '+', 'retroflex': '-'}, {'syllabic': '+', 'high': '+'})
N: 83
N+: 6
N-: 77
Simplicity weight: 1
Likelihood weight: 30
Objective: 60535
Simplicity score: 60535
Simplicity: 60535
Log # models: 132
Likelihood: 23760
Successfully discovered rule:
 [({'anterior': '-', 'distributed': '+', 'strident': '+'}, ({}, {'nasal': '-', 'coronal': '+', 'retroflex': '-'}, {'syllabic': '+', 'high': '+'}))]
9.35user 0.06system 0:13.26elapsed 70%CPU (0avgtext+0avgdata 46624maxresident)k
184inputs+8outputs (0major+6759minor)pagefaults 0swaps
