[['okuβuma', 'okuβumira', 'okuβumana', 'okuβumirana', 'okumuβúma', 'okumuβúmira', 'okuʧiβúma', 'okuʧiβúmira'], ['okusiβa', 'okusiβira', 'okusiβana', 'okusiβirana', 'okumusíβa', 'okumusíβira', 'okuʧisíβa', 'okuʧisíβira'], ['okulúma', 'okulumíra', 'okulumána', 'okulumírana', '', '', '', ''], ['okukúβa', 'okukuβíra', 'okukuβána', 'okukuβírana', '', '', '', '']]
okuβuma  >  ['o', 'k', 'u', 'O', 'u', 'm', 'a'] {'ø': 'A', 'ʃ': 'B', 'ɯ': 'C', 'ʤ': 'D', 'ʧ': 'E', 'ː': 'F', 'ɛ': 'G', 'ə': 'H', 'ɑ': 'I', 'œ': 'J', 'ŋ': 'K', 'ʋ': 'L', 'ʌ': 'M', 'ʊ': 'N', 'ʦ': 'P', 'æ': 'Q', 'ʣ': 'R', 'ʈ': 'S', 'ɖ': 'T', 'ʒ': 'U', 'ɱ': 'V', 'ɩ': 'W', 'ɲ': 'Y', 'ɡ': 'g', 'β': 'O'}
okuβumira  >  ['o', 'k', 'u', 'O', 'u', 'm', 'i', 'r', 'a'] {'ø': 'A', 'ʃ': 'B', 'ɯ': 'C', 'ʤ': 'D', 'ʧ': 'E', 'ː': 'F', 'ɛ': 'G', 'ə': 'H', 'ɑ': 'I', 'œ': 'J', 'ŋ': 'K', 'ʋ': 'L', 'ʌ': 'M', 'ʊ': 'N', 'ʦ': 'P', 'æ': 'Q', 'ʣ': 'R', 'ʈ': 'S', 'ɖ': 'T', 'ʒ': 'U', 'ɱ': 'V', 'ɩ': 'W', 'ɲ': 'Y', 'ɡ': 'g', 'β': 'O'}
okuβumana  >  ['o', 'k', 'u', 'O', 'u', 'm', 'a', 'n', 'a'] {'ø': 'A', 'ʃ': 'B', 'ɯ': 'C', 'ʤ': 'D', 'ʧ': 'E', 'ː': 'F', 'ɛ': 'G', 'ə': 'H', 'ɑ': 'I', 'œ': 'J', 'ŋ': 'K', 'ʋ': 'L', 'ʌ': 'M', 'ʊ': 'N', 'ʦ': 'P', 'æ': 'Q', 'ʣ': 'R', 'ʈ': 'S', 'ɖ': 'T', 'ʒ': 'U', 'ɱ': 'V', 'ɩ': 'W', 'ɲ': 'Y', 'ɡ': 'g', 'β': 'O'}
okuβumirana  >  ['o', 'k', 'u', 'O', 'u', 'm', 'i', 'r', 'a', 'n', 'a'] {'ø': 'A', 'ʃ': 'B', 'ɯ': 'C', 'ʤ': 'D', 'ʧ': 'E', 'ː': 'F', 'ɛ': 'G', 'ə': 'H', 'ɑ': 'I', 'œ': 'J', 'ŋ': 'K', 'ʋ': 'L', 'ʌ': 'M', 'ʊ': 'N', 'ʦ': 'P', 'æ': 'Q', 'ʣ': 'R', 'ʈ': 'S', 'ɖ': 'T', 'ʒ': 'U', 'ɱ': 'V', 'ɩ': 'W', 'ɲ': 'Y', 'ɡ': 'g', 'β': 'O'}
okumuβúma  >  ['o', 'k', 'u', 'm', 'u', 'O', 'X', 'm', 'a'] {'ø': 'A', 'ʃ': 'B', 'ɯ': 'C', 'ʤ': 'D', 'ʧ': 'E', 'ː': 'F', 'ɛ': 'G', 'ə': 'H', 'ɑ': 'I', 'œ': 'J', 'ŋ': 'K', 'ʋ': 'L', 'ʌ': 'M', 'ʊ': 'N', 'ʦ': 'P', 'æ': 'Q', 'ʣ': 'R', 'ʈ': 'S', 'ɖ': 'T', 'ʒ': 'U', 'ɱ': 'V', 'ɩ': 'W', 'ɲ': 'Y', 'ɡ': 'g', 'β': 'O', 'ú': 'X'}
okumuβúmira  >  ['o', 'k', 'u', 'm', 'u', 'O', 'X', 'm', 'i', 'r', 'a'] {'ø': 'A', 'ʃ': 'B', 'ɯ': 'C', 'ʤ': 'D', 'ʧ': 'E', 'ː': 'F', 'ɛ': 'G', 'ə': 'H', 'ɑ': 'I', 'œ': 'J', 'ŋ': 'K', 'ʋ': 'L', 'ʌ': 'M', 'ʊ': 'N', 'ʦ': 'P', 'æ': 'Q', 'ʣ': 'R', 'ʈ': 'S', 'ɖ': 'T', 'ʒ': 'U', 'ɱ': 'V', 'ɩ': 'W', 'ɲ': 'Y', 'ɡ': 'g', 'β': 'O', 'ú': 'X'}
okuʧiβúma  >  ['o', 'k', 'u', 'E', 'i', 'O', 'X', 'm', 'a'] {'ø': 'A', 'ʃ': 'B', 'ɯ': 'C', 'ʤ': 'D', 'ʧ': 'E', 'ː': 'F', 'ɛ': 'G', 'ə': 'H', 'ɑ': 'I', 'œ': 'J', 'ŋ': 'K', 'ʋ': 'L', 'ʌ': 'M', 'ʊ': 'N', 'ʦ': 'P', 'æ': 'Q', 'ʣ': 'R', 'ʈ': 'S', 'ɖ': 'T', 'ʒ': 'U', 'ɱ': 'V', 'ɩ': 'W', 'ɲ': 'Y', 'ɡ': 'g', 'β': 'O', 'ú': 'X'}
okuʧiβúmira  >  ['o', 'k', 'u', 'E', 'i', 'O', 'X', 'm', 'i', 'r', 'a'] {'ø': 'A', 'ʃ': 'B', 'ɯ': 'C', 'ʤ': 'D', 'ʧ': 'E', 'ː': 'F', 'ɛ': 'G', 'ə': 'H', 'ɑ': 'I', 'œ': 'J', 'ŋ': 'K', 'ʋ': 'L', 'ʌ': 'M', 'ʊ': 'N', 'ʦ': 'P', 'æ': 'Q', 'ʣ': 'R', 'ʈ': 'S', 'ɖ': 'T', 'ʒ': 'U', 'ɱ': 'V', 'ɩ': 'W', 'ɲ': 'Y', 'ɡ': 'g', 'β': 'O', 'ú': 'X'}
okusiβa  >  ['o', 'k', 'u', 's', 'i', 'O', 'a'] {'ø': 'A', 'ʃ': 'B', 'ɯ': 'C', 'ʤ': 'D', 'ʧ': 'E', 'ː': 'F', 'ɛ': 'G', 'ə': 'H', 'ɑ': 'I', 'œ': 'J', 'ŋ': 'K', 'ʋ': 'L', 'ʌ': 'M', 'ʊ': 'N', 'ʦ': 'P', 'æ': 'Q', 'ʣ': 'R', 'ʈ': 'S', 'ɖ': 'T', 'ʒ': 'U', 'ɱ': 'V', 'ɩ': 'W', 'ɲ': 'Y', 'ɡ': 'g', 'β': 'O', 'ú': 'X'}
okusiβira  >  ['o', 'k', 'u', 's', 'i', 'O', 'i', 'r', 'a'] {'ø': 'A', 'ʃ': 'B', 'ɯ': 'C', 'ʤ': 'D', 'ʧ': 'E', 'ː': 'F', 'ɛ': 'G', 'ə': 'H', 'ɑ': 'I', 'œ': 'J', 'ŋ': 'K', 'ʋ': 'L', 'ʌ': 'M', 'ʊ': 'N', 'ʦ': 'P', 'æ': 'Q', 'ʣ': 'R', 'ʈ': 'S', 'ɖ': 'T', 'ʒ': 'U', 'ɱ': 'V', 'ɩ': 'W', 'ɲ': 'Y', 'ɡ': 'g', 'β': 'O', 'ú': 'X'}
okusiβana  >  ['o', 'k', 'u', 's', 'i', 'O', 'a', 'n', 'a'] {'ø': 'A', 'ʃ': 'B', 'ɯ': 'C', 'ʤ': 'D', 'ʧ': 'E', 'ː': 'F', 'ɛ': 'G', 'ə': 'H', 'ɑ': 'I', 'œ': 'J', 'ŋ': 'K', 'ʋ': 'L', 'ʌ': 'M', 'ʊ': 'N', 'ʦ': 'P', 'æ': 'Q', 'ʣ': 'R', 'ʈ': 'S', 'ɖ': 'T', 'ʒ': 'U', 'ɱ': 'V', 'ɩ': 'W', 'ɲ': 'Y', 'ɡ': 'g', 'β': 'O', 'ú': 'X'}
okusiβirana  >  ['o', 'k', 'u', 's', 'i', 'O', 'i', 'r', 'a', 'n', 'a'] {'ø': 'A', 'ʃ': 'B', 'ɯ': 'C', 'ʤ': 'D', 'ʧ': 'E', 'ː': 'F', 'ɛ': 'G', 'ə': 'H', 'ɑ': 'I', 'œ': 'J', 'ŋ': 'K', 'ʋ': 'L', 'ʌ': 'M', 'ʊ': 'N', 'ʦ': 'P', 'æ': 'Q', 'ʣ': 'R', 'ʈ': 'S', 'ɖ': 'T', 'ʒ': 'U', 'ɱ': 'V', 'ɩ': 'W', 'ɲ': 'Y', 'ɡ': 'g', 'β': 'O', 'ú': 'X'}
okumusíβa  >  ['o', 'k', 'u', 'm', 'u', 's', 'Z', 'O', 'a'] {'ø': 'A', 'ʃ': 'B', 'ɯ': 'C', 'ʤ': 'D', 'ʧ': 'E', 'ː': 'F', 'ɛ': 'G', 'ə': 'H', 'ɑ': 'I', 'œ': 'J', 'ŋ': 'K', 'ʋ': 'L', 'ʌ': 'M', 'ʊ': 'N', 'ʦ': 'P', 'æ': 'Q', 'ʣ': 'R', 'ʈ': 'S', 'ɖ': 'T', 'ʒ': 'U', 'ɱ': 'V', 'ɩ': 'W', 'ɲ': 'Y', 'ɡ': 'g', 'β': 'O', 'ú': 'X', 'í': 'Z'}
okumusíβira  >  ['o', 'k', 'u', 'm', 'u', 's', 'Z', 'O', 'i', 'r', 'a'] {'ø': 'A', 'ʃ': 'B', 'ɯ': 'C', 'ʤ': 'D', 'ʧ': 'E', 'ː': 'F', 'ɛ': 'G', 'ə': 'H', 'ɑ': 'I', 'œ': 'J', 'ŋ': 'K', 'ʋ': 'L', 'ʌ': 'M', 'ʊ': 'N', 'ʦ': 'P', 'æ': 'Q', 'ʣ': 'R', 'ʈ': 'S', 'ɖ': 'T', 'ʒ': 'U', 'ɱ': 'V', 'ɩ': 'W', 'ɲ': 'Y', 'ɡ': 'g', 'β': 'O', 'ú': 'X', 'í': 'Z'}
okuʧisíβa  >  ['o', 'k', 'u', 'E', 'i', 's', 'Z', 'O', 'a'] {'ø': 'A', 'ʃ': 'B', 'ɯ': 'C', 'ʤ': 'D', 'ʧ': 'E', 'ː': 'F', 'ɛ': 'G', 'ə': 'H', 'ɑ': 'I', 'œ': 'J', 'ŋ': 'K', 'ʋ': 'L', 'ʌ': 'M', 'ʊ': 'N', 'ʦ': 'P', 'æ': 'Q', 'ʣ': 'R', 'ʈ': 'S', 'ɖ': 'T', 'ʒ': 'U', 'ɱ': 'V', 'ɩ': 'W', 'ɲ': 'Y', 'ɡ': 'g', 'β': 'O', 'ú': 'X', 'í': 'Z'}
okuʧisíβira  >  ['o', 'k', 'u', 'E', 'i', 's', 'Z', 'O', 'i', 'r', 'a'] {'ø': 'A', 'ʃ': 'B', 'ɯ': 'C', 'ʤ': 'D', 'ʧ': 'E', 'ː': 'F', 'ɛ': 'G', 'ə': 'H', 'ɑ': 'I', 'œ': 'J', 'ŋ': 'K', 'ʋ': 'L', 'ʌ': 'M', 'ʊ': 'N', 'ʦ': 'P', 'æ': 'Q', 'ʣ': 'R', 'ʈ': 'S', 'ɖ': 'T', 'ʒ': 'U', 'ɱ': 'V', 'ɩ': 'W', 'ɲ': 'Y', 'ɡ': 'g', 'β': 'O', 'ú': 'X', 'í': 'Z'}
okulúma  >  ['o', 'k', 'u', 'l', 'X', 'm', 'a'] {'ø': 'A', 'ʃ': 'B', 'ɯ': 'C', 'ʤ': 'D', 'ʧ': 'E', 'ː': 'F', 'ɛ': 'G', 'ə': 'H', 'ɑ': 'I', 'œ': 'J', 'ŋ': 'K', 'ʋ': 'L', 'ʌ': 'M', 'ʊ': 'N', 'ʦ': 'P', 'æ': 'Q', 'ʣ': 'R', 'ʈ': 'S', 'ɖ': 'T', 'ʒ': 'U', 'ɱ': 'V', 'ɩ': 'W', 'ɲ': 'Y', 'ɡ': 'g', 'β': 'O', 'ú': 'X', 'í': 'Z'}
okulumíra  >  ['o', 'k', 'u', 'l', 'u', 'm', 'Z', 'r', 'a'] {'ø': 'A', 'ʃ': 'B', 'ɯ': 'C', 'ʤ': 'D', 'ʧ': 'E', 'ː': 'F', 'ɛ': 'G', 'ə': 'H', 'ɑ': 'I', 'œ': 'J', 'ŋ': 'K', 'ʋ': 'L', 'ʌ': 'M', 'ʊ': 'N', 'ʦ': 'P', 'æ': 'Q', 'ʣ': 'R', 'ʈ': 'S', 'ɖ': 'T', 'ʒ': 'U', 'ɱ': 'V', 'ɩ': 'W', 'ɲ': 'Y', 'ɡ': 'g', 'β': 'O', 'ú': 'X', 'í': 'Z'}
okulumána  >  ['o', 'k', 'u', 'l', 'u', 'm', '1', 'n', 'a'] {'ø': 'A', 'ʃ': 'B', 'ɯ': 'C', 'ʤ': 'D', 'ʧ': 'E', 'ː': 'F', 'ɛ': 'G', 'ə': 'H', 'ɑ': 'I', 'œ': 'J', 'ŋ': 'K', 'ʋ': 'L', 'ʌ': 'M', 'ʊ': 'N', 'ʦ': 'P', 'æ': 'Q', 'ʣ': 'R', 'ʈ': 'S', 'ɖ': 'T', 'ʒ': 'U', 'ɱ': 'V', 'ɩ': 'W', 'ɲ': 'Y', 'ɡ': 'g', 'β': 'O', 'ú': 'X', 'í': 'Z', 'á': '1'}
okulumírana  >  ['o', 'k', 'u', 'l', 'u', 'm', 'Z', 'r', 'a', 'n', 'a'] {'ø': 'A', 'ʃ': 'B', 'ɯ': 'C', 'ʤ': 'D', 'ʧ': 'E', 'ː': 'F', 'ɛ': 'G', 'ə': 'H', 'ɑ': 'I', 'œ': 'J', 'ŋ': 'K', 'ʋ': 'L', 'ʌ': 'M', 'ʊ': 'N', 'ʦ': 'P', 'æ': 'Q', 'ʣ': 'R', 'ʈ': 'S', 'ɖ': 'T', 'ʒ': 'U', 'ɱ': 'V', 'ɩ': 'W', 'ɲ': 'Y', 'ɡ': 'g', 'β': 'O', 'ú': 'X', 'í': 'Z', 'á': '1'}
okukúβa  >  ['o', 'k', 'u', 'k', 'X', 'O', 'a'] {'ø': 'A', 'ʃ': 'B', 'ɯ': 'C', 'ʤ': 'D', 'ʧ': 'E', 'ː': 'F', 'ɛ': 'G', 'ə': 'H', 'ɑ': 'I', 'œ': 'J', 'ŋ': 'K', 'ʋ': 'L', 'ʌ': 'M', 'ʊ': 'N', 'ʦ': 'P', 'æ': 'Q', 'ʣ': 'R', 'ʈ': 'S', 'ɖ': 'T', 'ʒ': 'U', 'ɱ': 'V', 'ɩ': 'W', 'ɲ': 'Y', 'ɡ': 'g', 'β': 'O', 'ú': 'X', 'í': 'Z', 'á': '1'}
okukuβíra  >  ['o', 'k', 'u', 'k', 'u', 'O', 'Z', 'r', 'a'] {'ø': 'A', 'ʃ': 'B', 'ɯ': 'C', 'ʤ': 'D', 'ʧ': 'E', 'ː': 'F', 'ɛ': 'G', 'ə': 'H', 'ɑ': 'I', 'œ': 'J', 'ŋ': 'K', 'ʋ': 'L', 'ʌ': 'M', 'ʊ': 'N', 'ʦ': 'P', 'æ': 'Q', 'ʣ': 'R', 'ʈ': 'S', 'ɖ': 'T', 'ʒ': 'U', 'ɱ': 'V', 'ɩ': 'W', 'ɲ': 'Y', 'ɡ': 'g', 'β': 'O', 'ú': 'X', 'í': 'Z', 'á': '1'}
okukuβána  >  ['o', 'k', 'u', 'k', 'u', 'O', '1', 'n', 'a'] {'ø': 'A', 'ʃ': 'B', 'ɯ': 'C', 'ʤ': 'D', 'ʧ': 'E', 'ː': 'F', 'ɛ': 'G', 'ə': 'H', 'ɑ': 'I', 'œ': 'J', 'ŋ': 'K', 'ʋ': 'L', 'ʌ': 'M', 'ʊ': 'N', 'ʦ': 'P', 'æ': 'Q', 'ʣ': 'R', 'ʈ': 'S', 'ɖ': 'T', 'ʒ': 'U', 'ɱ': 'V', 'ɩ': 'W', 'ɲ': 'Y', 'ɡ': 'g', 'β': 'O', 'ú': 'X', 'í': 'Z', 'á': '1'}
okukuβírana  >  ['o', 'k', 'u', 'k', 'u', 'O', 'Z', 'r', 'a', 'n', 'a'] {'ø': 'A', 'ʃ': 'B', 'ɯ': 'C', 'ʤ': 'D', 'ʧ': 'E', 'ː': 'F', 'ɛ': 'G', 'ə': 'H', 'ɑ': 'I', 'œ': 'J', 'ŋ': 'K', 'ʋ': 'L', 'ʌ': 'M', 'ʊ': 'N', 'ʦ': 'P', 'æ': 'Q', 'ʣ': 'R', 'ʈ': 'S', 'ɖ': 'T', 'ʒ': 'U', 'ɱ': 'V', 'ɩ': 'W', 'ɲ': 'Y', 'ɡ': 'g', 'β': 'O', 'ú': 'X', 'í': 'Z', 'á': '1'}
(declare-fun var0A () String)
(declare-fun var0B () String)
(declare-fun var0C () String)
(declare-fun var0D () String)
(declare-fun var0E () String)
(declare-fun var0F () String)
(declare-fun var0G () String)
(declare-fun var0H () String)
(declare-fun unch20A () String)
(declare-fun ch0A () String)
(declare-fun unch10A () String)
(declare-fun sufA () String)
(declare-fun stem0 () String)
(declare-fun preA () String)
(declare-fun unch20B () String)
(declare-fun ch0B () String)
(declare-fun unch10B () String)
(declare-fun sufB () String)
(declare-fun preB () String)
(declare-fun unch20C () String)
(declare-fun ch0C () String)
(declare-fun unch10C () String)
(declare-fun sufC () String)
(declare-fun preC () String)
(declare-fun unch20D () String)
(declare-fun ch0D () String)
(declare-fun unch10D () String)
(declare-fun sufD () String)
(declare-fun preD () String)
(declare-fun unch20E () String)
(declare-fun ch0E () String)
(declare-fun unch10E () String)
(declare-fun sufE () String)
(declare-fun preE () String)
(declare-fun unch20F () String)
(declare-fun ch0F () String)
(declare-fun unch10F () String)
(declare-fun sufF () String)
(declare-fun preF () String)
(declare-fun unch20G () String)
(declare-fun ch0G () String)
(declare-fun unch10G () String)
(declare-fun sufG () String)
(declare-fun preG () String)
(declare-fun unch20H () String)
(declare-fun ch0H () String)
(declare-fun unch10H () String)
(declare-fun sufH () String)
(declare-fun preH () String)
(declare-fun l0 () Int)
(declare-fun sc0A () Int)
(declare-fun sc0B () Int)
(declare-fun sc0C () Int)
(declare-fun sc0D () Int)
(declare-fun sc0E () Int)
(declare-fun sc0F () Int)
(declare-fun sc0G () Int)
(declare-fun sc0H () Int)
(declare-fun var1A () String)
(declare-fun var1B () String)
(declare-fun var1C () String)
(declare-fun var1D () String)
(declare-fun var1E () String)
(declare-fun var1F () String)
(declare-fun var1G () String)
(declare-fun var1H () String)
(declare-fun unch21A () String)
(declare-fun ch1A () String)
(declare-fun unch11A () String)
(declare-fun stem1 () String)
(declare-fun unch21B () String)
(declare-fun ch1B () String)
(declare-fun unch11B () String)
(declare-fun unch21C () String)
(declare-fun ch1C () String)
(declare-fun unch11C () String)
(declare-fun unch21D () String)
(declare-fun ch1D () String)
(declare-fun unch11D () String)
(declare-fun unch21E () String)
(declare-fun ch1E () String)
(declare-fun unch11E () String)
(declare-fun unch21F () String)
(declare-fun ch1F () String)
(declare-fun unch11F () String)
(declare-fun unch21G () String)
(declare-fun ch1G () String)
(declare-fun unch11G () String)
(declare-fun unch21H () String)
(declare-fun ch1H () String)
(declare-fun unch11H () String)
(declare-fun l1 () Int)
(declare-fun sc1A () Int)
(declare-fun sc1B () Int)
(declare-fun sc1C () Int)
(declare-fun sc1D () Int)
(declare-fun sc1E () Int)
(declare-fun sc1F () Int)
(declare-fun sc1G () Int)
(declare-fun sc1H () Int)
(declare-fun var2A () String)
(declare-fun var2B () String)
(declare-fun var2C () String)
(declare-fun var2D () String)
(declare-fun var2E () String)
(declare-fun var2F () String)
(declare-fun var2G () String)
(declare-fun var2H () String)
(declare-fun unch22A () String)
(declare-fun ch2A () String)
(declare-fun unch12A () String)
(declare-fun stem2 () String)
(declare-fun unch22B () String)
(declare-fun ch2B () String)
(declare-fun unch12B () String)
(declare-fun unch22C () String)
(declare-fun ch2C () String)
(declare-fun unch12C () String)
(declare-fun unch22D () String)
(declare-fun ch2D () String)
(declare-fun unch12D () String)
(declare-fun unch22E () String)
(declare-fun ch2E () String)
(declare-fun unch12E () String)
(declare-fun unch22F () String)
(declare-fun ch2F () String)
(declare-fun unch12F () String)
(declare-fun unch22G () String)
(declare-fun ch2G () String)
(declare-fun unch12G () String)
(declare-fun unch22H () String)
(declare-fun ch2H () String)
(declare-fun unch12H () String)
(declare-fun l2 () Int)
(declare-fun sc2A () Int)
(declare-fun sc2B () Int)
(declare-fun sc2C () Int)
(declare-fun sc2D () Int)
(declare-fun sc2E () Int)
(declare-fun sc2F () Int)
(declare-fun sc2G () Int)
(declare-fun sc2H () Int)
(declare-fun var3A () String)
(declare-fun var3B () String)
(declare-fun var3C () String)
(declare-fun var3D () String)
(declare-fun var3E () String)
(declare-fun var3F () String)
(declare-fun var3G () String)
(declare-fun var3H () String)
(declare-fun unch23A () String)
(declare-fun ch3A () String)
(declare-fun unch13A () String)
(declare-fun stem3 () String)
(declare-fun unch23B () String)
(declare-fun ch3B () String)
(declare-fun unch13B () String)
(declare-fun unch23C () String)
(declare-fun ch3C () String)
(declare-fun unch13C () String)
(declare-fun unch23D () String)
(declare-fun ch3D () String)
(declare-fun unch13D () String)
(declare-fun unch23E () String)
(declare-fun ch3E () String)
(declare-fun unch13E () String)
(declare-fun unch23F () String)
(declare-fun ch3F () String)
(declare-fun unch13F () String)
(declare-fun unch23G () String)
(declare-fun ch3G () String)
(declare-fun unch13G () String)
(declare-fun unch23H () String)
(declare-fun ch3H () String)
(declare-fun unch13H () String)
(declare-fun l3 () Int)
(declare-fun sc3A () Int)
(declare-fun sc3B () Int)
(declare-fun sc3C () Int)
(declare-fun sc3D () Int)
(declare-fun sc3E () Int)
(declare-fun sc3F () Int)
(declare-fun sc3G () Int)
(declare-fun sc3H () Int)
(assert (<= (str.len var0A) 1))
(assert (<= (str.len var0B) 1))
(assert (<= (str.len var0C) 1))
(assert (<= (str.len var0D) 1))
(assert (<= (str.len var0E) 1))
(assert (<= (str.len var0F) 1))
(assert (<= (str.len var0G) 1))
(assert (<= (str.len var0H) 1))
(assert (= (str.++ preA (str.++ stem0 sufA)) (str.++ unch10A (str.++ ch0A unch20A))))
(assert (= (str.++ preB (str.++ stem0 sufB)) (str.++ unch10B (str.++ ch0B unch20B))))
(assert (= (str.++ preC (str.++ stem0 sufC)) (str.++ unch10C (str.++ ch0C unch20C))))
(assert (= (str.++ preD (str.++ stem0 sufD)) (str.++ unch10D (str.++ ch0D unch20D))))
(assert (= (str.++ preE (str.++ stem0 sufE)) (str.++ unch10E (str.++ ch0E unch20E))))
(assert (= (str.++ preF (str.++ stem0 sufF)) (str.++ unch10F (str.++ ch0F unch20F))))
(assert (= (str.++ preG (str.++ stem0 sufG)) (str.++ unch10G (str.++ ch0G unch20G))))
(assert (= (str.++ preH (str.++ stem0 sufH)) (str.++ unch10H (str.++ ch0H unch20H))))
(assert (= "okuOuma" (str.++ unch10A (str.++ var0A unch20A))))
(assert (= "okuOumira" (str.++ unch10B (str.++ var0B unch20B))))
(assert (= "okuOumana" (str.++ unch10C (str.++ var0C unch20C))))
(assert (= "okuOumirana" (str.++ unch10D (str.++ var0D unch20D))))
(assert (= "okumuOXma" (str.++ unch10E (str.++ var0E unch20E))))
(assert (= "okumuOXmira" (str.++ unch10F (str.++ var0F unch20F))))
(assert (= "okuEiOXma" (str.++ unch10G (str.++ var0G unch20G))))
(assert (= "okuEiOXmira" (str.++ unch10H (str.++ var0H unch20H))))
(assert (= (str.len stem0) l0))
(assert (= (ite (= ch0A var0A) 0 1) sc0A))
(assert (= (ite (= ch0B var0B) 0 1) sc0B))
(assert (= (ite (= ch0C var0C) 0 1) sc0C))
(assert (= (ite (= ch0D var0D) 0 1) sc0D))
(assert (= (ite (= ch0E var0E) 0 1) sc0E))
(assert (= (ite (= ch0F var0F) 0 1) sc0F))
(assert (= (ite (= ch0G var0G) 0 1) sc0G))
(assert (= (ite (= ch0H var0H) 0 1) sc0H))
(assert (<= sc0A 1))
(assert (<= sc0B 1))
(assert (<= sc0C 1))
(assert (<= sc0D 1))
(assert (<= sc0E 1))
(assert (<= sc0F 1))
(assert (<= sc0G 1))
(assert (<= sc0H 1))
(assert (<= (str.len var1A) 1))
(assert (<= (str.len var1B) 1))
(assert (<= (str.len var1C) 1))
(assert (<= (str.len var1D) 1))
(assert (<= (str.len var1E) 1))
(assert (<= (str.len var1F) 1))
(assert (<= (str.len var1G) 1))
(assert (<= (str.len var1H) 1))
(assert (= (str.++ preA (str.++ stem1 sufA)) (str.++ unch11A (str.++ ch1A unch21A))))
(assert (= (str.++ preB (str.++ stem1 sufB)) (str.++ unch11B (str.++ ch1B unch21B))))
(assert (= (str.++ preC (str.++ stem1 sufC)) (str.++ unch11C (str.++ ch1C unch21C))))
(assert (= (str.++ preD (str.++ stem1 sufD)) (str.++ unch11D (str.++ ch1D unch21D))))
(assert (= (str.++ preE (str.++ stem1 sufE)) (str.++ unch11E (str.++ ch1E unch21E))))
(assert (= (str.++ preF (str.++ stem1 sufF)) (str.++ unch11F (str.++ ch1F unch21F))))
(assert (= (str.++ preG (str.++ stem1 sufG)) (str.++ unch11G (str.++ ch1G unch21G))))
(assert (= (str.++ preH (str.++ stem1 sufH)) (str.++ unch11H (str.++ ch1H unch21H))))
(assert (= "okusiOa" (str.++ unch11A (str.++ var1A unch21A))))
(assert (= "okusiOira" (str.++ unch11B (str.++ var1B unch21B))))
(assert (= "okusiOana" (str.++ unch11C (str.++ var1C unch21C))))
(assert (= "okusiOirana" (str.++ unch11D (str.++ var1D unch21D))))
(assert (= "okumusZOa" (str.++ unch11E (str.++ var1E unch21E))))
(assert (= "okumusZOira" (str.++ unch11F (str.++ var1F unch21F))))
(assert (= "okuEisZOa" (str.++ unch11G (str.++ var1G unch21G))))
(assert (= "okuEisZOira" (str.++ unch11H (str.++ var1H unch21H))))
(assert (= (str.len stem1) l1))
(assert (= (ite (= ch1A var1A) 0 1) sc1A))
(assert (= (ite (= ch1B var1B) 0 1) sc1B))
(assert (= (ite (= ch1C var1C) 0 1) sc1C))
(assert (= (ite (= ch1D var1D) 0 1) sc1D))
(assert (= (ite (= ch1E var1E) 0 1) sc1E))
(assert (= (ite (= ch1F var1F) 0 1) sc1F))
(assert (= (ite (= ch1G var1G) 0 1) sc1G))
(assert (= (ite (= ch1H var1H) 0 1) sc1H))
(assert (<= sc1A 1))
(assert (<= sc1B 1))
(assert (<= sc1C 1))
(assert (<= sc1D 1))
(assert (<= sc1E 1))
(assert (<= sc1F 1))
(assert (<= sc1G 1))
(assert (<= sc1H 1))
(assert (<= (str.len var2A) 1))
(assert (<= (str.len var2B) 1))
(assert (<= (str.len var2C) 1))
(assert (<= (str.len var2D) 1))
(assert (<= (str.len var2E) 1))
(assert (<= (str.len var2F) 1))
(assert (<= (str.len var2G) 1))
(assert (<= (str.len var2H) 1))
(assert (= (str.++ preA (str.++ stem2 sufA)) (str.++ unch12A (str.++ ch2A unch22A))))
(assert (= (str.++ preB (str.++ stem2 sufB)) (str.++ unch12B (str.++ ch2B unch22B))))
(assert (= (str.++ preC (str.++ stem2 sufC)) (str.++ unch12C (str.++ ch2C unch22C))))
(assert (= (str.++ preD (str.++ stem2 sufD)) (str.++ unch12D (str.++ ch2D unch22D))))
(assert (= (str.++ preE (str.++ stem2 sufE)) (str.++ unch12E (str.++ ch2E unch22E))))
(assert (= (str.++ preF (str.++ stem2 sufF)) (str.++ unch12F (str.++ ch2F unch22F))))
(assert (= (str.++ preG (str.++ stem2 sufG)) (str.++ unch12G (str.++ ch2G unch22G))))
(assert (= (str.++ preH (str.++ stem2 sufH)) (str.++ unch12H (str.++ ch2H unch22H))))
(assert (= "okulXma" (str.++ unch12A (str.++ var2A unch22A))))
(assert (= "okulumZra" (str.++ unch12B (str.++ var2B unch22B))))
(assert (= "okulum1na" (str.++ unch12C (str.++ var2C unch22C))))
(assert (= "okulumZrana" (str.++ unch12D (str.++ var2D unch22D))))
(assert (= (str.len stem2) l2))
(assert (= (ite (= ch2A var2A) 0 1) sc2A))
(assert (= (ite (= ch2B var2B) 0 1) sc2B))
(assert (= (ite (= ch2C var2C) 0 1) sc2C))
(assert (= (ite (= ch2D var2D) 0 1) sc2D))
(assert (= (ite (= ch2E var2E) 0 1) sc2E))
(assert (= (ite (= ch2F var2F) 0 1) sc2F))
(assert (= (ite (= ch2G var2G) 0 1) sc2G))
(assert (= (ite (= ch2H var2H) 0 1) sc2H))
(assert (<= sc2A 1))
(assert (<= sc2B 1))
(assert (<= sc2C 1))
(assert (<= sc2D 1))
(assert (<= sc2E 1))
(assert (<= sc2F 1))
(assert (<= sc2G 1))
(assert (<= sc2H 1))
(assert (<= (str.len var3A) 1))
(assert (<= (str.len var3B) 1))
(assert (<= (str.len var3C) 1))
(assert (<= (str.len var3D) 1))
(assert (<= (str.len var3E) 1))
(assert (<= (str.len var3F) 1))
(assert (<= (str.len var3G) 1))
(assert (<= (str.len var3H) 1))
(assert (= (str.++ preA (str.++ stem3 sufA)) (str.++ unch13A (str.++ ch3A unch23A))))
(assert (= (str.++ preB (str.++ stem3 sufB)) (str.++ unch13B (str.++ ch3B unch23B))))
(assert (= (str.++ preC (str.++ stem3 sufC)) (str.++ unch13C (str.++ ch3C unch23C))))
(assert (= (str.++ preD (str.++ stem3 sufD)) (str.++ unch13D (str.++ ch3D unch23D))))
(assert (= (str.++ preE (str.++ stem3 sufE)) (str.++ unch13E (str.++ ch3E unch23E))))
(assert (= (str.++ preF (str.++ stem3 sufF)) (str.++ unch13F (str.++ ch3F unch23F))))
(assert (= (str.++ preG (str.++ stem3 sufG)) (str.++ unch13G (str.++ ch3G unch23G))))
(assert (= (str.++ preH (str.++ stem3 sufH)) (str.++ unch13H (str.++ ch3H unch23H))))
(assert (= "okukXOa" (str.++ unch13A (str.++ var3A unch23A))))
(assert (= "okukuOZra" (str.++ unch13B (str.++ var3B unch23B))))
(assert (= "okukuO1na" (str.++ unch13C (str.++ var3C unch23C))))
(assert (= "okukuOZrana" (str.++ unch13D (str.++ var3D unch23D))))
(assert (= (str.len stem3) l3))
(assert (= (ite (= ch3A var3A) 0 1) sc3A))
(assert (= (ite (= ch3B var3B) 0 1) sc3B))
(assert (= (ite (= ch3C var3C) 0 1) sc3C))
(assert (= (ite (= ch3D var3D) 0 1) sc3D))
(assert (= (ite (= ch3E var3E) 0 1) sc3E))
(assert (= (ite (= ch3F var3F) 0 1) sc3F))
(assert (= (ite (= ch3G var3G) 0 1) sc3G))
(assert (= (ite (= ch3H var3H) 0 1) sc3H))
(assert (<= sc3A 1))
(assert (<= sc3B 1))
(assert (<= sc3C 1))
(assert (<= sc3D 1))
(assert (<= sc3E 1))
(assert (<= sc3F 1))
(assert (<= sc3G 1))
(assert (<= sc3H 1))
(assert (= (+ 0
      0
      sc0A
      sc0B
      sc0C
      sc0D
      sc0E
      sc0F
      sc0G
      sc0H
      0
      sc1A
      sc1B
      sc1C
      sc1D
      sc1E
      sc1F
      sc1G
      sc1H
      0
      sc2A
      sc2B
      sc2C
      sc2D
      sc2E
      sc2F
      sc2G
      sc2H
      0
      sc3A
      sc3B
      sc3C
      sc3D
      sc3E
      sc3F
      sc3G
      sc3H)
   4))

None
(declare-fun var0A () String)
(declare-fun var0B () String)
(declare-fun var0C () String)
(declare-fun var0D () String)
(declare-fun var0E () String)
(declare-fun var0F () String)
(declare-fun var0G () String)
(declare-fun var0H () String)
(declare-fun unch20A () String)
(declare-fun ch0A () String)
(declare-fun unch10A () String)
(declare-fun sufA () String)
(declare-fun stem0 () String)
(declare-fun preA () String)
(declare-fun unch20B () String)
(declare-fun ch0B () String)
(declare-fun unch10B () String)
(declare-fun sufB () String)
(declare-fun preB () String)
(declare-fun unch20C () String)
(declare-fun ch0C () String)
(declare-fun unch10C () String)
(declare-fun sufC () String)
(declare-fun preC () String)
(declare-fun unch20D () String)
(declare-fun ch0D () String)
(declare-fun unch10D () String)
(declare-fun sufD () String)
(declare-fun preD () String)
(declare-fun unch20E () String)
(declare-fun ch0E () String)
(declare-fun unch10E () String)
(declare-fun sufE () String)
(declare-fun preE () String)
(declare-fun unch20F () String)
(declare-fun ch0F () String)
(declare-fun unch10F () String)
(declare-fun sufF () String)
(declare-fun preF () String)
(declare-fun unch20G () String)
(declare-fun ch0G () String)
(declare-fun unch10G () String)
(declare-fun sufG () String)
(declare-fun preG () String)
(declare-fun unch20H () String)
(declare-fun ch0H () String)
(declare-fun unch10H () String)
(declare-fun sufH () String)
(declare-fun preH () String)
(declare-fun l0 () Int)
(declare-fun sc0A () Int)
(declare-fun sc0B () Int)
(declare-fun sc0C () Int)
(declare-fun sc0D () Int)
(declare-fun sc0E () Int)
(declare-fun sc0F () Int)
(declare-fun sc0G () Int)
(declare-fun sc0H () Int)
(declare-fun var1A () String)
(declare-fun var1B () String)
(declare-fun var1C () String)
(declare-fun var1D () String)
(declare-fun var1E () String)
(declare-fun var1F () String)
(declare-fun var1G () String)
(declare-fun var1H () String)
(declare-fun unch21A () String)
(declare-fun ch1A () String)
(declare-fun unch11A () String)
(declare-fun stem1 () String)
(declare-fun unch21B () String)
(declare-fun ch1B () String)
(declare-fun unch11B () String)
(declare-fun unch21C () String)
(declare-fun ch1C () String)
(declare-fun unch11C () String)
(declare-fun unch21D () String)
(declare-fun ch1D () String)
(declare-fun unch11D () String)
(declare-fun unch21E () String)
(declare-fun ch1E () String)
(declare-fun unch11E () String)
(declare-fun unch21F () String)
(declare-fun ch1F () String)
(declare-fun unch11F () String)
(declare-fun unch21G () String)
(declare-fun ch1G () String)
(declare-fun unch11G () String)
(declare-fun unch21H () String)
(declare-fun ch1H () String)
(declare-fun unch11H () String)
(declare-fun l1 () Int)
(declare-fun sc1A () Int)
(declare-fun sc1B () Int)
(declare-fun sc1C () Int)
(declare-fun sc1D () Int)
(declare-fun sc1E () Int)
(declare-fun sc1F () Int)
(declare-fun sc1G () Int)
(declare-fun sc1H () Int)
(declare-fun var2A () String)
(declare-fun var2B () String)
(declare-fun var2C () String)
(declare-fun var2D () String)
(declare-fun var2E () String)
(declare-fun var2F () String)
(declare-fun var2G () String)
(declare-fun var2H () String)
(declare-fun unch22A () String)
(declare-fun ch2A () String)
(declare-fun unch12A () String)
(declare-fun stem2 () String)
(declare-fun unch22B () String)
(declare-fun ch2B () String)
(declare-fun unch12B () String)
(declare-fun unch22C () String)
(declare-fun ch2C () String)
(declare-fun unch12C () String)
(declare-fun unch22D () String)
(declare-fun ch2D () String)
(declare-fun unch12D () String)
(declare-fun unch22E () String)
(declare-fun ch2E () String)
(declare-fun unch12E () String)
(declare-fun unch22F () String)
(declare-fun ch2F () String)
(declare-fun unch12F () String)
(declare-fun unch22G () String)
(declare-fun ch2G () String)
(declare-fun unch12G () String)
(declare-fun unch22H () String)
(declare-fun ch2H () String)
(declare-fun unch12H () String)
(declare-fun l2 () Int)
(declare-fun sc2A () Int)
(declare-fun sc2B () Int)
(declare-fun sc2C () Int)
(declare-fun sc2D () Int)
(declare-fun sc2E () Int)
(declare-fun sc2F () Int)
(declare-fun sc2G () Int)
(declare-fun sc2H () Int)
(declare-fun var3A () String)
(declare-fun var3B () String)
(declare-fun var3C () String)
(declare-fun var3D () String)
(declare-fun var3E () String)
(declare-fun var3F () String)
(declare-fun var3G () String)
(declare-fun var3H () String)
(declare-fun unch23A () String)
(declare-fun ch3A () String)
(declare-fun unch13A () String)
(declare-fun stem3 () String)
(declare-fun unch23B () String)
(declare-fun ch3B () String)
(declare-fun unch13B () String)
(declare-fun unch23C () String)
(declare-fun ch3C () String)
(declare-fun unch13C () String)
(declare-fun unch23D () String)
(declare-fun ch3D () String)
(declare-fun unch13D () String)
(declare-fun unch23E () String)
(declare-fun ch3E () String)
(declare-fun unch13E () String)
(declare-fun unch23F () String)
(declare-fun ch3F () String)
(declare-fun unch13F () String)
(declare-fun unch23G () String)
(declare-fun ch3G () String)
(declare-fun unch13G () String)
(declare-fun unch23H () String)
(declare-fun ch3H () String)
(declare-fun unch13H () String)
(declare-fun l3 () Int)
(declare-fun sc3A () Int)
(declare-fun sc3B () Int)
(declare-fun sc3C () Int)
(declare-fun sc3D () Int)
(declare-fun sc3E () Int)
(declare-fun sc3F () Int)
(declare-fun sc3G () Int)
(declare-fun sc3H () Int)
(assert (<= (str.len var0A) 1))
(assert (<= (str.len var0B) 1))
(assert (<= (str.len var0C) 1))
(assert (<= (str.len var0D) 1))
(assert (<= (str.len var0E) 1))
(assert (<= (str.len var0F) 1))
(assert (<= (str.len var0G) 1))
(assert (<= (str.len var0H) 1))
(assert (= (str.++ preA (str.++ stem0 sufA)) (str.++ unch10A (str.++ ch0A unch20A))))
(assert (= (str.++ preB (str.++ stem0 sufB)) (str.++ unch10B (str.++ ch0B unch20B))))
(assert (= (str.++ preC (str.++ stem0 sufC)) (str.++ unch10C (str.++ ch0C unch20C))))
(assert (= (str.++ preD (str.++ stem0 sufD)) (str.++ unch10D (str.++ ch0D unch20D))))
(assert (= (str.++ preE (str.++ stem0 sufE)) (str.++ unch10E (str.++ ch0E unch20E))))
(assert (= (str.++ preF (str.++ stem0 sufF)) (str.++ unch10F (str.++ ch0F unch20F))))
(assert (= (str.++ preG (str.++ stem0 sufG)) (str.++ unch10G (str.++ ch0G unch20G))))
(assert (= (str.++ preH (str.++ stem0 sufH)) (str.++ unch10H (str.++ ch0H unch20H))))
(assert (= "okuOuma" (str.++ unch10A (str.++ var0A unch20A))))
(assert (= "okuOumira" (str.++ unch10B (str.++ var0B unch20B))))
(assert (= "okuOumana" (str.++ unch10C (str.++ var0C unch20C))))
(assert (= "okuOumirana" (str.++ unch10D (str.++ var0D unch20D))))
(assert (= "okumuOXma" (str.++ unch10E (str.++ var0E unch20E))))
(assert (= "okumuOXmira" (str.++ unch10F (str.++ var0F unch20F))))
(assert (= "okuEiOXma" (str.++ unch10G (str.++ var0G unch20G))))
(assert (= "okuEiOXmira" (str.++ unch10H (str.++ var0H unch20H))))
(assert (= (str.len stem0) l0))
(assert (= (ite (= ch0A var0A) 0 1) sc0A))
(assert (= (ite (= ch0B var0B) 0 1) sc0B))
(assert (= (ite (= ch0C var0C) 0 1) sc0C))
(assert (= (ite (= ch0D var0D) 0 1) sc0D))
(assert (= (ite (= ch0E var0E) 0 1) sc0E))
(assert (= (ite (= ch0F var0F) 0 1) sc0F))
(assert (= (ite (= ch0G var0G) 0 1) sc0G))
(assert (= (ite (= ch0H var0H) 0 1) sc0H))
(assert (<= sc0A 1))
(assert (<= sc0B 1))
(assert (<= sc0C 1))
(assert (<= sc0D 1))
(assert (<= sc0E 1))
(assert (<= sc0F 1))
(assert (<= sc0G 1))
(assert (<= sc0H 1))
(assert (<= (str.len var1A) 1))
(assert (<= (str.len var1B) 1))
(assert (<= (str.len var1C) 1))
(assert (<= (str.len var1D) 1))
(assert (<= (str.len var1E) 1))
(assert (<= (str.len var1F) 1))
(assert (<= (str.len var1G) 1))
(assert (<= (str.len var1H) 1))
(assert (= (str.++ preA (str.++ stem1 sufA)) (str.++ unch11A (str.++ ch1A unch21A))))
(assert (= (str.++ preB (str.++ stem1 sufB)) (str.++ unch11B (str.++ ch1B unch21B))))
(assert (= (str.++ preC (str.++ stem1 sufC)) (str.++ unch11C (str.++ ch1C unch21C))))
(assert (= (str.++ preD (str.++ stem1 sufD)) (str.++ unch11D (str.++ ch1D unch21D))))
(assert (= (str.++ preE (str.++ stem1 sufE)) (str.++ unch11E (str.++ ch1E unch21E))))
(assert (= (str.++ preF (str.++ stem1 sufF)) (str.++ unch11F (str.++ ch1F unch21F))))
(assert (= (str.++ preG (str.++ stem1 sufG)) (str.++ unch11G (str.++ ch1G unch21G))))
(assert (= (str.++ preH (str.++ stem1 sufH)) (str.++ unch11H (str.++ ch1H unch21H))))
(assert (= "okusiOa" (str.++ unch11A (str.++ var1A unch21A))))
(assert (= "okusiOira" (str.++ unch11B (str.++ var1B unch21B))))
(assert (= "okusiOana" (str.++ unch11C (str.++ var1C unch21C))))
(assert (= "okusiOirana" (str.++ unch11D (str.++ var1D unch21D))))
(assert (= "okumusZOa" (str.++ unch11E (str.++ var1E unch21E))))
(assert (= "okumusZOira" (str.++ unch11F (str.++ var1F unch21F))))
(assert (= "okuEisZOa" (str.++ unch11G (str.++ var1G unch21G))))
(assert (= "okuEisZOira" (str.++ unch11H (str.++ var1H unch21H))))
(assert (= (str.len stem1) l1))
(assert (= (ite (= ch1A var1A) 0 1) sc1A))
(assert (= (ite (= ch1B var1B) 0 1) sc1B))
(assert (= (ite (= ch1C var1C) 0 1) sc1C))
(assert (= (ite (= ch1D var1D) 0 1) sc1D))
(assert (= (ite (= ch1E var1E) 0 1) sc1E))
(assert (= (ite (= ch1F var1F) 0 1) sc1F))
(assert (= (ite (= ch1G var1G) 0 1) sc1G))
(assert (= (ite (= ch1H var1H) 0 1) sc1H))
(assert (<= sc1A 1))
(assert (<= sc1B 1))
(assert (<= sc1C 1))
(assert (<= sc1D 1))
(assert (<= sc1E 1))
(assert (<= sc1F 1))
(assert (<= sc1G 1))
(assert (<= sc1H 1))
(assert (<= (str.len var2A) 1))
(assert (<= (str.len var2B) 1))
(assert (<= (str.len var2C) 1))
(assert (<= (str.len var2D) 1))
(assert (<= (str.len var2E) 1))
(assert (<= (str.len var2F) 1))
(assert (<= (str.len var2G) 1))
(assert (<= (str.len var2H) 1))
(assert (= (str.++ preA (str.++ stem2 sufA)) (str.++ unch12A (str.++ ch2A unch22A))))
(assert (= (str.++ preB (str.++ stem2 sufB)) (str.++ unch12B (str.++ ch2B unch22B))))
(assert (= (str.++ preC (str.++ stem2 sufC)) (str.++ unch12C (str.++ ch2C unch22C))))
(assert (= (str.++ preD (str.++ stem2 sufD)) (str.++ unch12D (str.++ ch2D unch22D))))
(assert (= (str.++ preE (str.++ stem2 sufE)) (str.++ unch12E (str.++ ch2E unch22E))))
(assert (= (str.++ preF (str.++ stem2 sufF)) (str.++ unch12F (str.++ ch2F unch22F))))
(assert (= (str.++ preG (str.++ stem2 sufG)) (str.++ unch12G (str.++ ch2G unch22G))))
(assert (= (str.++ preH (str.++ stem2 sufH)) (str.++ unch12H (str.++ ch2H unch22H))))
(assert (= "okulXma" (str.++ unch12A (str.++ var2A unch22A))))
(assert (= "okulumZra" (str.++ unch12B (str.++ var2B unch22B))))
(assert (= "okulum1na" (str.++ unch12C (str.++ var2C unch22C))))
(assert (= "okulumZrana" (str.++ unch12D (str.++ var2D unch22D))))
(assert (= (str.len stem2) l2))
(assert (= (ite (= ch2A var2A) 0 1) sc2A))
(assert (= (ite (= ch2B var2B) 0 1) sc2B))
(assert (= (ite (= ch2C var2C) 0 1) sc2C))
(assert (= (ite (= ch2D var2D) 0 1) sc2D))
(assert (= (ite (= ch2E var2E) 0 1) sc2E))
(assert (= (ite (= ch2F var2F) 0 1) sc2F))
(assert (= (ite (= ch2G var2G) 0 1) sc2G))
(assert (= (ite (= ch2H var2H) 0 1) sc2H))
(assert (<= sc2A 1))
(assert (<= sc2B 1))
(assert (<= sc2C 1))
(assert (<= sc2D 1))
(assert (<= sc2E 1))
(assert (<= sc2F 1))
(assert (<= sc2G 1))
(assert (<= sc2H 1))
(assert (<= (str.len var3A) 1))
(assert (<= (str.len var3B) 1))
(assert (<= (str.len var3C) 1))
(assert (<= (str.len var3D) 1))
(assert (<= (str.len var3E) 1))
(assert (<= (str.len var3F) 1))
(assert (<= (str.len var3G) 1))
(assert (<= (str.len var3H) 1))
(assert (= (str.++ preA (str.++ stem3 sufA)) (str.++ unch13A (str.++ ch3A unch23A))))
(assert (= (str.++ preB (str.++ stem3 sufB)) (str.++ unch13B (str.++ ch3B unch23B))))
(assert (= (str.++ preC (str.++ stem3 sufC)) (str.++ unch13C (str.++ ch3C unch23C))))
(assert (= (str.++ preD (str.++ stem3 sufD)) (str.++ unch13D (str.++ ch3D unch23D))))
(assert (= (str.++ preE (str.++ stem3 sufE)) (str.++ unch13E (str.++ ch3E unch23E))))
(assert (= (str.++ preF (str.++ stem3 sufF)) (str.++ unch13F (str.++ ch3F unch23F))))
(assert (= (str.++ preG (str.++ stem3 sufG)) (str.++ unch13G (str.++ ch3G unch23G))))
(assert (= (str.++ preH (str.++ stem3 sufH)) (str.++ unch13H (str.++ ch3H unch23H))))
(assert (= "okukXOa" (str.++ unch13A (str.++ var3A unch23A))))
(assert (= "okukuOZra" (str.++ unch13B (str.++ var3B unch23B))))
(assert (= "okukuO1na" (str.++ unch13C (str.++ var3C unch23C))))
(assert (= "okukuOZrana" (str.++ unch13D (str.++ var3D unch23D))))
(assert (= (str.len stem3) l3))
(assert (= (ite (= ch3A var3A) 0 1) sc3A))
(assert (= (ite (= ch3B var3B) 0 1) sc3B))
(assert (= (ite (= ch3C var3C) 0 1) sc3C))
(assert (= (ite (= ch3D var3D) 0 1) sc3D))
(assert (= (ite (= ch3E var3E) 0 1) sc3E))
(assert (= (ite (= ch3F var3F) 0 1) sc3F))
(assert (= (ite (= ch3G var3G) 0 1) sc3G))
(assert (= (ite (= ch3H var3H) 0 1) sc3H))
(assert (<= sc3A 1))
(assert (<= sc3B 1))
(assert (<= sc3C 1))
(assert (<= sc3D 1))
(assert (<= sc3E 1))
(assert (<= sc3F 1))
(assert (<= sc3G 1))
(assert (<= sc3H 1))
(assert (= (+ 0
      0
      sc0A
      sc0B
      sc0C
      sc0D
      sc0E
      sc0F
      sc0G
      sc0H
      0
      sc1A
      sc1B
      sc1C
      sc1D
      sc1E
      sc1F
      sc1G
      sc1H
      0
      sc2A
      sc2B
      sc2C
      sc2D
      sc2E
      sc2F
      sc2G
      sc2H
      0
      sc3A
      sc3B
      sc3C
      sc3D
      sc3E
      sc3F
      sc3G
      sc3H)
   5))

None
(declare-fun var0A () String)
(declare-fun var0B () String)
(declare-fun var0C () String)
(declare-fun var0D () String)
(declare-fun var0E () String)
(declare-fun var0F () String)
(declare-fun var0G () String)
(declare-fun var0H () String)
(declare-fun unch20A () String)
(declare-fun ch0A () String)
(declare-fun unch10A () String)
(declare-fun sufA () String)
(declare-fun stem0 () String)
(declare-fun preA () String)
(declare-fun unch20B () String)
(declare-fun ch0B () String)
(declare-fun unch10B () String)
(declare-fun sufB () String)
(declare-fun preB () String)
(declare-fun unch20C () String)
(declare-fun ch0C () String)
(declare-fun unch10C () String)
(declare-fun sufC () String)
(declare-fun preC () String)
(declare-fun unch20D () String)
(declare-fun ch0D () String)
(declare-fun unch10D () String)
(declare-fun sufD () String)
(declare-fun preD () String)
(declare-fun unch20E () String)
(declare-fun ch0E () String)
(declare-fun unch10E () String)
(declare-fun sufE () String)
(declare-fun preE () String)
(declare-fun unch20F () String)
(declare-fun ch0F () String)
(declare-fun unch10F () String)
(declare-fun sufF () String)
(declare-fun preF () String)
(declare-fun unch20G () String)
(declare-fun ch0G () String)
(declare-fun unch10G () String)
(declare-fun sufG () String)
(declare-fun preG () String)
(declare-fun unch20H () String)
(declare-fun ch0H () String)
(declare-fun unch10H () String)
(declare-fun sufH () String)
(declare-fun preH () String)
(declare-fun l0 () Int)
(declare-fun sc0A () Int)
(declare-fun sc0B () Int)
(declare-fun sc0C () Int)
(declare-fun sc0D () Int)
(declare-fun sc0E () Int)
(declare-fun sc0F () Int)
(declare-fun sc0G () Int)
(declare-fun sc0H () Int)
(declare-fun var1A () String)
(declare-fun var1B () String)
(declare-fun var1C () String)
(declare-fun var1D () String)
(declare-fun var1E () String)
(declare-fun var1F () String)
(declare-fun var1G () String)
(declare-fun var1H () String)
(declare-fun unch21A () String)
(declare-fun ch1A () String)
(declare-fun unch11A () String)
(declare-fun stem1 () String)
(declare-fun unch21B () String)
(declare-fun ch1B () String)
(declare-fun unch11B () String)
(declare-fun unch21C () String)
(declare-fun ch1C () String)
(declare-fun unch11C () String)
(declare-fun unch21D () String)
(declare-fun ch1D () String)
(declare-fun unch11D () String)
(declare-fun unch21E () String)
(declare-fun ch1E () String)
(declare-fun unch11E () String)
(declare-fun unch21F () String)
(declare-fun ch1F () String)
(declare-fun unch11F () String)
(declare-fun unch21G () String)
(declare-fun ch1G () String)
(declare-fun unch11G () String)
(declare-fun unch21H () String)
(declare-fun ch1H () String)
(declare-fun unch11H () String)
(declare-fun l1 () Int)
(declare-fun sc1A () Int)
(declare-fun sc1B () Int)
(declare-fun sc1C () Int)
(declare-fun sc1D () Int)
(declare-fun sc1E () Int)
(declare-fun sc1F () Int)
(declare-fun sc1G () Int)
(declare-fun sc1H () Int)
(declare-fun var2A () String)
(declare-fun var2B () String)
(declare-fun var2C () String)
(declare-fun var2D () String)
(declare-fun var2E () String)
(declare-fun var2F () String)
(declare-fun var2G () String)
(declare-fun var2H () String)
(declare-fun unch22A () String)
(declare-fun ch2A () String)
(declare-fun unch12A () String)
(declare-fun stem2 () String)
(declare-fun unch22B () String)
(declare-fun ch2B () String)
(declare-fun unch12B () String)
(declare-fun unch22C () String)
(declare-fun ch2C () String)
(declare-fun unch12C () String)
(declare-fun unch22D () String)
(declare-fun ch2D () String)
(declare-fun unch12D () String)
(declare-fun unch22E () String)
(declare-fun ch2E () String)
(declare-fun unch12E () String)
(declare-fun unch22F () String)
(declare-fun ch2F () String)
(declare-fun unch12F () String)
(declare-fun unch22G () String)
(declare-fun ch2G () String)
(declare-fun unch12G () String)
(declare-fun unch22H () String)
(declare-fun ch2H () String)
(declare-fun unch12H () String)
(declare-fun l2 () Int)
(declare-fun sc2A () Int)
(declare-fun sc2B () Int)
(declare-fun sc2C () Int)
(declare-fun sc2D () Int)
(declare-fun sc2E () Int)
(declare-fun sc2F () Int)
(declare-fun sc2G () Int)
(declare-fun sc2H () Int)
(declare-fun var3A () String)
(declare-fun var3B () String)
(declare-fun var3C () String)
(declare-fun var3D () String)
(declare-fun var3E () String)
(declare-fun var3F () String)
(declare-fun var3G () String)
(declare-fun var3H () String)
(declare-fun unch23A () String)
(declare-fun ch3A () String)
(declare-fun unch13A () String)
(declare-fun stem3 () String)
(declare-fun unch23B () String)
(declare-fun ch3B () String)
(declare-fun unch13B () String)
(declare-fun unch23C () String)
(declare-fun ch3C () String)
(declare-fun unch13C () String)
(declare-fun unch23D () String)
(declare-fun ch3D () String)
(declare-fun unch13D () String)
(declare-fun unch23E () String)
(declare-fun ch3E () String)
(declare-fun unch13E () String)
(declare-fun unch23F () String)
(declare-fun ch3F () String)
(declare-fun unch13F () String)
(declare-fun unch23G () String)
(declare-fun ch3G () String)
(declare-fun unch13G () String)
(declare-fun unch23H () String)
(declare-fun ch3H () String)
(declare-fun unch13H () String)
(declare-fun l3 () Int)
(declare-fun sc3A () Int)
(declare-fun sc3B () Int)
(declare-fun sc3C () Int)
(declare-fun sc3D () Int)
(declare-fun sc3E () Int)
(declare-fun sc3F () Int)
(declare-fun sc3G () Int)
(declare-fun sc3H () Int)
(assert (<= (str.len var0A) 1))
(assert (<= (str.len var0B) 1))
(assert (<= (str.len var0C) 1))
(assert (<= (str.len var0D) 1))
(assert (<= (str.len var0E) 1))
(assert (<= (str.len var0F) 1))
(assert (<= (str.len var0G) 1))
(assert (<= (str.len var0H) 1))
(assert (= (str.++ preA (str.++ stem0 sufA)) (str.++ unch10A (str.++ ch0A unch20A))))
(assert (= (str.++ preB (str.++ stem0 sufB)) (str.++ unch10B (str.++ ch0B unch20B))))
(assert (= (str.++ preC (str.++ stem0 sufC)) (str.++ unch10C (str.++ ch0C unch20C))))
(assert (= (str.++ preD (str.++ stem0 sufD)) (str.++ unch10D (str.++ ch0D unch20D))))
(assert (= (str.++ preE (str.++ stem0 sufE)) (str.++ unch10E (str.++ ch0E unch20E))))
(assert (= (str.++ preF (str.++ stem0 sufF)) (str.++ unch10F (str.++ ch0F unch20F))))
(assert (= (str.++ preG (str.++ stem0 sufG)) (str.++ unch10G (str.++ ch0G unch20G))))
(assert (= (str.++ preH (str.++ stem0 sufH)) (str.++ unch10H (str.++ ch0H unch20H))))
(assert (= "okuOuma" (str.++ unch10A (str.++ var0A unch20A))))
(assert (= "okuOumira" (str.++ unch10B (str.++ var0B unch20B))))
(assert (= "okuOumana" (str.++ unch10C (str.++ var0C unch20C))))
(assert (= "okuOumirana" (str.++ unch10D (str.++ var0D unch20D))))
(assert (= "okumuOXma" (str.++ unch10E (str.++ var0E unch20E))))
(assert (= "okumuOXmira" (str.++ unch10F (str.++ var0F unch20F))))
(assert (= "okuEiOXma" (str.++ unch10G (str.++ var0G unch20G))))
(assert (= "okuEiOXmira" (str.++ unch10H (str.++ var0H unch20H))))
(assert (= (str.len stem0) l0))
(assert (= (ite (= ch0A var0A) 0 1) sc0A))
(assert (= (ite (= ch0B var0B) 0 1) sc0B))
(assert (= (ite (= ch0C var0C) 0 1) sc0C))
(assert (= (ite (= ch0D var0D) 0 1) sc0D))
(assert (= (ite (= ch0E var0E) 0 1) sc0E))
(assert (= (ite (= ch0F var0F) 0 1) sc0F))
(assert (= (ite (= ch0G var0G) 0 1) sc0G))
(assert (= (ite (= ch0H var0H) 0 1) sc0H))
(assert (<= sc0A 1))
(assert (<= sc0B 1))
(assert (<= sc0C 1))
(assert (<= sc0D 1))
(assert (<= sc0E 1))
(assert (<= sc0F 1))
(assert (<= sc0G 1))
(assert (<= sc0H 1))
(assert (<= (str.len var1A) 1))
(assert (<= (str.len var1B) 1))
(assert (<= (str.len var1C) 1))
(assert (<= (str.len var1D) 1))
(assert (<= (str.len var1E) 1))
(assert (<= (str.len var1F) 1))
(assert (<= (str.len var1G) 1))
(assert (<= (str.len var1H) 1))
(assert (= (str.++ preA (str.++ stem1 sufA)) (str.++ unch11A (str.++ ch1A unch21A))))
(assert (= (str.++ preB (str.++ stem1 sufB)) (str.++ unch11B (str.++ ch1B unch21B))))
(assert (= (str.++ preC (str.++ stem1 sufC)) (str.++ unch11C (str.++ ch1C unch21C))))
(assert (= (str.++ preD (str.++ stem1 sufD)) (str.++ unch11D (str.++ ch1D unch21D))))
(assert (= (str.++ preE (str.++ stem1 sufE)) (str.++ unch11E (str.++ ch1E unch21E))))
(assert (= (str.++ preF (str.++ stem1 sufF)) (str.++ unch11F (str.++ ch1F unch21F))))
(assert (= (str.++ preG (str.++ stem1 sufG)) (str.++ unch11G (str.++ ch1G unch21G))))
(assert (= (str.++ preH (str.++ stem1 sufH)) (str.++ unch11H (str.++ ch1H unch21H))))
(assert (= "okusiOa" (str.++ unch11A (str.++ var1A unch21A))))
(assert (= "okusiOira" (str.++ unch11B (str.++ var1B unch21B))))
(assert (= "okusiOana" (str.++ unch11C (str.++ var1C unch21C))))
(assert (= "okusiOirana" (str.++ unch11D (str.++ var1D unch21D))))
(assert (= "okumusZOa" (str.++ unch11E (str.++ var1E unch21E))))
(assert (= "okumusZOira" (str.++ unch11F (str.++ var1F unch21F))))
(assert (= "okuEisZOa" (str.++ unch11G (str.++ var1G unch21G))))
(assert (= "okuEisZOira" (str.++ unch11H (str.++ var1H unch21H))))
(assert (= (str.len stem1) l1))
(assert (= (ite (= ch1A var1A) 0 1) sc1A))
(assert (= (ite (= ch1B var1B) 0 1) sc1B))
(assert (= (ite (= ch1C var1C) 0 1) sc1C))
(assert (= (ite (= ch1D var1D) 0 1) sc1D))
(assert (= (ite (= ch1E var1E) 0 1) sc1E))
(assert (= (ite (= ch1F var1F) 0 1) sc1F))
(assert (= (ite (= ch1G var1G) 0 1) sc1G))
(assert (= (ite (= ch1H var1H) 0 1) sc1H))
(assert (<= sc1A 1))
(assert (<= sc1B 1))
(assert (<= sc1C 1))
(assert (<= sc1D 1))
(assert (<= sc1E 1))
(assert (<= sc1F 1))
(assert (<= sc1G 1))
(assert (<= sc1H 1))
(assert (<= (str.len var2A) 1))
(assert (<= (str.len var2B) 1))
(assert (<= (str.len var2C) 1))
(assert (<= (str.len var2D) 1))
(assert (<= (str.len var2E) 1))
(assert (<= (str.len var2F) 1))
(assert (<= (str.len var2G) 1))
(assert (<= (str.len var2H) 1))
(assert (= (str.++ preA (str.++ stem2 sufA)) (str.++ unch12A (str.++ ch2A unch22A))))
(assert (= (str.++ preB (str.++ stem2 sufB)) (str.++ unch12B (str.++ ch2B unch22B))))
(assert (= (str.++ preC (str.++ stem2 sufC)) (str.++ unch12C (str.++ ch2C unch22C))))
(assert (= (str.++ preD (str.++ stem2 sufD)) (str.++ unch12D (str.++ ch2D unch22D))))
(assert (= (str.++ preE (str.++ stem2 sufE)) (str.++ unch12E (str.++ ch2E unch22E))))
(assert (= (str.++ preF (str.++ stem2 sufF)) (str.++ unch12F (str.++ ch2F unch22F))))
(assert (= (str.++ preG (str.++ stem2 sufG)) (str.++ unch12G (str.++ ch2G unch22G))))
(assert (= (str.++ preH (str.++ stem2 sufH)) (str.++ unch12H (str.++ ch2H unch22H))))
(assert (= "okulXma" (str.++ unch12A (str.++ var2A unch22A))))
(assert (= "okulumZra" (str.++ unch12B (str.++ var2B unch22B))))
(assert (= "okulum1na" (str.++ unch12C (str.++ var2C unch22C))))
(assert (= "okulumZrana" (str.++ unch12D (str.++ var2D unch22D))))
(assert (= (str.len stem2) l2))
(assert (= (ite (= ch2A var2A) 0 1) sc2A))
(assert (= (ite (= ch2B var2B) 0 1) sc2B))
(assert (= (ite (= ch2C var2C) 0 1) sc2C))
(assert (= (ite (= ch2D var2D) 0 1) sc2D))
(assert (= (ite (= ch2E var2E) 0 1) sc2E))
(assert (= (ite (= ch2F var2F) 0 1) sc2F))
(assert (= (ite (= ch2G var2G) 0 1) sc2G))
(assert (= (ite (= ch2H var2H) 0 1) sc2H))
(assert (<= sc2A 1))
(assert (<= sc2B 1))
(assert (<= sc2C 1))
(assert (<= sc2D 1))
(assert (<= sc2E 1))
(assert (<= sc2F 1))
(assert (<= sc2G 1))
(assert (<= sc2H 1))
(assert (<= (str.len var3A) 1))
(assert (<= (str.len var3B) 1))
(assert (<= (str.len var3C) 1))
(assert (<= (str.len var3D) 1))
(assert (<= (str.len var3E) 1))
(assert (<= (str.len var3F) 1))
(assert (<= (str.len var3G) 1))
(assert (<= (str.len var3H) 1))
(assert (= (str.++ preA (str.++ stem3 sufA)) (str.++ unch13A (str.++ ch3A unch23A))))
(assert (= (str.++ preB (str.++ stem3 sufB)) (str.++ unch13B (str.++ ch3B unch23B))))
(assert (= (str.++ preC (str.++ stem3 sufC)) (str.++ unch13C (str.++ ch3C unch23C))))
(assert (= (str.++ preD (str.++ stem3 sufD)) (str.++ unch13D (str.++ ch3D unch23D))))
(assert (= (str.++ preE (str.++ stem3 sufE)) (str.++ unch13E (str.++ ch3E unch23E))))
(assert (= (str.++ preF (str.++ stem3 sufF)) (str.++ unch13F (str.++ ch3F unch23F))))
(assert (= (str.++ preG (str.++ stem3 sufG)) (str.++ unch13G (str.++ ch3G unch23G))))
(assert (= (str.++ preH (str.++ stem3 sufH)) (str.++ unch13H (str.++ ch3H unch23H))))
(assert (= "okukXOa" (str.++ unch13A (str.++ var3A unch23A))))
(assert (= "okukuOZra" (str.++ unch13B (str.++ var3B unch23B))))
(assert (= "okukuO1na" (str.++ unch13C (str.++ var3C unch23C))))
(assert (= "okukuOZrana" (str.++ unch13D (str.++ var3D unch23D))))
(assert (= (str.len stem3) l3))
(assert (= (ite (= ch3A var3A) 0 1) sc3A))
(assert (= (ite (= ch3B var3B) 0 1) sc3B))
(assert (= (ite (= ch3C var3C) 0 1) sc3C))
(assert (= (ite (= ch3D var3D) 0 1) sc3D))
(assert (= (ite (= ch3E var3E) 0 1) sc3E))
(assert (= (ite (= ch3F var3F) 0 1) sc3F))
(assert (= (ite (= ch3G var3G) 0 1) sc3G))
(assert (= (ite (= ch3H var3H) 0 1) sc3H))
(assert (<= sc3A 1))
(assert (<= sc3B 1))
(assert (<= sc3C 1))
(assert (<= sc3D 1))
(assert (<= sc3E 1))
(assert (<= sc3F 1))
(assert (<= sc3G 1))
(assert (<= sc3H 1))
(assert (= (+ 0
      0
      sc0A
      sc0B
      sc0C
      sc0D
      sc0E
      sc0F
      sc0G
      sc0H
      0
      sc1A
      sc1B
      sc1C
      sc1D
      sc1E
      sc1F
      sc1G
      sc1H
      0
      sc2A
      sc2B
      sc2C
      sc2D
      sc2E
      sc2F
      sc2G
      sc2H
      0
      sc3A
      sc3B
      sc3C
      sc3D
      sc3E
      sc3F
      sc3G
      sc3H)
   6))

None
(declare-fun var0A () String)
(declare-fun var0B () String)
(declare-fun var0C () String)
(declare-fun var0D () String)
(declare-fun var0E () String)
(declare-fun var0F () String)
(declare-fun var0G () String)
(declare-fun var0H () String)
(declare-fun unch20A () String)
(declare-fun ch0A () String)
(declare-fun unch10A () String)
(declare-fun sufA () String)
(declare-fun stem0 () String)
(declare-fun preA () String)
(declare-fun unch20B () String)
(declare-fun ch0B () String)
(declare-fun unch10B () String)
(declare-fun sufB () String)
(declare-fun preB () String)
(declare-fun unch20C () String)
(declare-fun ch0C () String)
(declare-fun unch10C () String)
(declare-fun sufC () String)
(declare-fun preC () String)
(declare-fun unch20D () String)
(declare-fun ch0D () String)
(declare-fun unch10D () String)
(declare-fun sufD () String)
(declare-fun preD () String)
(declare-fun unch20E () String)
(declare-fun ch0E () String)
(declare-fun unch10E () String)
(declare-fun sufE () String)
(declare-fun preE () String)
(declare-fun unch20F () String)
(declare-fun ch0F () String)
(declare-fun unch10F () String)
(declare-fun sufF () String)
(declare-fun preF () String)
(declare-fun unch20G () String)
(declare-fun ch0G () String)
(declare-fun unch10G () String)
(declare-fun sufG () String)
(declare-fun preG () String)
(declare-fun unch20H () String)
(declare-fun ch0H () String)
(declare-fun unch10H () String)
(declare-fun sufH () String)
(declare-fun preH () String)
(declare-fun l0 () Int)
(declare-fun sc0A () Int)
(declare-fun sc0B () Int)
(declare-fun sc0C () Int)
(declare-fun sc0D () Int)
(declare-fun sc0E () Int)
(declare-fun sc0F () Int)
(declare-fun sc0G () Int)
(declare-fun sc0H () Int)
(declare-fun var1A () String)
(declare-fun var1B () String)
(declare-fun var1C () String)
(declare-fun var1D () String)
(declare-fun var1E () String)
(declare-fun var1F () String)
(declare-fun var1G () String)
(declare-fun var1H () String)
(declare-fun unch21A () String)
(declare-fun ch1A () String)
(declare-fun unch11A () String)
(declare-fun stem1 () String)
(declare-fun unch21B () String)
(declare-fun ch1B () String)
(declare-fun unch11B () String)
(declare-fun unch21C () String)
(declare-fun ch1C () String)
(declare-fun unch11C () String)
(declare-fun unch21D () String)
(declare-fun ch1D () String)
(declare-fun unch11D () String)
(declare-fun unch21E () String)
(declare-fun ch1E () String)
(declare-fun unch11E () String)
(declare-fun unch21F () String)
(declare-fun ch1F () String)
(declare-fun unch11F () String)
(declare-fun unch21G () String)
(declare-fun ch1G () String)
(declare-fun unch11G () String)
(declare-fun unch21H () String)
(declare-fun ch1H () String)
(declare-fun unch11H () String)
(declare-fun l1 () Int)
(declare-fun sc1A () Int)
(declare-fun sc1B () Int)
(declare-fun sc1C () Int)
(declare-fun sc1D () Int)
(declare-fun sc1E () Int)
(declare-fun sc1F () Int)
(declare-fun sc1G () Int)
(declare-fun sc1H () Int)
(declare-fun var2A () String)
(declare-fun var2B () String)
(declare-fun var2C () String)
(declare-fun var2D () String)
(declare-fun var2E () String)
(declare-fun var2F () String)
(declare-fun var2G () String)
(declare-fun var2H () String)
(declare-fun unch22A () String)
(declare-fun ch2A () String)
(declare-fun unch12A () String)
(declare-fun stem2 () String)
(declare-fun unch22B () String)
(declare-fun ch2B () String)
(declare-fun unch12B () String)
(declare-fun unch22C () String)
(declare-fun ch2C () String)
(declare-fun unch12C () String)
(declare-fun unch22D () String)
(declare-fun ch2D () String)
(declare-fun unch12D () String)
(declare-fun unch22E () String)
(declare-fun ch2E () String)
(declare-fun unch12E () String)
(declare-fun unch22F () String)
(declare-fun ch2F () String)
(declare-fun unch12F () String)
(declare-fun unch22G () String)
(declare-fun ch2G () String)
(declare-fun unch12G () String)
(declare-fun unch22H () String)
(declare-fun ch2H () String)
(declare-fun unch12H () String)
(declare-fun l2 () Int)
(declare-fun sc2A () Int)
(declare-fun sc2B () Int)
(declare-fun sc2C () Int)
(declare-fun sc2D () Int)
(declare-fun sc2E () Int)
(declare-fun sc2F () Int)
(declare-fun sc2G () Int)
(declare-fun sc2H () Int)
(declare-fun var3A () String)
(declare-fun var3B () String)
(declare-fun var3C () String)
(declare-fun var3D () String)
(declare-fun var3E () String)
(declare-fun var3F () String)
(declare-fun var3G () String)
(declare-fun var3H () String)
(declare-fun unch23A () String)
(declare-fun ch3A () String)
(declare-fun unch13A () String)
(declare-fun stem3 () String)
(declare-fun unch23B () String)
(declare-fun ch3B () String)
(declare-fun unch13B () String)
(declare-fun unch23C () String)
(declare-fun ch3C () String)
(declare-fun unch13C () String)
(declare-fun unch23D () String)
(declare-fun ch3D () String)
(declare-fun unch13D () String)
(declare-fun unch23E () String)
(declare-fun ch3E () String)
(declare-fun unch13E () String)
(declare-fun unch23F () String)
(declare-fun ch3F () String)
(declare-fun unch13F () String)
(declare-fun unch23G () String)
(declare-fun ch3G () String)
(declare-fun unch13G () String)
(declare-fun unch23H () String)
(declare-fun ch3H () String)
(declare-fun unch13H () String)
(declare-fun l3 () Int)
(declare-fun sc3A () Int)
(declare-fun sc3B () Int)
(declare-fun sc3C () Int)
(declare-fun sc3D () Int)
(declare-fun sc3E () Int)
(declare-fun sc3F () Int)
(declare-fun sc3G () Int)
(declare-fun sc3H () Int)
(assert (<= (str.len var0A) 1))
(assert (<= (str.len var0B) 1))
(assert (<= (str.len var0C) 1))
(assert (<= (str.len var0D) 1))
(assert (<= (str.len var0E) 1))
(assert (<= (str.len var0F) 1))
(assert (<= (str.len var0G) 1))
(assert (<= (str.len var0H) 1))
(assert (= (str.++ preA (str.++ stem0 sufA)) (str.++ unch10A (str.++ ch0A unch20A))))
(assert (= (str.++ preB (str.++ stem0 sufB)) (str.++ unch10B (str.++ ch0B unch20B))))
(assert (= (str.++ preC (str.++ stem0 sufC)) (str.++ unch10C (str.++ ch0C unch20C))))
(assert (= (str.++ preD (str.++ stem0 sufD)) (str.++ unch10D (str.++ ch0D unch20D))))
(assert (= (str.++ preE (str.++ stem0 sufE)) (str.++ unch10E (str.++ ch0E unch20E))))
(assert (= (str.++ preF (str.++ stem0 sufF)) (str.++ unch10F (str.++ ch0F unch20F))))
(assert (= (str.++ preG (str.++ stem0 sufG)) (str.++ unch10G (str.++ ch0G unch20G))))
(assert (= (str.++ preH (str.++ stem0 sufH)) (str.++ unch10H (str.++ ch0H unch20H))))
(assert (= "okuOuma" (str.++ unch10A (str.++ var0A unch20A))))
(assert (= "okuOumira" (str.++ unch10B (str.++ var0B unch20B))))
(assert (= "okuOumana" (str.++ unch10C (str.++ var0C unch20C))))
(assert (= "okuOumirana" (str.++ unch10D (str.++ var0D unch20D))))
(assert (= "okumuOXma" (str.++ unch10E (str.++ var0E unch20E))))
(assert (= "okumuOXmira" (str.++ unch10F (str.++ var0F unch20F))))
(assert (= "okuEiOXma" (str.++ unch10G (str.++ var0G unch20G))))
(assert (= "okuEiOXmira" (str.++ unch10H (str.++ var0H unch20H))))
(assert (= (str.len stem0) l0))
(assert (= (ite (= ch0A var0A) 0 1) sc0A))
(assert (= (ite (= ch0B var0B) 0 1) sc0B))
(assert (= (ite (= ch0C var0C) 0 1) sc0C))
(assert (= (ite (= ch0D var0D) 0 1) sc0D))
(assert (= (ite (= ch0E var0E) 0 1) sc0E))
(assert (= (ite (= ch0F var0F) 0 1) sc0F))
(assert (= (ite (= ch0G var0G) 0 1) sc0G))
(assert (= (ite (= ch0H var0H) 0 1) sc0H))
(assert (<= sc0A 1))
(assert (<= sc0B 1))
(assert (<= sc0C 1))
(assert (<= sc0D 1))
(assert (<= sc0E 1))
(assert (<= sc0F 1))
(assert (<= sc0G 1))
(assert (<= sc0H 1))
(assert (<= (str.len var1A) 1))
(assert (<= (str.len var1B) 1))
(assert (<= (str.len var1C) 1))
(assert (<= (str.len var1D) 1))
(assert (<= (str.len var1E) 1))
(assert (<= (str.len var1F) 1))
(assert (<= (str.len var1G) 1))
(assert (<= (str.len var1H) 1))
(assert (= (str.++ preA (str.++ stem1 sufA)) (str.++ unch11A (str.++ ch1A unch21A))))
(assert (= (str.++ preB (str.++ stem1 sufB)) (str.++ unch11B (str.++ ch1B unch21B))))
(assert (= (str.++ preC (str.++ stem1 sufC)) (str.++ unch11C (str.++ ch1C unch21C))))
(assert (= (str.++ preD (str.++ stem1 sufD)) (str.++ unch11D (str.++ ch1D unch21D))))
(assert (= (str.++ preE (str.++ stem1 sufE)) (str.++ unch11E (str.++ ch1E unch21E))))
(assert (= (str.++ preF (str.++ stem1 sufF)) (str.++ unch11F (str.++ ch1F unch21F))))
(assert (= (str.++ preG (str.++ stem1 sufG)) (str.++ unch11G (str.++ ch1G unch21G))))
(assert (= (str.++ preH (str.++ stem1 sufH)) (str.++ unch11H (str.++ ch1H unch21H))))
(assert (= "okusiOa" (str.++ unch11A (str.++ var1A unch21A))))
(assert (= "okusiOira" (str.++ unch11B (str.++ var1B unch21B))))
(assert (= "okusiOana" (str.++ unch11C (str.++ var1C unch21C))))
(assert (= "okusiOirana" (str.++ unch11D (str.++ var1D unch21D))))
(assert (= "okumusZOa" (str.++ unch11E (str.++ var1E unch21E))))
(assert (= "okumusZOira" (str.++ unch11F (str.++ var1F unch21F))))
(assert (= "okuEisZOa" (str.++ unch11G (str.++ var1G unch21G))))
(assert (= "okuEisZOira" (str.++ unch11H (str.++ var1H unch21H))))
(assert (= (str.len stem1) l1))
(assert (= (ite (= ch1A var1A) 0 1) sc1A))
(assert (= (ite (= ch1B var1B) 0 1) sc1B))
(assert (= (ite (= ch1C var1C) 0 1) sc1C))
(assert (= (ite (= ch1D var1D) 0 1) sc1D))
(assert (= (ite (= ch1E var1E) 0 1) sc1E))
(assert (= (ite (= ch1F var1F) 0 1) sc1F))
(assert (= (ite (= ch1G var1G) 0 1) sc1G))
(assert (= (ite (= ch1H var1H) 0 1) sc1H))
(assert (<= sc1A 1))
(assert (<= sc1B 1))
(assert (<= sc1C 1))
(assert (<= sc1D 1))
(assert (<= sc1E 1))
(assert (<= sc1F 1))
(assert (<= sc1G 1))
(assert (<= sc1H 1))
(assert (<= (str.len var2A) 1))
(assert (<= (str.len var2B) 1))
(assert (<= (str.len var2C) 1))
(assert (<= (str.len var2D) 1))
(assert (<= (str.len var2E) 1))
(assert (<= (str.len var2F) 1))
(assert (<= (str.len var2G) 1))
(assert (<= (str.len var2H) 1))
(assert (= (str.++ preA (str.++ stem2 sufA)) (str.++ unch12A (str.++ ch2A unch22A))))
(assert (= (str.++ preB (str.++ stem2 sufB)) (str.++ unch12B (str.++ ch2B unch22B))))
(assert (= (str.++ preC (str.++ stem2 sufC)) (str.++ unch12C (str.++ ch2C unch22C))))
(assert (= (str.++ preD (str.++ stem2 sufD)) (str.++ unch12D (str.++ ch2D unch22D))))
(assert (= (str.++ preE (str.++ stem2 sufE)) (str.++ unch12E (str.++ ch2E unch22E))))
(assert (= (str.++ preF (str.++ stem2 sufF)) (str.++ unch12F (str.++ ch2F unch22F))))
(assert (= (str.++ preG (str.++ stem2 sufG)) (str.++ unch12G (str.++ ch2G unch22G))))
(assert (= (str.++ preH (str.++ stem2 sufH)) (str.++ unch12H (str.++ ch2H unch22H))))
(assert (= "okulXma" (str.++ unch12A (str.++ var2A unch22A))))
(assert (= "okulumZra" (str.++ unch12B (str.++ var2B unch22B))))
(assert (= "okulum1na" (str.++ unch12C (str.++ var2C unch22C))))
(assert (= "okulumZrana" (str.++ unch12D (str.++ var2D unch22D))))
(assert (= (str.len stem2) l2))
(assert (= (ite (= ch2A var2A) 0 1) sc2A))
(assert (= (ite (= ch2B var2B) 0 1) sc2B))
(assert (= (ite (= ch2C var2C) 0 1) sc2C))
(assert (= (ite (= ch2D var2D) 0 1) sc2D))
(assert (= (ite (= ch2E var2E) 0 1) sc2E))
(assert (= (ite (= ch2F var2F) 0 1) sc2F))
(assert (= (ite (= ch2G var2G) 0 1) sc2G))
(assert (= (ite (= ch2H var2H) 0 1) sc2H))
(assert (<= sc2A 1))
(assert (<= sc2B 1))
(assert (<= sc2C 1))
(assert (<= sc2D 1))
(assert (<= sc2E 1))
(assert (<= sc2F 1))
(assert (<= sc2G 1))
(assert (<= sc2H 1))
(assert (<= (str.len var3A) 1))
(assert (<= (str.len var3B) 1))
(assert (<= (str.len var3C) 1))
(assert (<= (str.len var3D) 1))
(assert (<= (str.len var3E) 1))
(assert (<= (str.len var3F) 1))
(assert (<= (str.len var3G) 1))
(assert (<= (str.len var3H) 1))
(assert (= (str.++ preA (str.++ stem3 sufA)) (str.++ unch13A (str.++ ch3A unch23A))))
(assert (= (str.++ preB (str.++ stem3 sufB)) (str.++ unch13B (str.++ ch3B unch23B))))
(assert (= (str.++ preC (str.++ stem3 sufC)) (str.++ unch13C (str.++ ch3C unch23C))))
(assert (= (str.++ preD (str.++ stem3 sufD)) (str.++ unch13D (str.++ ch3D unch23D))))
(assert (= (str.++ preE (str.++ stem3 sufE)) (str.++ unch13E (str.++ ch3E unch23E))))
(assert (= (str.++ preF (str.++ stem3 sufF)) (str.++ unch13F (str.++ ch3F unch23F))))
(assert (= (str.++ preG (str.++ stem3 sufG)) (str.++ unch13G (str.++ ch3G unch23G))))
(assert (= (str.++ preH (str.++ stem3 sufH)) (str.++ unch13H (str.++ ch3H unch23H))))
(assert (= "okukXOa" (str.++ unch13A (str.++ var3A unch23A))))
(assert (= "okukuOZra" (str.++ unch13B (str.++ var3B unch23B))))
(assert (= "okukuO1na" (str.++ unch13C (str.++ var3C unch23C))))
(assert (= "okukuOZrana" (str.++ unch13D (str.++ var3D unch23D))))
(assert (= (str.len stem3) l3))
(assert (= (ite (= ch3A var3A) 0 1) sc3A))
(assert (= (ite (= ch3B var3B) 0 1) sc3B))
(assert (= (ite (= ch3C var3C) 0 1) sc3C))
(assert (= (ite (= ch3D var3D) 0 1) sc3D))
(assert (= (ite (= ch3E var3E) 0 1) sc3E))
(assert (= (ite (= ch3F var3F) 0 1) sc3F))
(assert (= (ite (= ch3G var3G) 0 1) sc3G))
(assert (= (ite (= ch3H var3H) 0 1) sc3H))
(assert (<= sc3A 1))
(assert (<= sc3B 1))
(assert (<= sc3C 1))
(assert (<= sc3D 1))
(assert (<= sc3E 1))
(assert (<= sc3F 1))
(assert (<= sc3G 1))
(assert (<= sc3H 1))
(assert (= (+ 0
      0
      sc0A
      sc0B
      sc0C
      sc0D
      sc0E
      sc0F
      sc0G
      sc0H
      0
      sc1A
      sc1B
      sc1C
      sc1D
      sc1E
      sc1F
      sc1G
      sc1H
      0
      sc2A
      sc2B
      sc2C
      sc2D
      sc2E
      sc2F
      sc2G
      sc2H
      0
      sc3A
      sc3B
      sc3C
      sc3D
      sc3E
      sc3F
      sc3G
      sc3H)
   7))

None
(declare-fun var0A () String)
(declare-fun var0B () String)
(declare-fun var0C () String)
(declare-fun var0D () String)
(declare-fun var0E () String)
(declare-fun var0F () String)
(declare-fun var0G () String)
(declare-fun var0H () String)
(declare-fun unch20A () String)
(declare-fun ch0A () String)
(declare-fun unch10A () String)
(declare-fun sufA () String)
(declare-fun stem0 () String)
(declare-fun preA () String)
(declare-fun unch20B () String)
(declare-fun ch0B () String)
(declare-fun unch10B () String)
(declare-fun sufB () String)
(declare-fun preB () String)
(declare-fun unch20C () String)
(declare-fun ch0C () String)
(declare-fun unch10C () String)
(declare-fun sufC () String)
(declare-fun preC () String)
(declare-fun unch20D () String)
(declare-fun ch0D () String)
(declare-fun unch10D () String)
(declare-fun sufD () String)
(declare-fun preD () String)
(declare-fun unch20E () String)
(declare-fun ch0E () String)
(declare-fun unch10E () String)
(declare-fun sufE () String)
(declare-fun preE () String)
(declare-fun unch20F () String)
(declare-fun ch0F () String)
(declare-fun unch10F () String)
(declare-fun sufF () String)
(declare-fun preF () String)
(declare-fun unch20G () String)
(declare-fun ch0G () String)
(declare-fun unch10G () String)
(declare-fun sufG () String)
(declare-fun preG () String)
(declare-fun unch20H () String)
(declare-fun ch0H () String)
(declare-fun unch10H () String)
(declare-fun sufH () String)
(declare-fun preH () String)
(declare-fun l0 () Int)
(declare-fun sc0A () Int)
(declare-fun sc0B () Int)
(declare-fun sc0C () Int)
(declare-fun sc0D () Int)
(declare-fun sc0E () Int)
(declare-fun sc0F () Int)
(declare-fun sc0G () Int)
(declare-fun sc0H () Int)
(declare-fun var1A () String)
(declare-fun var1B () String)
(declare-fun var1C () String)
(declare-fun var1D () String)
(declare-fun var1E () String)
(declare-fun var1F () String)
(declare-fun var1G () String)
(declare-fun var1H () String)
(declare-fun unch21A () String)
(declare-fun ch1A () String)
(declare-fun unch11A () String)
(declare-fun stem1 () String)
(declare-fun unch21B () String)
(declare-fun ch1B () String)
(declare-fun unch11B () String)
(declare-fun unch21C () String)
(declare-fun ch1C () String)
(declare-fun unch11C () String)
(declare-fun unch21D () String)
(declare-fun ch1D () String)
(declare-fun unch11D () String)
(declare-fun unch21E () String)
(declare-fun ch1E () String)
(declare-fun unch11E () String)
(declare-fun unch21F () String)
(declare-fun ch1F () String)
(declare-fun unch11F () String)
(declare-fun unch21G () String)
(declare-fun ch1G () String)
(declare-fun unch11G () String)
(declare-fun unch21H () String)
(declare-fun ch1H () String)
(declare-fun unch11H () String)
(declare-fun l1 () Int)
(declare-fun sc1A () Int)
(declare-fun sc1B () Int)
(declare-fun sc1C () Int)
(declare-fun sc1D () Int)
(declare-fun sc1E () Int)
(declare-fun sc1F () Int)
(declare-fun sc1G () Int)
(declare-fun sc1H () Int)
(declare-fun var2A () String)
(declare-fun var2B () String)
(declare-fun var2C () String)
(declare-fun var2D () String)
(declare-fun var2E () String)
(declare-fun var2F () String)
(declare-fun var2G () String)
(declare-fun var2H () String)
(declare-fun unch22A () String)
(declare-fun ch2A () String)
(declare-fun unch12A () String)
(declare-fun stem2 () String)
(declare-fun unch22B () String)
(declare-fun ch2B () String)
(declare-fun unch12B () String)
(declare-fun unch22C () String)
(declare-fun ch2C () String)
(declare-fun unch12C () String)
(declare-fun unch22D () String)
(declare-fun ch2D () String)
(declare-fun unch12D () String)
(declare-fun unch22E () String)
(declare-fun ch2E () String)
(declare-fun unch12E () String)
(declare-fun unch22F () String)
(declare-fun ch2F () String)
(declare-fun unch12F () String)
(declare-fun unch22G () String)
(declare-fun ch2G () String)
(declare-fun unch12G () String)
(declare-fun unch22H () String)
(declare-fun ch2H () String)
(declare-fun unch12H () String)
(declare-fun l2 () Int)
(declare-fun sc2A () Int)
(declare-fun sc2B () Int)
(declare-fun sc2C () Int)
(declare-fun sc2D () Int)
(declare-fun sc2E () Int)
(declare-fun sc2F () Int)
(declare-fun sc2G () Int)
(declare-fun sc2H () Int)
(declare-fun var3A () String)
(declare-fun var3B () String)
(declare-fun var3C () String)
(declare-fun var3D () String)
(declare-fun var3E () String)
(declare-fun var3F () String)
(declare-fun var3G () String)
(declare-fun var3H () String)
(declare-fun unch23A () String)
(declare-fun ch3A () String)
(declare-fun unch13A () String)
(declare-fun stem3 () String)
(declare-fun unch23B () String)
(declare-fun ch3B () String)
(declare-fun unch13B () String)
(declare-fun unch23C () String)
(declare-fun ch3C () String)
(declare-fun unch13C () String)
(declare-fun unch23D () String)
(declare-fun ch3D () String)
(declare-fun unch13D () String)
(declare-fun unch23E () String)
(declare-fun ch3E () String)
(declare-fun unch13E () String)
(declare-fun unch23F () String)
(declare-fun ch3F () String)
(declare-fun unch13F () String)
(declare-fun unch23G () String)
(declare-fun ch3G () String)
(declare-fun unch13G () String)
(declare-fun unch23H () String)
(declare-fun ch3H () String)
(declare-fun unch13H () String)
(declare-fun l3 () Int)
(declare-fun sc3A () Int)
(declare-fun sc3B () Int)
(declare-fun sc3C () Int)
(declare-fun sc3D () Int)
(declare-fun sc3E () Int)
(declare-fun sc3F () Int)
(declare-fun sc3G () Int)
(declare-fun sc3H () Int)
(assert (<= (str.len var0A) 1))
(assert (<= (str.len var0B) 1))
(assert (<= (str.len var0C) 1))
(assert (<= (str.len var0D) 1))
(assert (<= (str.len var0E) 1))
(assert (<= (str.len var0F) 1))
(assert (<= (str.len var0G) 1))
(assert (<= (str.len var0H) 1))
(assert (= (str.++ preA (str.++ stem0 sufA)) (str.++ unch10A (str.++ ch0A unch20A))))
(assert (= (str.++ preB (str.++ stem0 sufB)) (str.++ unch10B (str.++ ch0B unch20B))))
(assert (= (str.++ preC (str.++ stem0 sufC)) (str.++ unch10C (str.++ ch0C unch20C))))
(assert (= (str.++ preD (str.++ stem0 sufD)) (str.++ unch10D (str.++ ch0D unch20D))))
(assert (= (str.++ preE (str.++ stem0 sufE)) (str.++ unch10E (str.++ ch0E unch20E))))
(assert (= (str.++ preF (str.++ stem0 sufF)) (str.++ unch10F (str.++ ch0F unch20F))))
(assert (= (str.++ preG (str.++ stem0 sufG)) (str.++ unch10G (str.++ ch0G unch20G))))
(assert (= (str.++ preH (str.++ stem0 sufH)) (str.++ unch10H (str.++ ch0H unch20H))))
(assert (= "okuOuma" (str.++ unch10A (str.++ var0A unch20A))))
(assert (= "okuOumira" (str.++ unch10B (str.++ var0B unch20B))))
(assert (= "okuOumana" (str.++ unch10C (str.++ var0C unch20C))))
(assert (= "okuOumirana" (str.++ unch10D (str.++ var0D unch20D))))
(assert (= "okumuOXma" (str.++ unch10E (str.++ var0E unch20E))))
(assert (= "okumuOXmira" (str.++ unch10F (str.++ var0F unch20F))))
(assert (= "okuEiOXma" (str.++ unch10G (str.++ var0G unch20G))))
(assert (= "okuEiOXmira" (str.++ unch10H (str.++ var0H unch20H))))
(assert (= (str.len stem0) l0))
(assert (= (ite (= ch0A var0A) 0 1) sc0A))
(assert (= (ite (= ch0B var0B) 0 1) sc0B))
(assert (= (ite (= ch0C var0C) 0 1) sc0C))
(assert (= (ite (= ch0D var0D) 0 1) sc0D))
(assert (= (ite (= ch0E var0E) 0 1) sc0E))
(assert (= (ite (= ch0F var0F) 0 1) sc0F))
(assert (= (ite (= ch0G var0G) 0 1) sc0G))
(assert (= (ite (= ch0H var0H) 0 1) sc0H))
(assert (<= sc0A 1))
(assert (<= sc0B 1))
(assert (<= sc0C 1))
(assert (<= sc0D 1))
(assert (<= sc0E 1))
(assert (<= sc0F 1))
(assert (<= sc0G 1))
(assert (<= sc0H 1))
(assert (<= (str.len var1A) 1))
(assert (<= (str.len var1B) 1))
(assert (<= (str.len var1C) 1))
(assert (<= (str.len var1D) 1))
(assert (<= (str.len var1E) 1))
(assert (<= (str.len var1F) 1))
(assert (<= (str.len var1G) 1))
(assert (<= (str.len var1H) 1))
(assert (= (str.++ preA (str.++ stem1 sufA)) (str.++ unch11A (str.++ ch1A unch21A))))
(assert (= (str.++ preB (str.++ stem1 sufB)) (str.++ unch11B (str.++ ch1B unch21B))))
(assert (= (str.++ preC (str.++ stem1 sufC)) (str.++ unch11C (str.++ ch1C unch21C))))
(assert (= (str.++ preD (str.++ stem1 sufD)) (str.++ unch11D (str.++ ch1D unch21D))))
(assert (= (str.++ preE (str.++ stem1 sufE)) (str.++ unch11E (str.++ ch1E unch21E))))
(assert (= (str.++ preF (str.++ stem1 sufF)) (str.++ unch11F (str.++ ch1F unch21F))))
(assert (= (str.++ preG (str.++ stem1 sufG)) (str.++ unch11G (str.++ ch1G unch21G))))
(assert (= (str.++ preH (str.++ stem1 sufH)) (str.++ unch11H (str.++ ch1H unch21H))))
(assert (= "okusiOa" (str.++ unch11A (str.++ var1A unch21A))))
(assert (= "okusiOira" (str.++ unch11B (str.++ var1B unch21B))))
(assert (= "okusiOana" (str.++ unch11C (str.++ var1C unch21C))))
(assert (= "okusiOirana" (str.++ unch11D (str.++ var1D unch21D))))
(assert (= "okumusZOa" (str.++ unch11E (str.++ var1E unch21E))))
(assert (= "okumusZOira" (str.++ unch11F (str.++ var1F unch21F))))
(assert (= "okuEisZOa" (str.++ unch11G (str.++ var1G unch21G))))
(assert (= "okuEisZOira" (str.++ unch11H (str.++ var1H unch21H))))
(assert (= (str.len stem1) l1))
(assert (= (ite (= ch1A var1A) 0 1) sc1A))
(assert (= (ite (= ch1B var1B) 0 1) sc1B))
(assert (= (ite (= ch1C var1C) 0 1) sc1C))
(assert (= (ite (= ch1D var1D) 0 1) sc1D))
(assert (= (ite (= ch1E var1E) 0 1) sc1E))
(assert (= (ite (= ch1F var1F) 0 1) sc1F))
(assert (= (ite (= ch1G var1G) 0 1) sc1G))
(assert (= (ite (= ch1H var1H) 0 1) sc1H))
(assert (<= sc1A 1))
(assert (<= sc1B 1))
(assert (<= sc1C 1))
(assert (<= sc1D 1))
(assert (<= sc1E 1))
(assert (<= sc1F 1))
(assert (<= sc1G 1))
(assert (<= sc1H 1))
(assert (<= (str.len var2A) 1))
(assert (<= (str.len var2B) 1))
(assert (<= (str.len var2C) 1))
(assert (<= (str.len var2D) 1))
(assert (<= (str.len var2E) 1))
(assert (<= (str.len var2F) 1))
(assert (<= (str.len var2G) 1))
(assert (<= (str.len var2H) 1))
(assert (= (str.++ preA (str.++ stem2 sufA)) (str.++ unch12A (str.++ ch2A unch22A))))
(assert (= (str.++ preB (str.++ stem2 sufB)) (str.++ unch12B (str.++ ch2B unch22B))))
(assert (= (str.++ preC (str.++ stem2 sufC)) (str.++ unch12C (str.++ ch2C unch22C))))
(assert (= (str.++ preD (str.++ stem2 sufD)) (str.++ unch12D (str.++ ch2D unch22D))))
(assert (= (str.++ preE (str.++ stem2 sufE)) (str.++ unch12E (str.++ ch2E unch22E))))
(assert (= (str.++ preF (str.++ stem2 sufF)) (str.++ unch12F (str.++ ch2F unch22F))))
(assert (= (str.++ preG (str.++ stem2 sufG)) (str.++ unch12G (str.++ ch2G unch22G))))
(assert (= (str.++ preH (str.++ stem2 sufH)) (str.++ unch12H (str.++ ch2H unch22H))))
(assert (= "okulXma" (str.++ unch12A (str.++ var2A unch22A))))
(assert (= "okulumZra" (str.++ unch12B (str.++ var2B unch22B))))
(assert (= "okulum1na" (str.++ unch12C (str.++ var2C unch22C))))
(assert (= "okulumZrana" (str.++ unch12D (str.++ var2D unch22D))))
(assert (= (str.len stem2) l2))
(assert (= (ite (= ch2A var2A) 0 1) sc2A))
(assert (= (ite (= ch2B var2B) 0 1) sc2B))
(assert (= (ite (= ch2C var2C) 0 1) sc2C))
(assert (= (ite (= ch2D var2D) 0 1) sc2D))
(assert (= (ite (= ch2E var2E) 0 1) sc2E))
(assert (= (ite (= ch2F var2F) 0 1) sc2F))
(assert (= (ite (= ch2G var2G) 0 1) sc2G))
(assert (= (ite (= ch2H var2H) 0 1) sc2H))
(assert (<= sc2A 1))
(assert (<= sc2B 1))
(assert (<= sc2C 1))
(assert (<= sc2D 1))
(assert (<= sc2E 1))
(assert (<= sc2F 1))
(assert (<= sc2G 1))
(assert (<= sc2H 1))
(assert (<= (str.len var3A) 1))
(assert (<= (str.len var3B) 1))
(assert (<= (str.len var3C) 1))
(assert (<= (str.len var3D) 1))
(assert (<= (str.len var3E) 1))
(assert (<= (str.len var3F) 1))
(assert (<= (str.len var3G) 1))
(assert (<= (str.len var3H) 1))
(assert (= (str.++ preA (str.++ stem3 sufA)) (str.++ unch13A (str.++ ch3A unch23A))))
(assert (= (str.++ preB (str.++ stem3 sufB)) (str.++ unch13B (str.++ ch3B unch23B))))
(assert (= (str.++ preC (str.++ stem3 sufC)) (str.++ unch13C (str.++ ch3C unch23C))))
(assert (= (str.++ preD (str.++ stem3 sufD)) (str.++ unch13D (str.++ ch3D unch23D))))
(assert (= (str.++ preE (str.++ stem3 sufE)) (str.++ unch13E (str.++ ch3E unch23E))))
(assert (= (str.++ preF (str.++ stem3 sufF)) (str.++ unch13F (str.++ ch3F unch23F))))
(assert (= (str.++ preG (str.++ stem3 sufG)) (str.++ unch13G (str.++ ch3G unch23G))))
(assert (= (str.++ preH (str.++ stem3 sufH)) (str.++ unch13H (str.++ ch3H unch23H))))
(assert (= "okukXOa" (str.++ unch13A (str.++ var3A unch23A))))
(assert (= "okukuOZra" (str.++ unch13B (str.++ var3B unch23B))))
(assert (= "okukuO1na" (str.++ unch13C (str.++ var3C unch23C))))
(assert (= "okukuOZrana" (str.++ unch13D (str.++ var3D unch23D))))
(assert (= (str.len stem3) l3))
(assert (= (ite (= ch3A var3A) 0 1) sc3A))
(assert (= (ite (= ch3B var3B) 0 1) sc3B))
(assert (= (ite (= ch3C var3C) 0 1) sc3C))
(assert (= (ite (= ch3D var3D) 0 1) sc3D))
(assert (= (ite (= ch3E var3E) 0 1) sc3E))
(assert (= (ite (= ch3F var3F) 0 1) sc3F))
(assert (= (ite (= ch3G var3G) 0 1) sc3G))
(assert (= (ite (= ch3H var3H) 0 1) sc3H))
(assert (<= sc3A 1))
(assert (<= sc3B 1))
(assert (<= sc3C 1))
(assert (<= sc3D 1))
(assert (<= sc3E 1))
(assert (<= sc3F 1))
(assert (<= sc3G 1))
(assert (<= sc3H 1))
(assert (= (+ 0
      0
      sc0A
      sc0B
      sc0C
      sc0D
      sc0E
      sc0F
      sc0G
      sc0H
      0
      sc1A
      sc1B
      sc1C
      sc1D
      sc1E
      sc1F
      sc1G
      sc1H
      0
      sc2A
      sc2B
      sc2C
      sc2D
      sc2E
      sc2F
      sc2G
      sc2H
      0
      sc3A
      sc3B
      sc3C
      sc3D
      sc3E
      sc3F
      sc3G
      sc3H)
   8))
