[['apahʧá', 'amapahʧá'], ['asikʧí', 'amasikʧí'], ['ilkanó', 'amilkanó'], ['ifá', 'amifá'], ['aːpó', 'amaːpó'], ['iskí', 'amiskí'], ['paʧokkö́ka', 'ampaʧokkö́ka'], ['towá', 'antowá'], ['kastó', 'aŋkastó'], ['bajáːna', 'ambajáːna'], ['táːta', 'antáːta'], ['ʧofkoní', 'añʧofkoní'], ['kitiłká', 'aŋkitiłká'], ['toní', 'antoní']]
apahʧá  >  ['a', 'p', 'a', 'h', 'E', 'O'] {'ø': 'A', 'ʃ': 'B', 'ɯ': 'C', 'ʤ': 'D', 'ʧ': 'E', 'ː': 'F', 'ɛ': 'G', 'ə': 'H', 'ɑ': 'I', 'œ': 'J', 'ŋ': 'K', 'ʋ': 'L', 'ʌ': 'M', 'ʊ': 'N', 'ʦ': 'P', 'æ': 'Q', 'ʣ': 'R', 'ʈ': 'S', 'ɖ': 'T', 'ʒ': 'U', 'ɱ': 'V', 'ɩ': 'W', 'ɲ': 'Y', 'ɡ': 'g', 'á': 'O'}
amapahʧá  >  ['a', 'm', 'a', 'p', 'a', 'h', 'E', 'O'] {'ø': 'A', 'ʃ': 'B', 'ɯ': 'C', 'ʤ': 'D', 'ʧ': 'E', 'ː': 'F', 'ɛ': 'G', 'ə': 'H', 'ɑ': 'I', 'œ': 'J', 'ŋ': 'K', 'ʋ': 'L', 'ʌ': 'M', 'ʊ': 'N', 'ʦ': 'P', 'æ': 'Q', 'ʣ': 'R', 'ʈ': 'S', 'ɖ': 'T', 'ʒ': 'U', 'ɱ': 'V', 'ɩ': 'W', 'ɲ': 'Y', 'ɡ': 'g', 'á': 'O'}
asikʧí  >  ['a', 's', 'i', 'k', 'E', 'X'] {'ø': 'A', 'ʃ': 'B', 'ɯ': 'C', 'ʤ': 'D', 'ʧ': 'E', 'ː': 'F', 'ɛ': 'G', 'ə': 'H', 'ɑ': 'I', 'œ': 'J', 'ŋ': 'K', 'ʋ': 'L', 'ʌ': 'M', 'ʊ': 'N', 'ʦ': 'P', 'æ': 'Q', 'ʣ': 'R', 'ʈ': 'S', 'ɖ': 'T', 'ʒ': 'U', 'ɱ': 'V', 'ɩ': 'W', 'ɲ': 'Y', 'ɡ': 'g', 'á': 'O', 'í': 'X'}
amasikʧí  >  ['a', 'm', 'a', 's', 'i', 'k', 'E', 'X'] {'ø': 'A', 'ʃ': 'B', 'ɯ': 'C', 'ʤ': 'D', 'ʧ': 'E', 'ː': 'F', 'ɛ': 'G', 'ə': 'H', 'ɑ': 'I', 'œ': 'J', 'ŋ': 'K', 'ʋ': 'L', 'ʌ': 'M', 'ʊ': 'N', 'ʦ': 'P', 'æ': 'Q', 'ʣ': 'R', 'ʈ': 'S', 'ɖ': 'T', 'ʒ': 'U', 'ɱ': 'V', 'ɩ': 'W', 'ɲ': 'Y', 'ɡ': 'g', 'á': 'O', 'í': 'X'}
ilkanó  >  ['i', 'l', 'k', 'a', 'n', 'Z'] {'ø': 'A', 'ʃ': 'B', 'ɯ': 'C', 'ʤ': 'D', 'ʧ': 'E', 'ː': 'F', 'ɛ': 'G', 'ə': 'H', 'ɑ': 'I', 'œ': 'J', 'ŋ': 'K', 'ʋ': 'L', 'ʌ': 'M', 'ʊ': 'N', 'ʦ': 'P', 'æ': 'Q', 'ʣ': 'R', 'ʈ': 'S', 'ɖ': 'T', 'ʒ': 'U', 'ɱ': 'V', 'ɩ': 'W', 'ɲ': 'Y', 'ɡ': 'g', 'á': 'O', 'í': 'X', 'ó': 'Z'}
amilkanó  >  ['a', 'm', 'i', 'l', 'k', 'a', 'n', 'Z'] {'ø': 'A', 'ʃ': 'B', 'ɯ': 'C', 'ʤ': 'D', 'ʧ': 'E', 'ː': 'F', 'ɛ': 'G', 'ə': 'H', 'ɑ': 'I', 'œ': 'J', 'ŋ': 'K', 'ʋ': 'L', 'ʌ': 'M', 'ʊ': 'N', 'ʦ': 'P', 'æ': 'Q', 'ʣ': 'R', 'ʈ': 'S', 'ɖ': 'T', 'ʒ': 'U', 'ɱ': 'V', 'ɩ': 'W', 'ɲ': 'Y', 'ɡ': 'g', 'á': 'O', 'í': 'X', 'ó': 'Z'}
ifá  >  ['i', 'f', 'O'] {'ø': 'A', 'ʃ': 'B', 'ɯ': 'C', 'ʤ': 'D', 'ʧ': 'E', 'ː': 'F', 'ɛ': 'G', 'ə': 'H', 'ɑ': 'I', 'œ': 'J', 'ŋ': 'K', 'ʋ': 'L', 'ʌ': 'M', 'ʊ': 'N', 'ʦ': 'P', 'æ': 'Q', 'ʣ': 'R', 'ʈ': 'S', 'ɖ': 'T', 'ʒ': 'U', 'ɱ': 'V', 'ɩ': 'W', 'ɲ': 'Y', 'ɡ': 'g', 'á': 'O', 'í': 'X', 'ó': 'Z'}
amifá  >  ['a', 'm', 'i', 'f', 'O'] {'ø': 'A', 'ʃ': 'B', 'ɯ': 'C', 'ʤ': 'D', 'ʧ': 'E', 'ː': 'F', 'ɛ': 'G', 'ə': 'H', 'ɑ': 'I', 'œ': 'J', 'ŋ': 'K', 'ʋ': 'L', 'ʌ': 'M', 'ʊ': 'N', 'ʦ': 'P', 'æ': 'Q', 'ʣ': 'R', 'ʈ': 'S', 'ɖ': 'T', 'ʒ': 'U', 'ɱ': 'V', 'ɩ': 'W', 'ɲ': 'Y', 'ɡ': 'g', 'á': 'O', 'í': 'X', 'ó': 'Z'}
aːpó  >  ['1', 'p', 'Z'] {'ø': 'A', 'ʃ': 'B', 'ɯ': 'C', 'ʤ': 'D', 'ʧ': 'E', 'ː': 'F', 'ɛ': 'G', 'ə': 'H', 'ɑ': 'I', 'œ': 'J', 'ŋ': 'K', 'ʋ': 'L', 'ʌ': 'M', 'ʊ': 'N', 'ʦ': 'P', 'æ': 'Q', 'ʣ': 'R', 'ʈ': 'S', 'ɖ': 'T', 'ʒ': 'U', 'ɱ': 'V', 'ɩ': 'W', 'ɲ': 'Y', 'ɡ': 'g', 'á': 'O', 'í': 'X', 'ó': 'Z', 'aː': '1'}
amaːpó  >  ['a', 'm', '1', 'p', 'Z'] {'ø': 'A', 'ʃ': 'B', 'ɯ': 'C', 'ʤ': 'D', 'ʧ': 'E', 'ː': 'F', 'ɛ': 'G', 'ə': 'H', 'ɑ': 'I', 'œ': 'J', 'ŋ': 'K', 'ʋ': 'L', 'ʌ': 'M', 'ʊ': 'N', 'ʦ': 'P', 'æ': 'Q', 'ʣ': 'R', 'ʈ': 'S', 'ɖ': 'T', 'ʒ': 'U', 'ɱ': 'V', 'ɩ': 'W', 'ɲ': 'Y', 'ɡ': 'g', 'á': 'O', 'í': 'X', 'ó': 'Z', 'aː': '1'}
iskí  >  ['i', 's', 'k', 'X'] {'ø': 'A', 'ʃ': 'B', 'ɯ': 'C', 'ʤ': 'D', 'ʧ': 'E', 'ː': 'F', 'ɛ': 'G', 'ə': 'H', 'ɑ': 'I', 'œ': 'J', 'ŋ': 'K', 'ʋ': 'L', 'ʌ': 'M', 'ʊ': 'N', 'ʦ': 'P', 'æ': 'Q', 'ʣ': 'R', 'ʈ': 'S', 'ɖ': 'T', 'ʒ': 'U', 'ɱ': 'V', 'ɩ': 'W', 'ɲ': 'Y', 'ɡ': 'g', 'á': 'O', 'í': 'X', 'ó': 'Z', 'aː': '1'}
amiskí  >  ['a', 'm', 'i', 's', 'k', 'X'] {'ø': 'A', 'ʃ': 'B', 'ɯ': 'C', 'ʤ': 'D', 'ʧ': 'E', 'ː': 'F', 'ɛ': 'G', 'ə': 'H', 'ɑ': 'I', 'œ': 'J', 'ŋ': 'K', 'ʋ': 'L', 'ʌ': 'M', 'ʊ': 'N', 'ʦ': 'P', 'æ': 'Q', 'ʣ': 'R', 'ʈ': 'S', 'ɖ': 'T', 'ʒ': 'U', 'ɱ': 'V', 'ɩ': 'W', 'ɲ': 'Y', 'ɡ': 'g', 'á': 'O', 'í': 'X', 'ó': 'Z', 'aː': '1'}
paʧokkö́ka  >  ['p', 'a', 'E', 'o', 'k', 'k', '3', 'k', 'a'] {'ø': 'A', 'ʃ': 'B', 'ɯ': 'C', 'ʤ': 'D', 'ʧ': 'E', 'ː': 'F', 'ɛ': 'G', 'ə': 'H', 'ɑ': 'I', 'œ': 'J', 'ŋ': 'K', 'ʋ': 'L', 'ʌ': 'M', 'ʊ': 'N', 'ʦ': 'P', 'æ': 'Q', 'ʣ': 'R', 'ʈ': 'S', 'ɖ': 'T', 'ʒ': 'U', 'ɱ': 'V', 'ɩ': 'W', 'ɲ': 'Y', 'ɡ': 'g', 'á': 'O', 'í': 'X', 'ó': 'Z', 'aː': '1', 'ö': '2', 'ö́': '3'}
ampaʧokkö́ka  >  ['a', 'm', 'p', 'a', 'E', 'o', 'k', 'k', '3', 'k', 'a'] {'ø': 'A', 'ʃ': 'B', 'ɯ': 'C', 'ʤ': 'D', 'ʧ': 'E', 'ː': 'F', 'ɛ': 'G', 'ə': 'H', 'ɑ': 'I', 'œ': 'J', 'ŋ': 'K', 'ʋ': 'L', 'ʌ': 'M', 'ʊ': 'N', 'ʦ': 'P', 'æ': 'Q', 'ʣ': 'R', 'ʈ': 'S', 'ɖ': 'T', 'ʒ': 'U', 'ɱ': 'V', 'ɩ': 'W', 'ɲ': 'Y', 'ɡ': 'g', 'á': 'O', 'í': 'X', 'ó': 'Z', 'aː': '1', 'ö': '2', 'ö́': '3'}
towá  >  ['t', 'o', 'w', 'O'] {'ø': 'A', 'ʃ': 'B', 'ɯ': 'C', 'ʤ': 'D', 'ʧ': 'E', 'ː': 'F', 'ɛ': 'G', 'ə': 'H', 'ɑ': 'I', 'œ': 'J', 'ŋ': 'K', 'ʋ': 'L', 'ʌ': 'M', 'ʊ': 'N', 'ʦ': 'P', 'æ': 'Q', 'ʣ': 'R', 'ʈ': 'S', 'ɖ': 'T', 'ʒ': 'U', 'ɱ': 'V', 'ɩ': 'W', 'ɲ': 'Y', 'ɡ': 'g', 'á': 'O', 'í': 'X', 'ó': 'Z', 'aː': '1', 'ö': '2', 'ö́': '3'}
antowá  >  ['a', 'n', 't', 'o', 'w', 'O'] {'ø': 'A', 'ʃ': 'B', 'ɯ': 'C', 'ʤ': 'D', 'ʧ': 'E', 'ː': 'F', 'ɛ': 'G', 'ə': 'H', 'ɑ': 'I', 'œ': 'J', 'ŋ': 'K', 'ʋ': 'L', 'ʌ': 'M', 'ʊ': 'N', 'ʦ': 'P', 'æ': 'Q', 'ʣ': 'R', 'ʈ': 'S', 'ɖ': 'T', 'ʒ': 'U', 'ɱ': 'V', 'ɩ': 'W', 'ɲ': 'Y', 'ɡ': 'g', 'á': 'O', 'í': 'X', 'ó': 'Z', 'aː': '1', 'ö': '2', 'ö́': '3'}
kastó  >  ['k', 'a', 's', 't', 'Z'] {'ø': 'A', 'ʃ': 'B', 'ɯ': 'C', 'ʤ': 'D', 'ʧ': 'E', 'ː': 'F', 'ɛ': 'G', 'ə': 'H', 'ɑ': 'I', 'œ': 'J', 'ŋ': 'K', 'ʋ': 'L', 'ʌ': 'M', 'ʊ': 'N', 'ʦ': 'P', 'æ': 'Q', 'ʣ': 'R', 'ʈ': 'S', 'ɖ': 'T', 'ʒ': 'U', 'ɱ': 'V', 'ɩ': 'W', 'ɲ': 'Y', 'ɡ': 'g', 'á': 'O', 'í': 'X', 'ó': 'Z', 'aː': '1', 'ö': '2', 'ö́': '3'}
aŋkastó  >  ['a', 'K', 'k', 'a', 's', 't', 'Z'] {'ø': 'A', 'ʃ': 'B', 'ɯ': 'C', 'ʤ': 'D', 'ʧ': 'E', 'ː': 'F', 'ɛ': 'G', 'ə': 'H', 'ɑ': 'I', 'œ': 'J', 'ŋ': 'K', 'ʋ': 'L', 'ʌ': 'M', 'ʊ': 'N', 'ʦ': 'P', 'æ': 'Q', 'ʣ': 'R', 'ʈ': 'S', 'ɖ': 'T', 'ʒ': 'U', 'ɱ': 'V', 'ɩ': 'W', 'ɲ': 'Y', 'ɡ': 'g', 'á': 'O', 'í': 'X', 'ó': 'Z', 'aː': '1', 'ö': '2', 'ö́': '3'}
bajáːna  >  ['b', 'a', 'j', '4', 'n', 'a'] {'ø': 'A', 'ʃ': 'B', 'ɯ': 'C', 'ʤ': 'D', 'ʧ': 'E', 'ː': 'F', 'ɛ': 'G', 'ə': 'H', 'ɑ': 'I', 'œ': 'J', 'ŋ': 'K', 'ʋ': 'L', 'ʌ': 'M', 'ʊ': 'N', 'ʦ': 'P', 'æ': 'Q', 'ʣ': 'R', 'ʈ': 'S', 'ɖ': 'T', 'ʒ': 'U', 'ɱ': 'V', 'ɩ': 'W', 'ɲ': 'Y', 'ɡ': 'g', 'á': 'O', 'í': 'X', 'ó': 'Z', 'aː': '1', 'ö': '2', 'ö́': '3', 'áː': '4'}
ambajáːna  >  ['a', 'm', 'b', 'a', 'j', '4', 'n', 'a'] {'ø': 'A', 'ʃ': 'B', 'ɯ': 'C', 'ʤ': 'D', 'ʧ': 'E', 'ː': 'F', 'ɛ': 'G', 'ə': 'H', 'ɑ': 'I', 'œ': 'J', 'ŋ': 'K', 'ʋ': 'L', 'ʌ': 'M', 'ʊ': 'N', 'ʦ': 'P', 'æ': 'Q', 'ʣ': 'R', 'ʈ': 'S', 'ɖ': 'T', 'ʒ': 'U', 'ɱ': 'V', 'ɩ': 'W', 'ɲ': 'Y', 'ɡ': 'g', 'á': 'O', 'í': 'X', 'ó': 'Z', 'aː': '1', 'ö': '2', 'ö́': '3', 'áː': '4'}
táːta  >  ['t', '4', 't', 'a'] {'ø': 'A', 'ʃ': 'B', 'ɯ': 'C', 'ʤ': 'D', 'ʧ': 'E', 'ː': 'F', 'ɛ': 'G', 'ə': 'H', 'ɑ': 'I', 'œ': 'J', 'ŋ': 'K', 'ʋ': 'L', 'ʌ': 'M', 'ʊ': 'N', 'ʦ': 'P', 'æ': 'Q', 'ʣ': 'R', 'ʈ': 'S', 'ɖ': 'T', 'ʒ': 'U', 'ɱ': 'V', 'ɩ': 'W', 'ɲ': 'Y', 'ɡ': 'g', 'á': 'O', 'í': 'X', 'ó': 'Z', 'aː': '1', 'ö': '2', 'ö́': '3', 'áː': '4'}
antáːta  >  ['a', 'n', 't', '4', 't', 'a'] {'ø': 'A', 'ʃ': 'B', 'ɯ': 'C', 'ʤ': 'D', 'ʧ': 'E', 'ː': 'F', 'ɛ': 'G', 'ə': 'H', 'ɑ': 'I', 'œ': 'J', 'ŋ': 'K', 'ʋ': 'L', 'ʌ': 'M', 'ʊ': 'N', 'ʦ': 'P', 'æ': 'Q', 'ʣ': 'R', 'ʈ': 'S', 'ɖ': 'T', 'ʒ': 'U', 'ɱ': 'V', 'ɩ': 'W', 'ɲ': 'Y', 'ɡ': 'g', 'á': 'O', 'í': 'X', 'ó': 'Z', 'aː': '1', 'ö': '2', 'ö́': '3', 'áː': '4'}
ʧofkoní  >  ['E', 'o', 'f', 'k', 'o', 'n', 'X'] {'ø': 'A', 'ʃ': 'B', 'ɯ': 'C', 'ʤ': 'D', 'ʧ': 'E', 'ː': 'F', 'ɛ': 'G', 'ə': 'H', 'ɑ': 'I', 'œ': 'J', 'ŋ': 'K', 'ʋ': 'L', 'ʌ': 'M', 'ʊ': 'N', 'ʦ': 'P', 'æ': 'Q', 'ʣ': 'R', 'ʈ': 'S', 'ɖ': 'T', 'ʒ': 'U', 'ɱ': 'V', 'ɩ': 'W', 'ɲ': 'Y', 'ɡ': 'g', 'á': 'O', 'í': 'X', 'ó': 'Z', 'aː': '1', 'ö': '2', 'ö́': '3', 'áː': '4'}
añʧofkoní  >  ['a', '5', 'E', 'o', 'f', 'k', 'o', 'n', 'X'] {'ø': 'A', 'ʃ': 'B', 'ɯ': 'C', 'ʤ': 'D', 'ʧ': 'E', 'ː': 'F', 'ɛ': 'G', 'ə': 'H', 'ɑ': 'I', 'œ': 'J', 'ŋ': 'K', 'ʋ': 'L', 'ʌ': 'M', 'ʊ': 'N', 'ʦ': 'P', 'æ': 'Q', 'ʣ': 'R', 'ʈ': 'S', 'ɖ': 'T', 'ʒ': 'U', 'ɱ': 'V', 'ɩ': 'W', 'ɲ': 'Y', 'ɡ': 'g', 'á': 'O', 'í': 'X', 'ó': 'Z', 'aː': '1', 'ö': '2', 'ö́': '3', 'áː': '4', 'ñ': '5'}
kitiłká  >  ['k', 'i', 't', 'i', '6', 'k', 'O'] {'ø': 'A', 'ʃ': 'B', 'ɯ': 'C', 'ʤ': 'D', 'ʧ': 'E', 'ː': 'F', 'ɛ': 'G', 'ə': 'H', 'ɑ': 'I', 'œ': 'J', 'ŋ': 'K', 'ʋ': 'L', 'ʌ': 'M', 'ʊ': 'N', 'ʦ': 'P', 'æ': 'Q', 'ʣ': 'R', 'ʈ': 'S', 'ɖ': 'T', 'ʒ': 'U', 'ɱ': 'V', 'ɩ': 'W', 'ɲ': 'Y', 'ɡ': 'g', 'á': 'O', 'í': 'X', 'ó': 'Z', 'aː': '1', 'ö': '2', 'ö́': '3', 'áː': '4', 'ñ': '5', 'ł': '6'}
aŋkitiłká  >  ['a', 'K', 'k', 'i', 't', 'i', '6', 'k', 'O'] {'ø': 'A', 'ʃ': 'B', 'ɯ': 'C', 'ʤ': 'D', 'ʧ': 'E', 'ː': 'F', 'ɛ': 'G', 'ə': 'H', 'ɑ': 'I', 'œ': 'J', 'ŋ': 'K', 'ʋ': 'L', 'ʌ': 'M', 'ʊ': 'N', 'ʦ': 'P', 'æ': 'Q', 'ʣ': 'R', 'ʈ': 'S', 'ɖ': 'T', 'ʒ': 'U', 'ɱ': 'V', 'ɩ': 'W', 'ɲ': 'Y', 'ɡ': 'g', 'á': 'O', 'í': 'X', 'ó': 'Z', 'aː': '1', 'ö': '2', 'ö́': '3', 'áː': '4', 'ñ': '5', 'ł': '6'}
toní  >  ['t', 'o', 'n', 'X'] {'ø': 'A', 'ʃ': 'B', 'ɯ': 'C', 'ʤ': 'D', 'ʧ': 'E', 'ː': 'F', 'ɛ': 'G', 'ə': 'H', 'ɑ': 'I', 'œ': 'J', 'ŋ': 'K', 'ʋ': 'L', 'ʌ': 'M', 'ʊ': 'N', 'ʦ': 'P', 'æ': 'Q', 'ʣ': 'R', 'ʈ': 'S', 'ɖ': 'T', 'ʒ': 'U', 'ɱ': 'V', 'ɩ': 'W', 'ɲ': 'Y', 'ɡ': 'g', 'á': 'O', 'í': 'X', 'ó': 'Z', 'aː': '1', 'ö': '2', 'ö́': '3', 'áː': '4', 'ñ': '5', 'ł': '6'}
antoní  >  ['a', 'n', 't', 'o', 'n', 'X'] {'ø': 'A', 'ʃ': 'B', 'ɯ': 'C', 'ʤ': 'D', 'ʧ': 'E', 'ː': 'F', 'ɛ': 'G', 'ə': 'H', 'ɑ': 'I', 'œ': 'J', 'ŋ': 'K', 'ʋ': 'L', 'ʌ': 'M', 'ʊ': 'N', 'ʦ': 'P', 'æ': 'Q', 'ʣ': 'R', 'ʈ': 'S', 'ɖ': 'T', 'ʒ': 'U', 'ɱ': 'V', 'ɩ': 'W', 'ɲ': 'Y', 'ɡ': 'g', 'á': 'O', 'í': 'X', 'ó': 'Z', 'aː': '1', 'ö': '2', 'ö́': '3', 'áː': '4', 'ñ': '5', 'ł': '6'}
(declare-fun var0A () String)
(declare-fun var0B () String)
(declare-fun unch20A () String)
(declare-fun ch0A () String)
(declare-fun unch10A () String)
(declare-fun sufA () String)
(declare-fun stem0 () String)
(declare-fun preA () String)
(declare-fun unch20B () String)
(declare-fun ch0B () String)
(declare-fun unch10B () String)
(declare-fun sufB () String)
(declare-fun preB () String)
(declare-fun l0 () Int)
(declare-fun sc0A () Int)
(declare-fun sc0B () Int)
(declare-fun var1A () String)
(declare-fun var1B () String)
(declare-fun unch21A () String)
(declare-fun ch1A () String)
(declare-fun unch11A () String)
(declare-fun stem1 () String)
(declare-fun unch21B () String)
(declare-fun ch1B () String)
(declare-fun unch11B () String)
(declare-fun l1 () Int)
(declare-fun sc1A () Int)
(declare-fun sc1B () Int)
(declare-fun var2A () String)
(declare-fun var2B () String)
(declare-fun unch22A () String)
(declare-fun ch2A () String)
(declare-fun unch12A () String)
(declare-fun stem2 () String)
(declare-fun unch22B () String)
(declare-fun ch2B () String)
(declare-fun unch12B () String)
(declare-fun l2 () Int)
(declare-fun sc2A () Int)
(declare-fun sc2B () Int)
(declare-fun var3A () String)
(declare-fun var3B () String)
(declare-fun unch23A () String)
(declare-fun ch3A () String)
(declare-fun unch13A () String)
(declare-fun stem3 () String)
(declare-fun unch23B () String)
(declare-fun ch3B () String)
(declare-fun unch13B () String)
(declare-fun l3 () Int)
(declare-fun sc3A () Int)
(declare-fun sc3B () Int)
(declare-fun var4A () String)
(declare-fun var4B () String)
(declare-fun unch24A () String)
(declare-fun ch4A () String)
(declare-fun unch14A () String)
(declare-fun stem4 () String)
(declare-fun unch24B () String)
(declare-fun ch4B () String)
(declare-fun unch14B () String)
(declare-fun l4 () Int)
(declare-fun sc4A () Int)
(declare-fun sc4B () Int)
(declare-fun var5A () String)
(declare-fun var5B () String)
(declare-fun unch25A () String)
(declare-fun ch5A () String)
(declare-fun unch15A () String)
(declare-fun stem5 () String)
(declare-fun unch25B () String)
(declare-fun ch5B () String)
(declare-fun unch15B () String)
(declare-fun l5 () Int)
(declare-fun sc5A () Int)
(declare-fun sc5B () Int)
(declare-fun var6A () String)
(declare-fun var6B () String)
(declare-fun unch26A () String)
(declare-fun ch6A () String)
(declare-fun unch16A () String)
(declare-fun stem6 () String)
(declare-fun unch26B () String)
(declare-fun ch6B () String)
(declare-fun unch16B () String)
(declare-fun l6 () Int)
(declare-fun sc6A () Int)
(declare-fun sc6B () Int)
(declare-fun var7A () String)
(declare-fun var7B () String)
(declare-fun unch27A () String)
(declare-fun ch7A () String)
(declare-fun unch17A () String)
(declare-fun stem7 () String)
(declare-fun unch27B () String)
(declare-fun ch7B () String)
(declare-fun unch17B () String)
(declare-fun l7 () Int)
(declare-fun sc7A () Int)
(declare-fun sc7B () Int)
(declare-fun var8A () String)
(declare-fun var8B () String)
(declare-fun unch28A () String)
(declare-fun ch8A () String)
(declare-fun unch18A () String)
(declare-fun stem8 () String)
(declare-fun unch28B () String)
(declare-fun ch8B () String)
(declare-fun unch18B () String)
(declare-fun l8 () Int)
(declare-fun sc8A () Int)
(declare-fun sc8B () Int)
(declare-fun var9A () String)
(declare-fun var9B () String)
(declare-fun unch29A () String)
(declare-fun ch9A () String)
(declare-fun unch19A () String)
(declare-fun stem9 () String)
(declare-fun unch29B () String)
(declare-fun ch9B () String)
(declare-fun unch19B () String)
(declare-fun l9 () Int)
(declare-fun sc9A () Int)
(declare-fun sc9B () Int)
(declare-fun var10A () String)
(declare-fun var10B () String)
(declare-fun unch210A () String)
(declare-fun ch10A () String)
(declare-fun unch110A () String)
(declare-fun stem10 () String)
(declare-fun unch210B () String)
(declare-fun ch10B () String)
(declare-fun unch110B () String)
(declare-fun l10 () Int)
(declare-fun sc10A () Int)
(declare-fun sc10B () Int)
(declare-fun var11A () String)
(declare-fun var11B () String)
(declare-fun unch211A () String)
(declare-fun ch11A () String)
(declare-fun unch111A () String)
(declare-fun stem11 () String)
(declare-fun unch211B () String)
(declare-fun ch11B () String)
(declare-fun unch111B () String)
(declare-fun l11 () Int)
(declare-fun sc11A () Int)
(declare-fun sc11B () Int)
(declare-fun var12A () String)
(declare-fun var12B () String)
(declare-fun unch212A () String)
(declare-fun ch12A () String)
(declare-fun unch112A () String)
(declare-fun stem12 () String)
(declare-fun unch212B () String)
(declare-fun ch12B () String)
(declare-fun unch112B () String)
(declare-fun l12 () Int)
(declare-fun sc12A () Int)
(declare-fun sc12B () Int)
(declare-fun var13A () String)
(declare-fun var13B () String)
(declare-fun unch213A () String)
(declare-fun ch13A () String)
(declare-fun unch113A () String)
(declare-fun stem13 () String)
(declare-fun unch213B () String)
(declare-fun ch13B () String)
(declare-fun unch113B () String)
(declare-fun l13 () Int)
(declare-fun sc13A () Int)
(declare-fun sc13B () Int)
(assert (<= (str.len var0A) 1))
(assert (<= (str.len var0B) 1))
(assert (= (str.++ preA (str.++ stem0 sufA)) (str.++ unch10A (str.++ ch0A unch20A))))
(assert (= (str.++ preB (str.++ stem0 sufB)) (str.++ unch10B (str.++ ch0B unch20B))))
(assert (= "apahEO" (str.++ unch10A (str.++ var0A unch20A))))
(assert (= "amapahEO" (str.++ unch10B (str.++ var0B unch20B))))
(assert (= (str.len stem0) l0))
(assert (= (ite (= ch0A var0A) 0 1) sc0A))
(assert (= (ite (= ch0B var0B) 0 1) sc0B))
(assert (<= sc0A 1))
(assert (<= sc0B 1))
(assert (<= (str.len var1A) 1))
(assert (<= (str.len var1B) 1))
(assert (= (str.++ preA (str.++ stem1 sufA)) (str.++ unch11A (str.++ ch1A unch21A))))
(assert (= (str.++ preB (str.++ stem1 sufB)) (str.++ unch11B (str.++ ch1B unch21B))))
(assert (= "asikEX" (str.++ unch11A (str.++ var1A unch21A))))
(assert (= "amasikEX" (str.++ unch11B (str.++ var1B unch21B))))
(assert (= (str.len stem1) l1))
(assert (= (ite (= ch1A var1A) 0 1) sc1A))
(assert (= (ite (= ch1B var1B) 0 1) sc1B))
(assert (<= sc1A 1))
(assert (<= sc1B 1))
(assert (<= (str.len var2A) 1))
(assert (<= (str.len var2B) 1))
(assert (= (str.++ preA (str.++ stem2 sufA)) (str.++ unch12A (str.++ ch2A unch22A))))
(assert (= (str.++ preB (str.++ stem2 sufB)) (str.++ unch12B (str.++ ch2B unch22B))))
(assert (= "ilkanZ" (str.++ unch12A (str.++ var2A unch22A))))
(assert (= "amilkanZ" (str.++ unch12B (str.++ var2B unch22B))))
(assert (= (str.len stem2) l2))
(assert (= (ite (= ch2A var2A) 0 1) sc2A))
(assert (= (ite (= ch2B var2B) 0 1) sc2B))
(assert (<= sc2A 1))
(assert (<= sc2B 1))
(assert (<= (str.len var3A) 1))
(assert (<= (str.len var3B) 1))
(assert (= (str.++ preA (str.++ stem3 sufA)) (str.++ unch13A (str.++ ch3A unch23A))))
(assert (= (str.++ preB (str.++ stem3 sufB)) (str.++ unch13B (str.++ ch3B unch23B))))
(assert (= "ifO" (str.++ unch13A (str.++ var3A unch23A))))
(assert (= "amifO" (str.++ unch13B (str.++ var3B unch23B))))
(assert (= (str.len stem3) l3))
(assert (= (ite (= ch3A var3A) 0 1) sc3A))
(assert (= (ite (= ch3B var3B) 0 1) sc3B))
(assert (<= sc3A 1))
(assert (<= sc3B 1))
(assert (<= (str.len var4A) 1))
(assert (<= (str.len var4B) 1))
(assert (= (str.++ preA (str.++ stem4 sufA)) (str.++ unch14A (str.++ ch4A unch24A))))
(assert (= (str.++ preB (str.++ stem4 sufB)) (str.++ unch14B (str.++ ch4B unch24B))))
(assert (= "1pZ" (str.++ unch14A (str.++ var4A unch24A))))
(assert (= "am1pZ" (str.++ unch14B (str.++ var4B unch24B))))
(assert (= (str.len stem4) l4))
(assert (= (ite (= ch4A var4A) 0 1) sc4A))
(assert (= (ite (= ch4B var4B) 0 1) sc4B))
(assert (<= sc4A 1))
(assert (<= sc4B 1))
(assert (<= (str.len var5A) 1))
(assert (<= (str.len var5B) 1))
(assert (= (str.++ preA (str.++ stem5 sufA)) (str.++ unch15A (str.++ ch5A unch25A))))
(assert (= (str.++ preB (str.++ stem5 sufB)) (str.++ unch15B (str.++ ch5B unch25B))))
(assert (= "iskX" (str.++ unch15A (str.++ var5A unch25A))))
(assert (= "amiskX" (str.++ unch15B (str.++ var5B unch25B))))
(assert (= (str.len stem5) l5))
(assert (= (ite (= ch5A var5A) 0 1) sc5A))
(assert (= (ite (= ch5B var5B) 0 1) sc5B))
(assert (<= sc5A 1))
(assert (<= sc5B 1))
(assert (<= (str.len var6A) 1))
(assert (<= (str.len var6B) 1))
(assert (= (str.++ preA (str.++ stem6 sufA)) (str.++ unch16A (str.++ ch6A unch26A))))
(assert (= (str.++ preB (str.++ stem6 sufB)) (str.++ unch16B (str.++ ch6B unch26B))))
(assert (= "paEokk3ka" (str.++ unch16A (str.++ var6A unch26A))))
(assert (= "ampaEokk3ka" (str.++ unch16B (str.++ var6B unch26B))))
(assert (= (str.len stem6) l6))
(assert (= (ite (= ch6A var6A) 0 1) sc6A))
(assert (= (ite (= ch6B var6B) 0 1) sc6B))
(assert (<= sc6A 1))
(assert (<= sc6B 1))
(assert (<= (str.len var7A) 1))
(assert (<= (str.len var7B) 1))
(assert (= (str.++ preA (str.++ stem7 sufA)) (str.++ unch17A (str.++ ch7A unch27A))))
(assert (= (str.++ preB (str.++ stem7 sufB)) (str.++ unch17B (str.++ ch7B unch27B))))
(assert (= "towO" (str.++ unch17A (str.++ var7A unch27A))))
(assert (= "antowO" (str.++ unch17B (str.++ var7B unch27B))))
(assert (= (str.len stem7) l7))
(assert (= (ite (= ch7A var7A) 0 1) sc7A))
(assert (= (ite (= ch7B var7B) 0 1) sc7B))
(assert (<= sc7A 1))
(assert (<= sc7B 1))
(assert (<= (str.len var8A) 1))
(assert (<= (str.len var8B) 1))
(assert (= (str.++ preA (str.++ stem8 sufA)) (str.++ unch18A (str.++ ch8A unch28A))))
(assert (= (str.++ preB (str.++ stem8 sufB)) (str.++ unch18B (str.++ ch8B unch28B))))
(assert (= "kastZ" (str.++ unch18A (str.++ var8A unch28A))))
(assert (= "aKkastZ" (str.++ unch18B (str.++ var8B unch28B))))
(assert (= (str.len stem8) l8))
(assert (= (ite (= ch8A var8A) 0 1) sc8A))
(assert (= (ite (= ch8B var8B) 0 1) sc8B))
(assert (<= sc8A 1))
(assert (<= sc8B 1))
(assert (<= (str.len var9A) 1))
(assert (<= (str.len var9B) 1))
(assert (= (str.++ preA (str.++ stem9 sufA)) (str.++ unch19A (str.++ ch9A unch29A))))
(assert (= (str.++ preB (str.++ stem9 sufB)) (str.++ unch19B (str.++ ch9B unch29B))))
(assert (= "baj4na" (str.++ unch19A (str.++ var9A unch29A))))
(assert (= "ambaj4na" (str.++ unch19B (str.++ var9B unch29B))))
(assert (= (str.len stem9) l9))
(assert (= (ite (= ch9A var9A) 0 1) sc9A))
(assert (= (ite (= ch9B var9B) 0 1) sc9B))
(assert (<= sc9A 1))
(assert (<= sc9B 1))
(assert (<= (str.len var10A) 1))
(assert (<= (str.len var10B) 1))
(assert (= (str.++ preA (str.++ stem10 sufA)) (str.++ unch110A (str.++ ch10A unch210A))))
(assert (= (str.++ preB (str.++ stem10 sufB)) (str.++ unch110B (str.++ ch10B unch210B))))
(assert (= "t4ta" (str.++ unch110A (str.++ var10A unch210A))))
(assert (= "ant4ta" (str.++ unch110B (str.++ var10B unch210B))))
(assert (= (str.len stem10) l10))
(assert (= (ite (= ch10A var10A) 0 1) sc10A))
(assert (= (ite (= ch10B var10B) 0 1) sc10B))
(assert (<= sc10A 1))
(assert (<= sc10B 1))
(assert (<= (str.len var11A) 1))
(assert (<= (str.len var11B) 1))
(assert (= (str.++ preA (str.++ stem11 sufA)) (str.++ unch111A (str.++ ch11A unch211A))))
(assert (= (str.++ preB (str.++ stem11 sufB)) (str.++ unch111B (str.++ ch11B unch211B))))
(assert (= "EofkonX" (str.++ unch111A (str.++ var11A unch211A))))
(assert (= "a5EofkonX" (str.++ unch111B (str.++ var11B unch211B))))
(assert (= (str.len stem11) l11))
(assert (= (ite (= ch11A var11A) 0 1) sc11A))
(assert (= (ite (= ch11B var11B) 0 1) sc11B))
(assert (<= sc11A 1))
(assert (<= sc11B 1))
(assert (<= (str.len var12A) 1))
(assert (<= (str.len var12B) 1))
(assert (= (str.++ preA (str.++ stem12 sufA)) (str.++ unch112A (str.++ ch12A unch212A))))
(assert (= (str.++ preB (str.++ stem12 sufB)) (str.++ unch112B (str.++ ch12B unch212B))))
(assert (= "kiti6kO" (str.++ unch112A (str.++ var12A unch212A))))
(assert (= "aKkiti6kO" (str.++ unch112B (str.++ var12B unch212B))))
(assert (= (str.len stem12) l12))
(assert (= (ite (= ch12A var12A) 0 1) sc12A))
(assert (= (ite (= ch12B var12B) 0 1) sc12B))
(assert (<= sc12A 1))
(assert (<= sc12B 1))
(assert (<= (str.len var13A) 1))
(assert (<= (str.len var13B) 1))
(assert (= (str.++ preA (str.++ stem13 sufA)) (str.++ unch113A (str.++ ch13A unch213A))))
(assert (= (str.++ preB (str.++ stem13 sufB)) (str.++ unch113B (str.++ ch13B unch213B))))
(assert (= "tonX" (str.++ unch113A (str.++ var13A unch213A))))
(assert (= "antonX" (str.++ unch113B (str.++ var13B unch213B))))
(assert (= (str.len stem13) l13))
(assert (= (ite (= ch13A var13A) 0 1) sc13A))
(assert (= (ite (= ch13B var13B) 0 1) sc13B))
(assert (<= sc13A 1))
(assert (<= sc13B 1))
(assert (= (+ 0
      0
      sc0A
      sc0B
      0
      sc1A
      sc1B
      0
      sc2A
      sc2B
      0
      sc3A
      sc3B
      0
      sc4A
      sc4B
      0
      sc5A
      sc5B
      0
      sc6A
      sc6B
      0
      sc7A
      sc7B
      0
      sc8A
      sc8B
      0
      sc9A
      sc9B
      0
      sc10A
      sc10B
      0
      sc11A
      sc11B
      0
      sc12A
      sc12B
      0
      sc13A
      sc13B)
   4))
(assert (= (+ 0
      sc0A
      sc1A
      sc2A
      sc3A
      sc4A
      sc5A
      sc6A
      sc7A
      sc8A
      sc9A
      sc10A
      sc11A
      sc12A
      sc13A)
   0))

None
(declare-fun var0A () String)
(declare-fun var0B () String)
(declare-fun unch20A () String)
(declare-fun ch0A () String)
(declare-fun unch10A () String)
(declare-fun sufA () String)
(declare-fun stem0 () String)
(declare-fun preA () String)
(declare-fun unch20B () String)
(declare-fun ch0B () String)
(declare-fun unch10B () String)
(declare-fun sufB () String)
(declare-fun preB () String)
(declare-fun l0 () Int)
(declare-fun sc0A () Int)
(declare-fun sc0B () Int)
(declare-fun var1A () String)
(declare-fun var1B () String)
(declare-fun unch21A () String)
(declare-fun ch1A () String)
(declare-fun unch11A () String)
(declare-fun stem1 () String)
(declare-fun unch21B () String)
(declare-fun ch1B () String)
(declare-fun unch11B () String)
(declare-fun l1 () Int)
(declare-fun sc1A () Int)
(declare-fun sc1B () Int)
(declare-fun var2A () String)
(declare-fun var2B () String)
(declare-fun unch22A () String)
(declare-fun ch2A () String)
(declare-fun unch12A () String)
(declare-fun stem2 () String)
(declare-fun unch22B () String)
(declare-fun ch2B () String)
(declare-fun unch12B () String)
(declare-fun l2 () Int)
(declare-fun sc2A () Int)
(declare-fun sc2B () Int)
(declare-fun var3A () String)
(declare-fun var3B () String)
(declare-fun unch23A () String)
(declare-fun ch3A () String)
(declare-fun unch13A () String)
(declare-fun stem3 () String)
(declare-fun unch23B () String)
(declare-fun ch3B () String)
(declare-fun unch13B () String)
(declare-fun l3 () Int)
(declare-fun sc3A () Int)
(declare-fun sc3B () Int)
(declare-fun var4A () String)
(declare-fun var4B () String)
(declare-fun unch24A () String)
(declare-fun ch4A () String)
(declare-fun unch14A () String)
(declare-fun stem4 () String)
(declare-fun unch24B () String)
(declare-fun ch4B () String)
(declare-fun unch14B () String)
(declare-fun l4 () Int)
(declare-fun sc4A () Int)
(declare-fun sc4B () Int)
(declare-fun var5A () String)
(declare-fun var5B () String)
(declare-fun unch25A () String)
(declare-fun ch5A () String)
(declare-fun unch15A () String)
(declare-fun stem5 () String)
(declare-fun unch25B () String)
(declare-fun ch5B () String)
(declare-fun unch15B () String)
(declare-fun l5 () Int)
(declare-fun sc5A () Int)
(declare-fun sc5B () Int)
(declare-fun var6A () String)
(declare-fun var6B () String)
(declare-fun unch26A () String)
(declare-fun ch6A () String)
(declare-fun unch16A () String)
(declare-fun stem6 () String)
(declare-fun unch26B () String)
(declare-fun ch6B () String)
(declare-fun unch16B () String)
(declare-fun l6 () Int)
(declare-fun sc6A () Int)
(declare-fun sc6B () Int)
(declare-fun var7A () String)
(declare-fun var7B () String)
(declare-fun unch27A () String)
(declare-fun ch7A () String)
(declare-fun unch17A () String)
(declare-fun stem7 () String)
(declare-fun unch27B () String)
(declare-fun ch7B () String)
(declare-fun unch17B () String)
(declare-fun l7 () Int)
(declare-fun sc7A () Int)
(declare-fun sc7B () Int)
(declare-fun var8A () String)
(declare-fun var8B () String)
(declare-fun unch28A () String)
(declare-fun ch8A () String)
(declare-fun unch18A () String)
(declare-fun stem8 () String)
(declare-fun unch28B () String)
(declare-fun ch8B () String)
(declare-fun unch18B () String)
(declare-fun l8 () Int)
(declare-fun sc8A () Int)
(declare-fun sc8B () Int)
(declare-fun var9A () String)
(declare-fun var9B () String)
(declare-fun unch29A () String)
(declare-fun ch9A () String)
(declare-fun unch19A () String)
(declare-fun stem9 () String)
(declare-fun unch29B () String)
(declare-fun ch9B () String)
(declare-fun unch19B () String)
(declare-fun l9 () Int)
(declare-fun sc9A () Int)
(declare-fun sc9B () Int)
(declare-fun var10A () String)
(declare-fun var10B () String)
(declare-fun unch210A () String)
(declare-fun ch10A () String)
(declare-fun unch110A () String)
(declare-fun stem10 () String)
(declare-fun unch210B () String)
(declare-fun ch10B () String)
(declare-fun unch110B () String)
(declare-fun l10 () Int)
(declare-fun sc10A () Int)
(declare-fun sc10B () Int)
(declare-fun var11A () String)
(declare-fun var11B () String)
(declare-fun unch211A () String)
(declare-fun ch11A () String)
(declare-fun unch111A () String)
(declare-fun stem11 () String)
(declare-fun unch211B () String)
(declare-fun ch11B () String)
(declare-fun unch111B () String)
(declare-fun l11 () Int)
(declare-fun sc11A () Int)
(declare-fun sc11B () Int)
(declare-fun var12A () String)
(declare-fun var12B () String)
(declare-fun unch212A () String)
(declare-fun ch12A () String)
(declare-fun unch112A () String)
(declare-fun stem12 () String)
(declare-fun unch212B () String)
(declare-fun ch12B () String)
(declare-fun unch112B () String)
(declare-fun l12 () Int)
(declare-fun sc12A () Int)
(declare-fun sc12B () Int)
(declare-fun var13A () String)
(declare-fun var13B () String)
(declare-fun unch213A () String)
(declare-fun ch13A () String)
(declare-fun unch113A () String)
(declare-fun stem13 () String)
(declare-fun unch213B () String)
(declare-fun ch13B () String)
(declare-fun unch113B () String)
(declare-fun l13 () Int)
(declare-fun sc13A () Int)
(declare-fun sc13B () Int)
(assert (<= (str.len var0A) 1))
(assert (<= (str.len var0B) 1))
(assert (= (str.++ preA (str.++ stem0 sufA)) (str.++ unch10A (str.++ ch0A unch20A))))
(assert (= (str.++ preB (str.++ stem0 sufB)) (str.++ unch10B (str.++ ch0B unch20B))))
(assert (= "apahEO" (str.++ unch10A (str.++ var0A unch20A))))
(assert (= "amapahEO" (str.++ unch10B (str.++ var0B unch20B))))
(assert (= (str.len stem0) l0))
(assert (= (ite (= ch0A var0A) 0 1) sc0A))
(assert (= (ite (= ch0B var0B) 0 1) sc0B))
(assert (<= sc0A 1))
(assert (<= sc0B 1))
(assert (<= (str.len var1A) 1))
(assert (<= (str.len var1B) 1))
(assert (= (str.++ preA (str.++ stem1 sufA)) (str.++ unch11A (str.++ ch1A unch21A))))
(assert (= (str.++ preB (str.++ stem1 sufB)) (str.++ unch11B (str.++ ch1B unch21B))))
(assert (= "asikEX" (str.++ unch11A (str.++ var1A unch21A))))
(assert (= "amasikEX" (str.++ unch11B (str.++ var1B unch21B))))
(assert (= (str.len stem1) l1))
(assert (= (ite (= ch1A var1A) 0 1) sc1A))
(assert (= (ite (= ch1B var1B) 0 1) sc1B))
(assert (<= sc1A 1))
(assert (<= sc1B 1))
(assert (<= (str.len var2A) 1))
(assert (<= (str.len var2B) 1))
(assert (= (str.++ preA (str.++ stem2 sufA)) (str.++ unch12A (str.++ ch2A unch22A))))
(assert (= (str.++ preB (str.++ stem2 sufB)) (str.++ unch12B (str.++ ch2B unch22B))))
(assert (= "ilkanZ" (str.++ unch12A (str.++ var2A unch22A))))
(assert (= "amilkanZ" (str.++ unch12B (str.++ var2B unch22B))))
(assert (= (str.len stem2) l2))
(assert (= (ite (= ch2A var2A) 0 1) sc2A))
(assert (= (ite (= ch2B var2B) 0 1) sc2B))
(assert (<= sc2A 1))
(assert (<= sc2B 1))
(assert (<= (str.len var3A) 1))
(assert (<= (str.len var3B) 1))
(assert (= (str.++ preA (str.++ stem3 sufA)) (str.++ unch13A (str.++ ch3A unch23A))))
(assert (= (str.++ preB (str.++ stem3 sufB)) (str.++ unch13B (str.++ ch3B unch23B))))
(assert (= "ifO" (str.++ unch13A (str.++ var3A unch23A))))
(assert (= "amifO" (str.++ unch13B (str.++ var3B unch23B))))
(assert (= (str.len stem3) l3))
(assert (= (ite (= ch3A var3A) 0 1) sc3A))
(assert (= (ite (= ch3B var3B) 0 1) sc3B))
(assert (<= sc3A 1))
(assert (<= sc3B 1))
(assert (<= (str.len var4A) 1))
(assert (<= (str.len var4B) 1))
(assert (= (str.++ preA (str.++ stem4 sufA)) (str.++ unch14A (str.++ ch4A unch24A))))
(assert (= (str.++ preB (str.++ stem4 sufB)) (str.++ unch14B (str.++ ch4B unch24B))))
(assert (= "1pZ" (str.++ unch14A (str.++ var4A unch24A))))
(assert (= "am1pZ" (str.++ unch14B (str.++ var4B unch24B))))
(assert (= (str.len stem4) l4))
(assert (= (ite (= ch4A var4A) 0 1) sc4A))
(assert (= (ite (= ch4B var4B) 0 1) sc4B))
(assert (<= sc4A 1))
(assert (<= sc4B 1))
(assert (<= (str.len var5A) 1))
(assert (<= (str.len var5B) 1))
(assert (= (str.++ preA (str.++ stem5 sufA)) (str.++ unch15A (str.++ ch5A unch25A))))
(assert (= (str.++ preB (str.++ stem5 sufB)) (str.++ unch15B (str.++ ch5B unch25B))))
(assert (= "iskX" (str.++ unch15A (str.++ var5A unch25A))))
(assert (= "amiskX" (str.++ unch15B (str.++ var5B unch25B))))
(assert (= (str.len stem5) l5))
(assert (= (ite (= ch5A var5A) 0 1) sc5A))
(assert (= (ite (= ch5B var5B) 0 1) sc5B))
(assert (<= sc5A 1))
(assert (<= sc5B 1))
(assert (<= (str.len var6A) 1))
(assert (<= (str.len var6B) 1))
(assert (= (str.++ preA (str.++ stem6 sufA)) (str.++ unch16A (str.++ ch6A unch26A))))
(assert (= (str.++ preB (str.++ stem6 sufB)) (str.++ unch16B (str.++ ch6B unch26B))))
(assert (= "paEokk3ka" (str.++ unch16A (str.++ var6A unch26A))))
(assert (= "ampaEokk3ka" (str.++ unch16B (str.++ var6B unch26B))))
(assert (= (str.len stem6) l6))
(assert (= (ite (= ch6A var6A) 0 1) sc6A))
(assert (= (ite (= ch6B var6B) 0 1) sc6B))
(assert (<= sc6A 1))
(assert (<= sc6B 1))
(assert (<= (str.len var7A) 1))
(assert (<= (str.len var7B) 1))
(assert (= (str.++ preA (str.++ stem7 sufA)) (str.++ unch17A (str.++ ch7A unch27A))))
(assert (= (str.++ preB (str.++ stem7 sufB)) (str.++ unch17B (str.++ ch7B unch27B))))
(assert (= "towO" (str.++ unch17A (str.++ var7A unch27A))))
(assert (= "antowO" (str.++ unch17B (str.++ var7B unch27B))))
(assert (= (str.len stem7) l7))
(assert (= (ite (= ch7A var7A) 0 1) sc7A))
(assert (= (ite (= ch7B var7B) 0 1) sc7B))
(assert (<= sc7A 1))
(assert (<= sc7B 1))
(assert (<= (str.len var8A) 1))
(assert (<= (str.len var8B) 1))
(assert (= (str.++ preA (str.++ stem8 sufA)) (str.++ unch18A (str.++ ch8A unch28A))))
(assert (= (str.++ preB (str.++ stem8 sufB)) (str.++ unch18B (str.++ ch8B unch28B))))
(assert (= "kastZ" (str.++ unch18A (str.++ var8A unch28A))))
(assert (= "aKkastZ" (str.++ unch18B (str.++ var8B unch28B))))
(assert (= (str.len stem8) l8))
(assert (= (ite (= ch8A var8A) 0 1) sc8A))
(assert (= (ite (= ch8B var8B) 0 1) sc8B))
(assert (<= sc8A 1))
(assert (<= sc8B 1))
(assert (<= (str.len var9A) 1))
(assert (<= (str.len var9B) 1))
(assert (= (str.++ preA (str.++ stem9 sufA)) (str.++ unch19A (str.++ ch9A unch29A))))
(assert (= (str.++ preB (str.++ stem9 sufB)) (str.++ unch19B (str.++ ch9B unch29B))))
(assert (= "baj4na" (str.++ unch19A (str.++ var9A unch29A))))
(assert (= "ambaj4na" (str.++ unch19B (str.++ var9B unch29B))))
(assert (= (str.len stem9) l9))
(assert (= (ite (= ch9A var9A) 0 1) sc9A))
(assert (= (ite (= ch9B var9B) 0 1) sc9B))
(assert (<= sc9A 1))
(assert (<= sc9B 1))
(assert (<= (str.len var10A) 1))
(assert (<= (str.len var10B) 1))
(assert (= (str.++ preA (str.++ stem10 sufA)) (str.++ unch110A (str.++ ch10A unch210A))))
(assert (= (str.++ preB (str.++ stem10 sufB)) (str.++ unch110B (str.++ ch10B unch210B))))
(assert (= "t4ta" (str.++ unch110A (str.++ var10A unch210A))))
(assert (= "ant4ta" (str.++ unch110B (str.++ var10B unch210B))))
(assert (= (str.len stem10) l10))
(assert (= (ite (= ch10A var10A) 0 1) sc10A))
(assert (= (ite (= ch10B var10B) 0 1) sc10B))
(assert (<= sc10A 1))
(assert (<= sc10B 1))
(assert (<= (str.len var11A) 1))
(assert (<= (str.len var11B) 1))
(assert (= (str.++ preA (str.++ stem11 sufA)) (str.++ unch111A (str.++ ch11A unch211A))))
(assert (= (str.++ preB (str.++ stem11 sufB)) (str.++ unch111B (str.++ ch11B unch211B))))
(assert (= "EofkonX" (str.++ unch111A (str.++ var11A unch211A))))
(assert (= "a5EofkonX" (str.++ unch111B (str.++ var11B unch211B))))
(assert (= (str.len stem11) l11))
(assert (= (ite (= ch11A var11A) 0 1) sc11A))
(assert (= (ite (= ch11B var11B) 0 1) sc11B))
(assert (<= sc11A 1))
(assert (<= sc11B 1))
(assert (<= (str.len var12A) 1))
(assert (<= (str.len var12B) 1))
(assert (= (str.++ preA (str.++ stem12 sufA)) (str.++ unch112A (str.++ ch12A unch212A))))
(assert (= (str.++ preB (str.++ stem12 sufB)) (str.++ unch112B (str.++ ch12B unch212B))))
(assert (= "kiti6kO" (str.++ unch112A (str.++ var12A unch212A))))
(assert (= "aKkiti6kO" (str.++ unch112B (str.++ var12B unch212B))))
(assert (= (str.len stem12) l12))
(assert (= (ite (= ch12A var12A) 0 1) sc12A))
(assert (= (ite (= ch12B var12B) 0 1) sc12B))
(assert (<= sc12A 1))
(assert (<= sc12B 1))
(assert (<= (str.len var13A) 1))
(assert (<= (str.len var13B) 1))
(assert (= (str.++ preA (str.++ stem13 sufA)) (str.++ unch113A (str.++ ch13A unch213A))))
(assert (= (str.++ preB (str.++ stem13 sufB)) (str.++ unch113B (str.++ ch13B unch213B))))
(assert (= "tonX" (str.++ unch113A (str.++ var13A unch213A))))
(assert (= "antonX" (str.++ unch113B (str.++ var13B unch213B))))
(assert (= (str.len stem13) l13))
(assert (= (ite (= ch13A var13A) 0 1) sc13A))
(assert (= (ite (= ch13B var13B) 0 1) sc13B))
(assert (<= sc13A 1))
(assert (<= sc13B 1))
(assert (= (+ 0
      0
      sc0A
      sc0B
      0
      sc1A
      sc1B
      0
      sc2A
      sc2B
      0
      sc3A
      sc3B
      0
      sc4A
      sc4B
      0
      sc5A
      sc5B
      0
      sc6A
      sc6B
      0
      sc7A
      sc7B
      0
      sc8A
      sc8B
      0
      sc9A
      sc9B
      0
      sc10A
      sc10B
      0
      sc11A
      sc11B
      0
      sc12A
      sc12B
      0
      sc13A
      sc13B)
   4))
(assert (= (+ 0
      sc0B
      sc1B
      sc2B
      sc3B
      sc4B
      sc5B
      sc6B
      sc7B
      sc8B
      sc9B
      sc10B
      sc11B
      sc12B
      sc13B)
   0))

None
(declare-fun var0A () String)
(declare-fun var0B () String)
(declare-fun unch20A () String)
(declare-fun ch0A () String)
(declare-fun unch10A () String)
(declare-fun sufA () String)
(declare-fun stem0 () String)
(declare-fun preA () String)
(declare-fun unch20B () String)
(declare-fun ch0B () String)
(declare-fun unch10B () String)
(declare-fun sufB () String)
(declare-fun preB () String)
(declare-fun l0 () Int)
(declare-fun sc0A () Int)
(declare-fun sc0B () Int)
(declare-fun var1A () String)
(declare-fun var1B () String)
(declare-fun unch21A () String)
(declare-fun ch1A () String)
(declare-fun unch11A () String)
(declare-fun stem1 () String)
(declare-fun unch21B () String)
(declare-fun ch1B () String)
(declare-fun unch11B () String)
(declare-fun l1 () Int)
(declare-fun sc1A () Int)
(declare-fun sc1B () Int)
(declare-fun var2A () String)
(declare-fun var2B () String)
(declare-fun unch22A () String)
(declare-fun ch2A () String)
(declare-fun unch12A () String)
(declare-fun stem2 () String)
(declare-fun unch22B () String)
(declare-fun ch2B () String)
(declare-fun unch12B () String)
(declare-fun l2 () Int)
(declare-fun sc2A () Int)
(declare-fun sc2B () Int)
(declare-fun var3A () String)
(declare-fun var3B () String)
(declare-fun unch23A () String)
(declare-fun ch3A () String)
(declare-fun unch13A () String)
(declare-fun stem3 () String)
(declare-fun unch23B () String)
(declare-fun ch3B () String)
(declare-fun unch13B () String)
(declare-fun l3 () Int)
(declare-fun sc3A () Int)
(declare-fun sc3B () Int)
(declare-fun var4A () String)
(declare-fun var4B () String)
(declare-fun unch24A () String)
(declare-fun ch4A () String)
(declare-fun unch14A () String)
(declare-fun stem4 () String)
(declare-fun unch24B () String)
(declare-fun ch4B () String)
(declare-fun unch14B () String)
(declare-fun l4 () Int)
(declare-fun sc4A () Int)
(declare-fun sc4B () Int)
(declare-fun var5A () String)
(declare-fun var5B () String)
(declare-fun unch25A () String)
(declare-fun ch5A () String)
(declare-fun unch15A () String)
(declare-fun stem5 () String)
(declare-fun unch25B () String)
(declare-fun ch5B () String)
(declare-fun unch15B () String)
(declare-fun l5 () Int)
(declare-fun sc5A () Int)
(declare-fun sc5B () Int)
(declare-fun var6A () String)
(declare-fun var6B () String)
(declare-fun unch26A () String)
(declare-fun ch6A () String)
(declare-fun unch16A () String)
(declare-fun stem6 () String)
(declare-fun unch26B () String)
(declare-fun ch6B () String)
(declare-fun unch16B () String)
(declare-fun l6 () Int)
(declare-fun sc6A () Int)
(declare-fun sc6B () Int)
(declare-fun var7A () String)
(declare-fun var7B () String)
(declare-fun unch27A () String)
(declare-fun ch7A () String)
(declare-fun unch17A () String)
(declare-fun stem7 () String)
(declare-fun unch27B () String)
(declare-fun ch7B () String)
(declare-fun unch17B () String)
(declare-fun l7 () Int)
(declare-fun sc7A () Int)
(declare-fun sc7B () Int)
(declare-fun var8A () String)
(declare-fun var8B () String)
(declare-fun unch28A () String)
(declare-fun ch8A () String)
(declare-fun unch18A () String)
(declare-fun stem8 () String)
(declare-fun unch28B () String)
(declare-fun ch8B () String)
(declare-fun unch18B () String)
(declare-fun l8 () Int)
(declare-fun sc8A () Int)
(declare-fun sc8B () Int)
(declare-fun var9A () String)
(declare-fun var9B () String)
(declare-fun unch29A () String)
(declare-fun ch9A () String)
(declare-fun unch19A () String)
(declare-fun stem9 () String)
(declare-fun unch29B () String)
(declare-fun ch9B () String)
(declare-fun unch19B () String)
(declare-fun l9 () Int)
(declare-fun sc9A () Int)
(declare-fun sc9B () Int)
(declare-fun var10A () String)
(declare-fun var10B () String)
(declare-fun unch210A () String)
(declare-fun ch10A () String)
(declare-fun unch110A () String)
(declare-fun stem10 () String)
(declare-fun unch210B () String)
(declare-fun ch10B () String)
(declare-fun unch110B () String)
(declare-fun l10 () Int)
(declare-fun sc10A () Int)
(declare-fun sc10B () Int)
(declare-fun var11A () String)
(declare-fun var11B () String)
(declare-fun unch211A () String)
(declare-fun ch11A () String)
(declare-fun unch111A () String)
(declare-fun stem11 () String)
(declare-fun unch211B () String)
(declare-fun ch11B () String)
(declare-fun unch111B () String)
(declare-fun l11 () Int)
(declare-fun sc11A () Int)
(declare-fun sc11B () Int)
(declare-fun var12A () String)
(declare-fun var12B () String)
(declare-fun unch212A () String)
(declare-fun ch12A () String)
(declare-fun unch112A () String)
(declare-fun stem12 () String)
(declare-fun unch212B () String)
(declare-fun ch12B () String)
(declare-fun unch112B () String)
(declare-fun l12 () Int)
(declare-fun sc12A () Int)
(declare-fun sc12B () Int)
(declare-fun var13A () String)
(declare-fun var13B () String)
(declare-fun unch213A () String)
(declare-fun ch13A () String)
(declare-fun unch113A () String)
(declare-fun stem13 () String)
(declare-fun unch213B () String)
(declare-fun ch13B () String)
(declare-fun unch113B () String)
(declare-fun l13 () Int)
(declare-fun sc13A () Int)
(declare-fun sc13B () Int)
(assert (<= (str.len var0A) 1))
(assert (<= (str.len var0B) 1))
(assert (= (str.++ preA (str.++ stem0 sufA)) (str.++ unch10A (str.++ ch0A unch20A))))
(assert (= (str.++ preB (str.++ stem0 sufB)) (str.++ unch10B (str.++ ch0B unch20B))))
(assert (= "apahEO" (str.++ unch10A (str.++ var0A unch20A))))
(assert (= "amapahEO" (str.++ unch10B (str.++ var0B unch20B))))
(assert (= (str.len stem0) l0))
(assert (= (ite (= ch0A var0A) 0 1) sc0A))
(assert (= (ite (= ch0B var0B) 0 1) sc0B))
(assert (<= sc0A 1))
(assert (<= sc0B 1))
(assert (<= (str.len var1A) 1))
(assert (<= (str.len var1B) 1))
(assert (= (str.++ preA (str.++ stem1 sufA)) (str.++ unch11A (str.++ ch1A unch21A))))
(assert (= (str.++ preB (str.++ stem1 sufB)) (str.++ unch11B (str.++ ch1B unch21B))))
(assert (= "asikEX" (str.++ unch11A (str.++ var1A unch21A))))
(assert (= "amasikEX" (str.++ unch11B (str.++ var1B unch21B))))
(assert (= (str.len stem1) l1))
(assert (= (ite (= ch1A var1A) 0 1) sc1A))
(assert (= (ite (= ch1B var1B) 0 1) sc1B))
(assert (<= sc1A 1))
(assert (<= sc1B 1))
(assert (<= (str.len var2A) 1))
(assert (<= (str.len var2B) 1))
(assert (= (str.++ preA (str.++ stem2 sufA)) (str.++ unch12A (str.++ ch2A unch22A))))
(assert (= (str.++ preB (str.++ stem2 sufB)) (str.++ unch12B (str.++ ch2B unch22B))))
(assert (= "ilkanZ" (str.++ unch12A (str.++ var2A unch22A))))
(assert (= "amilkanZ" (str.++ unch12B (str.++ var2B unch22B))))
(assert (= (str.len stem2) l2))
(assert (= (ite (= ch2A var2A) 0 1) sc2A))
(assert (= (ite (= ch2B var2B) 0 1) sc2B))
(assert (<= sc2A 1))
(assert (<= sc2B 1))
(assert (<= (str.len var3A) 1))
(assert (<= (str.len var3B) 1))
(assert (= (str.++ preA (str.++ stem3 sufA)) (str.++ unch13A (str.++ ch3A unch23A))))
(assert (= (str.++ preB (str.++ stem3 sufB)) (str.++ unch13B (str.++ ch3B unch23B))))
(assert (= "ifO" (str.++ unch13A (str.++ var3A unch23A))))
(assert (= "amifO" (str.++ unch13B (str.++ var3B unch23B))))
(assert (= (str.len stem3) l3))
(assert (= (ite (= ch3A var3A) 0 1) sc3A))
(assert (= (ite (= ch3B var3B) 0 1) sc3B))
(assert (<= sc3A 1))
(assert (<= sc3B 1))
(assert (<= (str.len var4A) 1))
(assert (<= (str.len var4B) 1))
(assert (= (str.++ preA (str.++ stem4 sufA)) (str.++ unch14A (str.++ ch4A unch24A))))
(assert (= (str.++ preB (str.++ stem4 sufB)) (str.++ unch14B (str.++ ch4B unch24B))))
(assert (= "1pZ" (str.++ unch14A (str.++ var4A unch24A))))
(assert (= "am1pZ" (str.++ unch14B (str.++ var4B unch24B))))
(assert (= (str.len stem4) l4))
(assert (= (ite (= ch4A var4A) 0 1) sc4A))
(assert (= (ite (= ch4B var4B) 0 1) sc4B))
(assert (<= sc4A 1))
(assert (<= sc4B 1))
(assert (<= (str.len var5A) 1))
(assert (<= (str.len var5B) 1))
(assert (= (str.++ preA (str.++ stem5 sufA)) (str.++ unch15A (str.++ ch5A unch25A))))
(assert (= (str.++ preB (str.++ stem5 sufB)) (str.++ unch15B (str.++ ch5B unch25B))))
(assert (= "iskX" (str.++ unch15A (str.++ var5A unch25A))))
(assert (= "amiskX" (str.++ unch15B (str.++ var5B unch25B))))
(assert (= (str.len stem5) l5))
(assert (= (ite (= ch5A var5A) 0 1) sc5A))
(assert (= (ite (= ch5B var5B) 0 1) sc5B))
(assert (<= sc5A 1))
(assert (<= sc5B 1))
(assert (<= (str.len var6A) 1))
(assert (<= (str.len var6B) 1))
(assert (= (str.++ preA (str.++ stem6 sufA)) (str.++ unch16A (str.++ ch6A unch26A))))
(assert (= (str.++ preB (str.++ stem6 sufB)) (str.++ unch16B (str.++ ch6B unch26B))))
(assert (= "paEokk3ka" (str.++ unch16A (str.++ var6A unch26A))))
(assert (= "ampaEokk3ka" (str.++ unch16B (str.++ var6B unch26B))))
(assert (= (str.len stem6) l6))
(assert (= (ite (= ch6A var6A) 0 1) sc6A))
(assert (= (ite (= ch6B var6B) 0 1) sc6B))
(assert (<= sc6A 1))
(assert (<= sc6B 1))
(assert (<= (str.len var7A) 1))
(assert (<= (str.len var7B) 1))
(assert (= (str.++ preA (str.++ stem7 sufA)) (str.++ unch17A (str.++ ch7A unch27A))))
(assert (= (str.++ preB (str.++ stem7 sufB)) (str.++ unch17B (str.++ ch7B unch27B))))
(assert (= "towO" (str.++ unch17A (str.++ var7A unch27A))))
(assert (= "antowO" (str.++ unch17B (str.++ var7B unch27B))))
(assert (= (str.len stem7) l7))
(assert (= (ite (= ch7A var7A) 0 1) sc7A))
(assert (= (ite (= ch7B var7B) 0 1) sc7B))
(assert (<= sc7A 1))
(assert (<= sc7B 1))
(assert (<= (str.len var8A) 1))
(assert (<= (str.len var8B) 1))
(assert (= (str.++ preA (str.++ stem8 sufA)) (str.++ unch18A (str.++ ch8A unch28A))))
(assert (= (str.++ preB (str.++ stem8 sufB)) (str.++ unch18B (str.++ ch8B unch28B))))
(assert (= "kastZ" (str.++ unch18A (str.++ var8A unch28A))))
(assert (= "aKkastZ" (str.++ unch18B (str.++ var8B unch28B))))
(assert (= (str.len stem8) l8))
(assert (= (ite (= ch8A var8A) 0 1) sc8A))
(assert (= (ite (= ch8B var8B) 0 1) sc8B))
(assert (<= sc8A 1))
(assert (<= sc8B 1))
(assert (<= (str.len var9A) 1))
(assert (<= (str.len var9B) 1))
(assert (= (str.++ preA (str.++ stem9 sufA)) (str.++ unch19A (str.++ ch9A unch29A))))
(assert (= (str.++ preB (str.++ stem9 sufB)) (str.++ unch19B (str.++ ch9B unch29B))))
(assert (= "baj4na" (str.++ unch19A (str.++ var9A unch29A))))
(assert (= "ambaj4na" (str.++ unch19B (str.++ var9B unch29B))))
(assert (= (str.len stem9) l9))
(assert (= (ite (= ch9A var9A) 0 1) sc9A))
(assert (= (ite (= ch9B var9B) 0 1) sc9B))
(assert (<= sc9A 1))
(assert (<= sc9B 1))
(assert (<= (str.len var10A) 1))
(assert (<= (str.len var10B) 1))
(assert (= (str.++ preA (str.++ stem10 sufA)) (str.++ unch110A (str.++ ch10A unch210A))))
(assert (= (str.++ preB (str.++ stem10 sufB)) (str.++ unch110B (str.++ ch10B unch210B))))
(assert (= "t4ta" (str.++ unch110A (str.++ var10A unch210A))))
(assert (= "ant4ta" (str.++ unch110B (str.++ var10B unch210B))))
(assert (= (str.len stem10) l10))
(assert (= (ite (= ch10A var10A) 0 1) sc10A))
(assert (= (ite (= ch10B var10B) 0 1) sc10B))
(assert (<= sc10A 1))
(assert (<= sc10B 1))
(assert (<= (str.len var11A) 1))
(assert (<= (str.len var11B) 1))
(assert (= (str.++ preA (str.++ stem11 sufA)) (str.++ unch111A (str.++ ch11A unch211A))))
(assert (= (str.++ preB (str.++ stem11 sufB)) (str.++ unch111B (str.++ ch11B unch211B))))
(assert (= "EofkonX" (str.++ unch111A (str.++ var11A unch211A))))
(assert (= "a5EofkonX" (str.++ unch111B (str.++ var11B unch211B))))
(assert (= (str.len stem11) l11))
(assert (= (ite (= ch11A var11A) 0 1) sc11A))
(assert (= (ite (= ch11B var11B) 0 1) sc11B))
(assert (<= sc11A 1))
(assert (<= sc11B 1))
(assert (<= (str.len var12A) 1))
(assert (<= (str.len var12B) 1))
(assert (= (str.++ preA (str.++ stem12 sufA)) (str.++ unch112A (str.++ ch12A unch212A))))
(assert (= (str.++ preB (str.++ stem12 sufB)) (str.++ unch112B (str.++ ch12B unch212B))))
(assert (= "kiti6kO" (str.++ unch112A (str.++ var12A unch212A))))
(assert (= "aKkiti6kO" (str.++ unch112B (str.++ var12B unch212B))))
(assert (= (str.len stem12) l12))
(assert (= (ite (= ch12A var12A) 0 1) sc12A))
(assert (= (ite (= ch12B var12B) 0 1) sc12B))
(assert (<= sc12A 1))
(assert (<= sc12B 1))
(assert (<= (str.len var13A) 1))
(assert (<= (str.len var13B) 1))
(assert (= (str.++ preA (str.++ stem13 sufA)) (str.++ unch113A (str.++ ch13A unch213A))))
(assert (= (str.++ preB (str.++ stem13 sufB)) (str.++ unch113B (str.++ ch13B unch213B))))
(assert (= "tonX" (str.++ unch113A (str.++ var13A unch213A))))
(assert (= "antonX" (str.++ unch113B (str.++ var13B unch213B))))
(assert (= (str.len stem13) l13))
(assert (= (ite (= ch13A var13A) 0 1) sc13A))
(assert (= (ite (= ch13B var13B) 0 1) sc13B))
(assert (<= sc13A 1))
(assert (<= sc13B 1))
(assert (= (+ 0
      0
      sc0A
      sc0B
      0
      sc1A
      sc1B
      0
      sc2A
      sc2B
      0
      sc3A
      sc3B
      0
      sc4A
      sc4B
      0
      sc5A
      sc5B
      0
      sc6A
      sc6B
      0
      sc7A
      sc7B
      0
      sc8A
      sc8B
      0
      sc9A
      sc9B
      0
      sc10A
      sc10B
      0
      sc11A
      sc11B
      0
      sc12A
      sc12B
      0
      sc13A
      sc13B)
   5))
(assert (= (+ 0
      sc0A
      sc1A
      sc2A
      sc3A
      sc4A
      sc5A
      sc6A
      sc7A
      sc8A
      sc9A
      sc10A
      sc11A
      sc12A
      sc13A)
   0))

None
(declare-fun var0A () String)
(declare-fun var0B () String)
(declare-fun unch20A () String)
(declare-fun ch0A () String)
(declare-fun unch10A () String)
(declare-fun sufA () String)
(declare-fun stem0 () String)
(declare-fun preA () String)
(declare-fun unch20B () String)
(declare-fun ch0B () String)
(declare-fun unch10B () String)
(declare-fun sufB () String)
(declare-fun preB () String)
(declare-fun l0 () Int)
(declare-fun sc0A () Int)
(declare-fun sc0B () Int)
(declare-fun var1A () String)
(declare-fun var1B () String)
(declare-fun unch21A () String)
(declare-fun ch1A () String)
(declare-fun unch11A () String)
(declare-fun stem1 () String)
(declare-fun unch21B () String)
(declare-fun ch1B () String)
(declare-fun unch11B () String)
(declare-fun l1 () Int)
(declare-fun sc1A () Int)
(declare-fun sc1B () Int)
(declare-fun var2A () String)
(declare-fun var2B () String)
(declare-fun unch22A () String)
(declare-fun ch2A () String)
(declare-fun unch12A () String)
(declare-fun stem2 () String)
(declare-fun unch22B () String)
(declare-fun ch2B () String)
(declare-fun unch12B () String)
(declare-fun l2 () Int)
(declare-fun sc2A () Int)
(declare-fun sc2B () Int)
(declare-fun var3A () String)
(declare-fun var3B () String)
(declare-fun unch23A () String)
(declare-fun ch3A () String)
(declare-fun unch13A () String)
(declare-fun stem3 () String)
(declare-fun unch23B () String)
(declare-fun ch3B () String)
(declare-fun unch13B () String)
(declare-fun l3 () Int)
(declare-fun sc3A () Int)
(declare-fun sc3B () Int)
(declare-fun var4A () String)
(declare-fun var4B () String)
(declare-fun unch24A () String)
(declare-fun ch4A () String)
(declare-fun unch14A () String)
(declare-fun stem4 () String)
(declare-fun unch24B () String)
(declare-fun ch4B () String)
(declare-fun unch14B () String)
(declare-fun l4 () Int)
(declare-fun sc4A () Int)
(declare-fun sc4B () Int)
(declare-fun var5A () String)
(declare-fun var5B () String)
(declare-fun unch25A () String)
(declare-fun ch5A () String)
(declare-fun unch15A () String)
(declare-fun stem5 () String)
(declare-fun unch25B () String)
(declare-fun ch5B () String)
(declare-fun unch15B () String)
(declare-fun l5 () Int)
(declare-fun sc5A () Int)
(declare-fun sc5B () Int)
(declare-fun var6A () String)
(declare-fun var6B () String)
(declare-fun unch26A () String)
(declare-fun ch6A () String)
(declare-fun unch16A () String)
(declare-fun stem6 () String)
(declare-fun unch26B () String)
(declare-fun ch6B () String)
(declare-fun unch16B () String)
(declare-fun l6 () Int)
(declare-fun sc6A () Int)
(declare-fun sc6B () Int)
(declare-fun var7A () String)
(declare-fun var7B () String)
(declare-fun unch27A () String)
(declare-fun ch7A () String)
(declare-fun unch17A () String)
(declare-fun stem7 () String)
(declare-fun unch27B () String)
(declare-fun ch7B () String)
(declare-fun unch17B () String)
(declare-fun l7 () Int)
(declare-fun sc7A () Int)
(declare-fun sc7B () Int)
(declare-fun var8A () String)
(declare-fun var8B () String)
(declare-fun unch28A () String)
(declare-fun ch8A () String)
(declare-fun unch18A () String)
(declare-fun stem8 () String)
(declare-fun unch28B () String)
(declare-fun ch8B () String)
(declare-fun unch18B () String)
(declare-fun l8 () Int)
(declare-fun sc8A () Int)
(declare-fun sc8B () Int)
(declare-fun var9A () String)
(declare-fun var9B () String)
(declare-fun unch29A () String)
(declare-fun ch9A () String)
(declare-fun unch19A () String)
(declare-fun stem9 () String)
(declare-fun unch29B () String)
(declare-fun ch9B () String)
(declare-fun unch19B () String)
(declare-fun l9 () Int)
(declare-fun sc9A () Int)
(declare-fun sc9B () Int)
(declare-fun var10A () String)
(declare-fun var10B () String)
(declare-fun unch210A () String)
(declare-fun ch10A () String)
(declare-fun unch110A () String)
(declare-fun stem10 () String)
(declare-fun unch210B () String)
(declare-fun ch10B () String)
(declare-fun unch110B () String)
(declare-fun l10 () Int)
(declare-fun sc10A () Int)
(declare-fun sc10B () Int)
(declare-fun var11A () String)
(declare-fun var11B () String)
(declare-fun unch211A () String)
(declare-fun ch11A () String)
(declare-fun unch111A () String)
(declare-fun stem11 () String)
(declare-fun unch211B () String)
(declare-fun ch11B () String)
(declare-fun unch111B () String)
(declare-fun l11 () Int)
(declare-fun sc11A () Int)
(declare-fun sc11B () Int)
(declare-fun var12A () String)
(declare-fun var12B () String)
(declare-fun unch212A () String)
(declare-fun ch12A () String)
(declare-fun unch112A () String)
(declare-fun stem12 () String)
(declare-fun unch212B () String)
(declare-fun ch12B () String)
(declare-fun unch112B () String)
(declare-fun l12 () Int)
(declare-fun sc12A () Int)
(declare-fun sc12B () Int)
(declare-fun var13A () String)
(declare-fun var13B () String)
(declare-fun unch213A () String)
(declare-fun ch13A () String)
(declare-fun unch113A () String)
(declare-fun stem13 () String)
(declare-fun unch213B () String)
(declare-fun ch13B () String)
(declare-fun unch113B () String)
(declare-fun l13 () Int)
(declare-fun sc13A () Int)
(declare-fun sc13B () Int)
(assert (<= (str.len var0A) 1))
(assert (<= (str.len var0B) 1))
(assert (= (str.++ preA (str.++ stem0 sufA)) (str.++ unch10A (str.++ ch0A unch20A))))
(assert (= (str.++ preB (str.++ stem0 sufB)) (str.++ unch10B (str.++ ch0B unch20B))))
(assert (= "apahEO" (str.++ unch10A (str.++ var0A unch20A))))
(assert (= "amapahEO" (str.++ unch10B (str.++ var0B unch20B))))
(assert (= (str.len stem0) l0))
(assert (= (ite (= ch0A var0A) 0 1) sc0A))
(assert (= (ite (= ch0B var0B) 0 1) sc0B))
(assert (<= sc0A 1))
(assert (<= sc0B 1))
(assert (<= (str.len var1A) 1))
(assert (<= (str.len var1B) 1))
(assert (= (str.++ preA (str.++ stem1 sufA)) (str.++ unch11A (str.++ ch1A unch21A))))
(assert (= (str.++ preB (str.++ stem1 sufB)) (str.++ unch11B (str.++ ch1B unch21B))))
(assert (= "asikEX" (str.++ unch11A (str.++ var1A unch21A))))
(assert (= "amasikEX" (str.++ unch11B (str.++ var1B unch21B))))
(assert (= (str.len stem1) l1))
(assert (= (ite (= ch1A var1A) 0 1) sc1A))
(assert (= (ite (= ch1B var1B) 0 1) sc1B))
(assert (<= sc1A 1))
(assert (<= sc1B 1))
(assert (<= (str.len var2A) 1))
(assert (<= (str.len var2B) 1))
(assert (= (str.++ preA (str.++ stem2 sufA)) (str.++ unch12A (str.++ ch2A unch22A))))
(assert (= (str.++ preB (str.++ stem2 sufB)) (str.++ unch12B (str.++ ch2B unch22B))))
(assert (= "ilkanZ" (str.++ unch12A (str.++ var2A unch22A))))
(assert (= "amilkanZ" (str.++ unch12B (str.++ var2B unch22B))))
(assert (= (str.len stem2) l2))
(assert (= (ite (= ch2A var2A) 0 1) sc2A))
(assert (= (ite (= ch2B var2B) 0 1) sc2B))
(assert (<= sc2A 1))
(assert (<= sc2B 1))
(assert (<= (str.len var3A) 1))
(assert (<= (str.len var3B) 1))
(assert (= (str.++ preA (str.++ stem3 sufA)) (str.++ unch13A (str.++ ch3A unch23A))))
(assert (= (str.++ preB (str.++ stem3 sufB)) (str.++ unch13B (str.++ ch3B unch23B))))
(assert (= "ifO" (str.++ unch13A (str.++ var3A unch23A))))
(assert (= "amifO" (str.++ unch13B (str.++ var3B unch23B))))
(assert (= (str.len stem3) l3))
(assert (= (ite (= ch3A var3A) 0 1) sc3A))
(assert (= (ite (= ch3B var3B) 0 1) sc3B))
(assert (<= sc3A 1))
(assert (<= sc3B 1))
(assert (<= (str.len var4A) 1))
(assert (<= (str.len var4B) 1))
(assert (= (str.++ preA (str.++ stem4 sufA)) (str.++ unch14A (str.++ ch4A unch24A))))
(assert (= (str.++ preB (str.++ stem4 sufB)) (str.++ unch14B (str.++ ch4B unch24B))))
(assert (= "1pZ" (str.++ unch14A (str.++ var4A unch24A))))
(assert (= "am1pZ" (str.++ unch14B (str.++ var4B unch24B))))
(assert (= (str.len stem4) l4))
(assert (= (ite (= ch4A var4A) 0 1) sc4A))
(assert (= (ite (= ch4B var4B) 0 1) sc4B))
(assert (<= sc4A 1))
(assert (<= sc4B 1))
(assert (<= (str.len var5A) 1))
(assert (<= (str.len var5B) 1))
(assert (= (str.++ preA (str.++ stem5 sufA)) (str.++ unch15A (str.++ ch5A unch25A))))
(assert (= (str.++ preB (str.++ stem5 sufB)) (str.++ unch15B (str.++ ch5B unch25B))))
(assert (= "iskX" (str.++ unch15A (str.++ var5A unch25A))))
(assert (= "amiskX" (str.++ unch15B (str.++ var5B unch25B))))
(assert (= (str.len stem5) l5))
(assert (= (ite (= ch5A var5A) 0 1) sc5A))
(assert (= (ite (= ch5B var5B) 0 1) sc5B))
(assert (<= sc5A 1))
(assert (<= sc5B 1))
(assert (<= (str.len var6A) 1))
(assert (<= (str.len var6B) 1))
(assert (= (str.++ preA (str.++ stem6 sufA)) (str.++ unch16A (str.++ ch6A unch26A))))
(assert (= (str.++ preB (str.++ stem6 sufB)) (str.++ unch16B (str.++ ch6B unch26B))))
(assert (= "paEokk3ka" (str.++ unch16A (str.++ var6A unch26A))))
(assert (= "ampaEokk3ka" (str.++ unch16B (str.++ var6B unch26B))))
(assert (= (str.len stem6) l6))
(assert (= (ite (= ch6A var6A) 0 1) sc6A))
(assert (= (ite (= ch6B var6B) 0 1) sc6B))
(assert (<= sc6A 1))
(assert (<= sc6B 1))
(assert (<= (str.len var7A) 1))
(assert (<= (str.len var7B) 1))
(assert (= (str.++ preA (str.++ stem7 sufA)) (str.++ unch17A (str.++ ch7A unch27A))))
(assert (= (str.++ preB (str.++ stem7 sufB)) (str.++ unch17B (str.++ ch7B unch27B))))
(assert (= "towO" (str.++ unch17A (str.++ var7A unch27A))))
(assert (= "antowO" (str.++ unch17B (str.++ var7B unch27B))))
(assert (= (str.len stem7) l7))
(assert (= (ite (= ch7A var7A) 0 1) sc7A))
(assert (= (ite (= ch7B var7B) 0 1) sc7B))
(assert (<= sc7A 1))
(assert (<= sc7B 1))
(assert (<= (str.len var8A) 1))
(assert (<= (str.len var8B) 1))
(assert (= (str.++ preA (str.++ stem8 sufA)) (str.++ unch18A (str.++ ch8A unch28A))))
(assert (= (str.++ preB (str.++ stem8 sufB)) (str.++ unch18B (str.++ ch8B unch28B))))
(assert (= "kastZ" (str.++ unch18A (str.++ var8A unch28A))))
(assert (= "aKkastZ" (str.++ unch18B (str.++ var8B unch28B))))
(assert (= (str.len stem8) l8))
(assert (= (ite (= ch8A var8A) 0 1) sc8A))
(assert (= (ite (= ch8B var8B) 0 1) sc8B))
(assert (<= sc8A 1))
(assert (<= sc8B 1))
(assert (<= (str.len var9A) 1))
(assert (<= (str.len var9B) 1))
(assert (= (str.++ preA (str.++ stem9 sufA)) (str.++ unch19A (str.++ ch9A unch29A))))
(assert (= (str.++ preB (str.++ stem9 sufB)) (str.++ unch19B (str.++ ch9B unch29B))))
(assert (= "baj4na" (str.++ unch19A (str.++ var9A unch29A))))
(assert (= "ambaj4na" (str.++ unch19B (str.++ var9B unch29B))))
(assert (= (str.len stem9) l9))
(assert (= (ite (= ch9A var9A) 0 1) sc9A))
(assert (= (ite (= ch9B var9B) 0 1) sc9B))
(assert (<= sc9A 1))
(assert (<= sc9B 1))
(assert (<= (str.len var10A) 1))
(assert (<= (str.len var10B) 1))
(assert (= (str.++ preA (str.++ stem10 sufA)) (str.++ unch110A (str.++ ch10A unch210A))))
(assert (= (str.++ preB (str.++ stem10 sufB)) (str.++ unch110B (str.++ ch10B unch210B))))
(assert (= "t4ta" (str.++ unch110A (str.++ var10A unch210A))))
(assert (= "ant4ta" (str.++ unch110B (str.++ var10B unch210B))))
(assert (= (str.len stem10) l10))
(assert (= (ite (= ch10A var10A) 0 1) sc10A))
(assert (= (ite (= ch10B var10B) 0 1) sc10B))
(assert (<= sc10A 1))
(assert (<= sc10B 1))
(assert (<= (str.len var11A) 1))
(assert (<= (str.len var11B) 1))
(assert (= (str.++ preA (str.++ stem11 sufA)) (str.++ unch111A (str.++ ch11A unch211A))))
(assert (= (str.++ preB (str.++ stem11 sufB)) (str.++ unch111B (str.++ ch11B unch211B))))
(assert (= "EofkonX" (str.++ unch111A (str.++ var11A unch211A))))
(assert (= "a5EofkonX" (str.++ unch111B (str.++ var11B unch211B))))
(assert (= (str.len stem11) l11))
(assert (= (ite (= ch11A var11A) 0 1) sc11A))
(assert (= (ite (= ch11B var11B) 0 1) sc11B))
(assert (<= sc11A 1))
(assert (<= sc11B 1))
(assert (<= (str.len var12A) 1))
(assert (<= (str.len var12B) 1))
(assert (= (str.++ preA (str.++ stem12 sufA)) (str.++ unch112A (str.++ ch12A unch212A))))
(assert (= (str.++ preB (str.++ stem12 sufB)) (str.++ unch112B (str.++ ch12B unch212B))))
(assert (= "kiti6kO" (str.++ unch112A (str.++ var12A unch212A))))
(assert (= "aKkiti6kO" (str.++ unch112B (str.++ var12B unch212B))))
(assert (= (str.len stem12) l12))
(assert (= (ite (= ch12A var12A) 0 1) sc12A))
(assert (= (ite (= ch12B var12B) 0 1) sc12B))
(assert (<= sc12A 1))
(assert (<= sc12B 1))
(assert (<= (str.len var13A) 1))
(assert (<= (str.len var13B) 1))
(assert (= (str.++ preA (str.++ stem13 sufA)) (str.++ unch113A (str.++ ch13A unch213A))))
(assert (= (str.++ preB (str.++ stem13 sufB)) (str.++ unch113B (str.++ ch13B unch213B))))
(assert (= "tonX" (str.++ unch113A (str.++ var13A unch213A))))
(assert (= "antonX" (str.++ unch113B (str.++ var13B unch213B))))
(assert (= (str.len stem13) l13))
(assert (= (ite (= ch13A var13A) 0 1) sc13A))
(assert (= (ite (= ch13B var13B) 0 1) sc13B))
(assert (<= sc13A 1))
(assert (<= sc13B 1))
(assert (= (+ 0
      0
      sc0A
      sc0B
      0
      sc1A
      sc1B
      0
      sc2A
      sc2B
      0
      sc3A
      sc3B
      0
      sc4A
      sc4B
      0
      sc5A
      sc5B
      0
      sc6A
      sc6B
      0
      sc7A
      sc7B
      0
      sc8A
      sc8B
      0
      sc9A
      sc9B
      0
      sc10A
      sc10B
      0
      sc11A
      sc11B
      0
      sc12A
      sc12B
      0
      sc13A
      sc13B)
   5))
(assert (= (+ 0
      sc0B
      sc1B
      sc2B
      sc3B
      sc4B
      sc5B
      sc6B
      sc7B
      sc8B
      sc9B
      sc10B
      sc11B
      sc12B
      sc13B)
   0))

None
(declare-fun var0A () String)
(declare-fun var0B () String)
(declare-fun unch20A () String)
(declare-fun ch0A () String)
(declare-fun unch10A () String)
(declare-fun sufA () String)
(declare-fun stem0 () String)
(declare-fun preA () String)
(declare-fun unch20B () String)
(declare-fun ch0B () String)
(declare-fun unch10B () String)
(declare-fun sufB () String)
(declare-fun preB () String)
(declare-fun l0 () Int)
(declare-fun sc0A () Int)
(declare-fun sc0B () Int)
(declare-fun var1A () String)
(declare-fun var1B () String)
(declare-fun unch21A () String)
(declare-fun ch1A () String)
(declare-fun unch11A () String)
(declare-fun stem1 () String)
(declare-fun unch21B () String)
(declare-fun ch1B () String)
(declare-fun unch11B () String)
(declare-fun l1 () Int)
(declare-fun sc1A () Int)
(declare-fun sc1B () Int)
(declare-fun var2A () String)
(declare-fun var2B () String)
(declare-fun unch22A () String)
(declare-fun ch2A () String)
(declare-fun unch12A () String)
(declare-fun stem2 () String)
(declare-fun unch22B () String)
(declare-fun ch2B () String)
(declare-fun unch12B () String)
(declare-fun l2 () Int)
(declare-fun sc2A () Int)
(declare-fun sc2B () Int)
(declare-fun var3A () String)
(declare-fun var3B () String)
(declare-fun unch23A () String)
(declare-fun ch3A () String)
(declare-fun unch13A () String)
(declare-fun stem3 () String)
(declare-fun unch23B () String)
(declare-fun ch3B () String)
(declare-fun unch13B () String)
(declare-fun l3 () Int)
(declare-fun sc3A () Int)
(declare-fun sc3B () Int)
(declare-fun var4A () String)
(declare-fun var4B () String)
(declare-fun unch24A () String)
(declare-fun ch4A () String)
(declare-fun unch14A () String)
(declare-fun stem4 () String)
(declare-fun unch24B () String)
(declare-fun ch4B () String)
(declare-fun unch14B () String)
(declare-fun l4 () Int)
(declare-fun sc4A () Int)
(declare-fun sc4B () Int)
(declare-fun var5A () String)
(declare-fun var5B () String)
(declare-fun unch25A () String)
(declare-fun ch5A () String)
(declare-fun unch15A () String)
(declare-fun stem5 () String)
(declare-fun unch25B () String)
(declare-fun ch5B () String)
(declare-fun unch15B () String)
(declare-fun l5 () Int)
(declare-fun sc5A () Int)
(declare-fun sc5B () Int)
(declare-fun var6A () String)
(declare-fun var6B () String)
(declare-fun unch26A () String)
(declare-fun ch6A () String)
(declare-fun unch16A () String)
(declare-fun stem6 () String)
(declare-fun unch26B () String)
(declare-fun ch6B () String)
(declare-fun unch16B () String)
(declare-fun l6 () Int)
(declare-fun sc6A () Int)
(declare-fun sc6B () Int)
(declare-fun var7A () String)
(declare-fun var7B () String)
(declare-fun unch27A () String)
(declare-fun ch7A () String)
(declare-fun unch17A () String)
(declare-fun stem7 () String)
(declare-fun unch27B () String)
(declare-fun ch7B () String)
(declare-fun unch17B () String)
(declare-fun l7 () Int)
(declare-fun sc7A () Int)
(declare-fun sc7B () Int)
(declare-fun var8A () String)
(declare-fun var8B () String)
(declare-fun unch28A () String)
(declare-fun ch8A () String)
(declare-fun unch18A () String)
(declare-fun stem8 () String)
(declare-fun unch28B () String)
(declare-fun ch8B () String)
(declare-fun unch18B () String)
(declare-fun l8 () Int)
(declare-fun sc8A () Int)
(declare-fun sc8B () Int)
(declare-fun var9A () String)
(declare-fun var9B () String)
(declare-fun unch29A () String)
(declare-fun ch9A () String)
(declare-fun unch19A () String)
(declare-fun stem9 () String)
(declare-fun unch29B () String)
(declare-fun ch9B () String)
(declare-fun unch19B () String)
(declare-fun l9 () Int)
(declare-fun sc9A () Int)
(declare-fun sc9B () Int)
(declare-fun var10A () String)
(declare-fun var10B () String)
(declare-fun unch210A () String)
(declare-fun ch10A () String)
(declare-fun unch110A () String)
(declare-fun stem10 () String)
(declare-fun unch210B () String)
(declare-fun ch10B () String)
(declare-fun unch110B () String)
(declare-fun l10 () Int)
(declare-fun sc10A () Int)
(declare-fun sc10B () Int)
(declare-fun var11A () String)
(declare-fun var11B () String)
(declare-fun unch211A () String)
(declare-fun ch11A () String)
(declare-fun unch111A () String)
(declare-fun stem11 () String)
(declare-fun unch211B () String)
(declare-fun ch11B () String)
(declare-fun unch111B () String)
(declare-fun l11 () Int)
(declare-fun sc11A () Int)
(declare-fun sc11B () Int)
(declare-fun var12A () String)
(declare-fun var12B () String)
(declare-fun unch212A () String)
(declare-fun ch12A () String)
(declare-fun unch112A () String)
(declare-fun stem12 () String)
(declare-fun unch212B () String)
(declare-fun ch12B () String)
(declare-fun unch112B () String)
(declare-fun l12 () Int)
(declare-fun sc12A () Int)
(declare-fun sc12B () Int)
(declare-fun var13A () String)
(declare-fun var13B () String)
(declare-fun unch213A () String)
(declare-fun ch13A () String)
(declare-fun unch113A () String)
(declare-fun stem13 () String)
(declare-fun unch213B () String)
(declare-fun ch13B () String)
(declare-fun unch113B () String)
(declare-fun l13 () Int)
(declare-fun sc13A () Int)
(declare-fun sc13B () Int)
(assert (<= (str.len var0A) 1))
(assert (<= (str.len var0B) 1))
(assert (= (str.++ preA (str.++ stem0 sufA)) (str.++ unch10A (str.++ ch0A unch20A))))
(assert (= (str.++ preB (str.++ stem0 sufB)) (str.++ unch10B (str.++ ch0B unch20B))))
(assert (= "apahEO" (str.++ unch10A (str.++ var0A unch20A))))
(assert (= "amapahEO" (str.++ unch10B (str.++ var0B unch20B))))
(assert (= (str.len stem0) l0))
(assert (= (ite (= ch0A var0A) 0 1) sc0A))
(assert (= (ite (= ch0B var0B) 0 1) sc0B))
(assert (<= sc0A 1))
(assert (<= sc0B 1))
(assert (<= (str.len var1A) 1))
(assert (<= (str.len var1B) 1))
(assert (= (str.++ preA (str.++ stem1 sufA)) (str.++ unch11A (str.++ ch1A unch21A))))
(assert (= (str.++ preB (str.++ stem1 sufB)) (str.++ unch11B (str.++ ch1B unch21B))))
(assert (= "asikEX" (str.++ unch11A (str.++ var1A unch21A))))
(assert (= "amasikEX" (str.++ unch11B (str.++ var1B unch21B))))
(assert (= (str.len stem1) l1))
(assert (= (ite (= ch1A var1A) 0 1) sc1A))
(assert (= (ite (= ch1B var1B) 0 1) sc1B))
(assert (<= sc1A 1))
(assert (<= sc1B 1))
(assert (<= (str.len var2A) 1))
(assert (<= (str.len var2B) 1))
(assert (= (str.++ preA (str.++ stem2 sufA)) (str.++ unch12A (str.++ ch2A unch22A))))
(assert (= (str.++ preB (str.++ stem2 sufB)) (str.++ unch12B (str.++ ch2B unch22B))))
(assert (= "ilkanZ" (str.++ unch12A (str.++ var2A unch22A))))
(assert (= "amilkanZ" (str.++ unch12B (str.++ var2B unch22B))))
(assert (= (str.len stem2) l2))
(assert (= (ite (= ch2A var2A) 0 1) sc2A))
(assert (= (ite (= ch2B var2B) 0 1) sc2B))
(assert (<= sc2A 1))
(assert (<= sc2B 1))
(assert (<= (str.len var3A) 1))
(assert (<= (str.len var3B) 1))
(assert (= (str.++ preA (str.++ stem3 sufA)) (str.++ unch13A (str.++ ch3A unch23A))))
(assert (= (str.++ preB (str.++ stem3 sufB)) (str.++ unch13B (str.++ ch3B unch23B))))
(assert (= "ifO" (str.++ unch13A (str.++ var3A unch23A))))
(assert (= "amifO" (str.++ unch13B (str.++ var3B unch23B))))
(assert (= (str.len stem3) l3))
(assert (= (ite (= ch3A var3A) 0 1) sc3A))
(assert (= (ite (= ch3B var3B) 0 1) sc3B))
(assert (<= sc3A 1))
(assert (<= sc3B 1))
(assert (<= (str.len var4A) 1))
(assert (<= (str.len var4B) 1))
(assert (= (str.++ preA (str.++ stem4 sufA)) (str.++ unch14A (str.++ ch4A unch24A))))
(assert (= (str.++ preB (str.++ stem4 sufB)) (str.++ unch14B (str.++ ch4B unch24B))))
(assert (= "1pZ" (str.++ unch14A (str.++ var4A unch24A))))
(assert (= "am1pZ" (str.++ unch14B (str.++ var4B unch24B))))
(assert (= (str.len stem4) l4))
(assert (= (ite (= ch4A var4A) 0 1) sc4A))
(assert (= (ite (= ch4B var4B) 0 1) sc4B))
(assert (<= sc4A 1))
(assert (<= sc4B 1))
(assert (<= (str.len var5A) 1))
(assert (<= (str.len var5B) 1))
(assert (= (str.++ preA (str.++ stem5 sufA)) (str.++ unch15A (str.++ ch5A unch25A))))
(assert (= (str.++ preB (str.++ stem5 sufB)) (str.++ unch15B (str.++ ch5B unch25B))))
(assert (= "iskX" (str.++ unch15A (str.++ var5A unch25A))))
(assert (= "amiskX" (str.++ unch15B (str.++ var5B unch25B))))
(assert (= (str.len stem5) l5))
(assert (= (ite (= ch5A var5A) 0 1) sc5A))
(assert (= (ite (= ch5B var5B) 0 1) sc5B))
(assert (<= sc5A 1))
(assert (<= sc5B 1))
(assert (<= (str.len var6A) 1))
(assert (<= (str.len var6B) 1))
(assert (= (str.++ preA (str.++ stem6 sufA)) (str.++ unch16A (str.++ ch6A unch26A))))
(assert (= (str.++ preB (str.++ stem6 sufB)) (str.++ unch16B (str.++ ch6B unch26B))))
(assert (= "paEokk3ka" (str.++ unch16A (str.++ var6A unch26A))))
(assert (= "ampaEokk3ka" (str.++ unch16B (str.++ var6B unch26B))))
(assert (= (str.len stem6) l6))
(assert (= (ite (= ch6A var6A) 0 1) sc6A))
(assert (= (ite (= ch6B var6B) 0 1) sc6B))
(assert (<= sc6A 1))
(assert (<= sc6B 1))
(assert (<= (str.len var7A) 1))
(assert (<= (str.len var7B) 1))
(assert (= (str.++ preA (str.++ stem7 sufA)) (str.++ unch17A (str.++ ch7A unch27A))))
(assert (= (str.++ preB (str.++ stem7 sufB)) (str.++ unch17B (str.++ ch7B unch27B))))
(assert (= "towO" (str.++ unch17A (str.++ var7A unch27A))))
(assert (= "antowO" (str.++ unch17B (str.++ var7B unch27B))))
(assert (= (str.len stem7) l7))
(assert (= (ite (= ch7A var7A) 0 1) sc7A))
(assert (= (ite (= ch7B var7B) 0 1) sc7B))
(assert (<= sc7A 1))
(assert (<= sc7B 1))
(assert (<= (str.len var8A) 1))
(assert (<= (str.len var8B) 1))
(assert (= (str.++ preA (str.++ stem8 sufA)) (str.++ unch18A (str.++ ch8A unch28A))))
(assert (= (str.++ preB (str.++ stem8 sufB)) (str.++ unch18B (str.++ ch8B unch28B))))
(assert (= "kastZ" (str.++ unch18A (str.++ var8A unch28A))))
(assert (= "aKkastZ" (str.++ unch18B (str.++ var8B unch28B))))
(assert (= (str.len stem8) l8))
(assert (= (ite (= ch8A var8A) 0 1) sc8A))
(assert (= (ite (= ch8B var8B) 0 1) sc8B))
(assert (<= sc8A 1))
(assert (<= sc8B 1))
(assert (<= (str.len var9A) 1))
(assert (<= (str.len var9B) 1))
(assert (= (str.++ preA (str.++ stem9 sufA)) (str.++ unch19A (str.++ ch9A unch29A))))
(assert (= (str.++ preB (str.++ stem9 sufB)) (str.++ unch19B (str.++ ch9B unch29B))))
(assert (= "baj4na" (str.++ unch19A (str.++ var9A unch29A))))
(assert (= "ambaj4na" (str.++ unch19B (str.++ var9B unch29B))))
(assert (= (str.len stem9) l9))
(assert (= (ite (= ch9A var9A) 0 1) sc9A))
(assert (= (ite (= ch9B var9B) 0 1) sc9B))
(assert (<= sc9A 1))
(assert (<= sc9B 1))
(assert (<= (str.len var10A) 1))
(assert (<= (str.len var10B) 1))
(assert (= (str.++ preA (str.++ stem10 sufA)) (str.++ unch110A (str.++ ch10A unch210A))))
(assert (= (str.++ preB (str.++ stem10 sufB)) (str.++ unch110B (str.++ ch10B unch210B))))
(assert (= "t4ta" (str.++ unch110A (str.++ var10A unch210A))))
(assert (= "ant4ta" (str.++ unch110B (str.++ var10B unch210B))))
(assert (= (str.len stem10) l10))
(assert (= (ite (= ch10A var10A) 0 1) sc10A))
(assert (= (ite (= ch10B var10B) 0 1) sc10B))
(assert (<= sc10A 1))
(assert (<= sc10B 1))
(assert (<= (str.len var11A) 1))
(assert (<= (str.len var11B) 1))
(assert (= (str.++ preA (str.++ stem11 sufA)) (str.++ unch111A (str.++ ch11A unch211A))))
(assert (= (str.++ preB (str.++ stem11 sufB)) (str.++ unch111B (str.++ ch11B unch211B))))
(assert (= "EofkonX" (str.++ unch111A (str.++ var11A unch211A))))
(assert (= "a5EofkonX" (str.++ unch111B (str.++ var11B unch211B))))
(assert (= (str.len stem11) l11))
(assert (= (ite (= ch11A var11A) 0 1) sc11A))
(assert (= (ite (= ch11B var11B) 0 1) sc11B))
(assert (<= sc11A 1))
(assert (<= sc11B 1))
(assert (<= (str.len var12A) 1))
(assert (<= (str.len var12B) 1))
(assert (= (str.++ preA (str.++ stem12 sufA)) (str.++ unch112A (str.++ ch12A unch212A))))
(assert (= (str.++ preB (str.++ stem12 sufB)) (str.++ unch112B (str.++ ch12B unch212B))))
(assert (= "kiti6kO" (str.++ unch112A (str.++ var12A unch212A))))
(assert (= "aKkiti6kO" (str.++ unch112B (str.++ var12B unch212B))))
(assert (= (str.len stem12) l12))
(assert (= (ite (= ch12A var12A) 0 1) sc12A))
(assert (= (ite (= ch12B var12B) 0 1) sc12B))
(assert (<= sc12A 1))
(assert (<= sc12B 1))
(assert (<= (str.len var13A) 1))
(assert (<= (str.len var13B) 1))
(assert (= (str.++ preA (str.++ stem13 sufA)) (str.++ unch113A (str.++ ch13A unch213A))))
(assert (= (str.++ preB (str.++ stem13 sufB)) (str.++ unch113B (str.++ ch13B unch213B))))
(assert (= "tonX" (str.++ unch113A (str.++ var13A unch213A))))
(assert (= "antonX" (str.++ unch113B (str.++ var13B unch213B))))
(assert (= (str.len stem13) l13))
(assert (= (ite (= ch13A var13A) 0 1) sc13A))
(assert (= (ite (= ch13B var13B) 0 1) sc13B))
(assert (<= sc13A 1))
(assert (<= sc13B 1))
(assert (= (+ 0
      0
      sc0A
      sc0B
      0
      sc1A
      sc1B
      0
      sc2A
      sc2B
      0
      sc3A
      sc3B
      0
      sc4A
      sc4B
      0
      sc5A
      sc5B
      0
      sc6A
      sc6B
      0
      sc7A
      sc7B
      0
      sc8A
      sc8B
      0
      sc9A
      sc9B
      0
      sc10A
      sc10B
      0
      sc11A
      sc11B
      0
      sc12A
      sc12B
      0
      sc13A
      sc13B)
   6))
(assert (= (+ 0
      sc0A
      sc1A
      sc2A
      sc3A
      sc4A
      sc5A
      sc6A
      sc7A
      sc8A
      sc9A
      sc10A
      sc11A
      sc12A
      sc13A)
   0))

[('apahʧá', 'apahʧá'), ('amapahʧá', 'amapahʧá'), ('asikʧí', 'asikʧí'), ('amasikʧí', 'amasikʧí'), ('ilkanó', 'ilkanó'), ('amilkanó', 'amilkanó'), ('ifá', 'ifá'), ('amifá', 'amifá'), ('aːpó', 'aːpó'), ('amaːpó', 'amaːpó'), ('iskí', 'iskí'), ('amiskí', 'amiskí'), ('paʧokkö́ka', 'paʧokkö́ka'), ('ampaʧokkö́ka', 'ampaʧokkö́ka'), ('towá', 'towá'), ('amtowá', 'antowá'), ('kastó', 'kastó'), ('amkastó', 'aŋkastó'), ('bajáːna', 'bajáːna'), ('ambajáːna', 'ambajáːna'), ('táːta', 'táːta'), ('amtáːta', 'antáːta'), ('ʧofkoní', 'ʧofkoní'), ('amʧofkoní', 'añʧofkoní'), ('kitiłká', 'kitiłká'), ('amkitiłká', 'aŋkitiłká'), ('toní', 'toní'), ('amtoní', 'antoní')]
Rule: ({}, {'nasal': '+'}, {'labial': '-', 'delayed release': '-'})
N: 172
N+: 5
N-: 167
Simplicity weight: 1
Likelihood weight: 30
Objective: 58110
Simplicity score: 58110
Simplicity: 58110
Log # models: 117
Likelihood: 17550
Rule: ({}, {'nasal': '+'}, {'coronal': '+'})
N: 145
N+: 1
N-: 144
Simplicity weight: 1
Likelihood weight: 30
Objective: 54090
Simplicity score: 54090
Simplicity: 54090
Log # models: 134
Likelihood: 4020
[({'labial': '-', 'anterior': 'right', 'dorsal': 'right', 'high': 'right', 'front': 'right', 'back': 'right', 'distributed': 'right', 'coronal': 'right', 'low': 'right'}, ({}, {'nasal': '+'}, {'labial': '-', 'delayed release': '-'})), ({'coronal': '+', 'labial': '-', 'anterior': '+', 'distributed': '-'}, ({}, {'nasal': '+'}, {'coronal': '+'}))]
Successful synthesis! Here is the rule:
[({'labial': '-', 'anterior': 'right', 'dorsal': 'right', 'high': 'right', 'front': 'right', 'back': 'right', 'distributed': 'right', 'coronal': 'right', 'low': 'right'}, ({}, {'nasal': '+'}, {'labial': '-', 'delayed release': '-'})), ({'coronal': '+', 'labial': '-', 'anterior': '+', 'distributed': '-'}, ({}, {'nasal': '+'}, {'coronal': '+'}))]
82.39user 0.04system 1:22.45elapsed 99%CPU (0avgtext+0avgdata 56328maxresident)k
0inputs+176outputs (0major+9094minor)pagefaults 0swaps
