[('aÎ²aaÌnto', 'aÎ²aaÌnto'), ('aÎ²amuÌra', 'aÎ²amuÌra'), ('amahiÌiÌnri', 'amahiÌiÌndi'), ('amakÉ›ÌÉ›ÌnrÉ”', 'amakÉ›ÌÉ›ÌndÉ”'), ('eÎ²aÌŒ', 'eÎ²aÌŒ'), ('eeÅ‹É£weÌ', 'eeÅ‹É¡weÌ'), ('eÉ£aÌŒ', 'eÉ£aÌŒ'), ('ekeÎ²wÉ›Ì', 'ekeÎ²wÉ›Ì'), ('hooraÌ', 'hooraÌ'), ('iÎ²iÉ£uÌruÌÎ²e', 'iÎ²iÉ£uÌruÌÎ²e'), ('iÎ²iruÌuÌÅ‹É£uÌuri', 'iÎ²iruÌuÌÅ‹É¡uÌuri'), ('uÉ£usiÌri', 'uÉ£usiÌri'), ('Î²aÌinu', 'Î²aÌinu'), ('Î²orjoÌ', 'Î²orjoÌ'), ('iÊ§iiÅ‹É£É›Ìna', 'iÊ§iiÅ‹É¡É›Ìna'), ('iÊ§iiÅ‹É£uÌruÌÎ²e', 'iÊ§iiÅ‹É¡uÌruÌÎ²e'), ('É£aÎ²aÌŒ', 'É£aÎ²aÌŒ'), ('iÊ§iiÅ‹É£uÌta', 'iÊ§iiÅ‹É¡uÌta'), ('Î²É›rÉ›kaÌ', 'Î²É›rÉ›kaÌ'), ('iÉ£ituÌuÌmÎ²e', 'iÉ£ituÌuÌmbe'), ('É£uÌuÌkaÌ', 'É£uÌuÌkaÌ'), ('remaÌŒ', 'remaÌŒ'), ('rÉ›É›ntaÌ', 'rÉ›É›ntaÌ'), ('oÎ²oÉ£aÌaÌkaÌ', 'oÎ²oÉ£aÌaÌkaÌ'), ('oÎ²oteÌeÌnreÌeÌru', 'oÎ²oteÌeÌndeÌeÌru'), ('okoÉ£eÌeÌmÎ²aÌ', 'okoÉ£eÌeÌmbaÌ'), ('okooÌmÎ²aÌra', 'okooÌmbaÌra'), ('okoÎ²aÌra', 'okoÎ²aÌra'), ('okooÌnrÉ”ÌÉ£a', 'okooÌndÉ”ÌÉ£a'), ('okorÉ”ÌÉ£a', 'okorÉ”ÌÉ£a'), ('romaÌŒ', 'romaÌŒ'), ('teÉ£etaÌ', 'teÉ£etaÌ'), ('ukuuÌmÎ²uurjaÌ', 'ukuuÌmbuurjaÌ'), ('uruÉ£uÌta', 'uruÉ£uÌta')]
[('abaaÌnto', 'aÎ²aaÌnto'), ('aÎ²amuÌda', 'aÎ²amuÌra'), ('amahiÌiÌndi', 'amahiÌiÌndi'), ('amakÉ›ÌÉ›ÌndÉ”', 'amakÉ›ÌÉ›ÌndÉ”'), ('ebaÌŒ', 'eÎ²aÌŒ'), ('eeÅ‹É¡weÌ', 'eeÅ‹É¡weÌ'), ('eÉ¡aÌŒ', 'eÉ£aÌŒ'), ('ekebwÉ›Ì', 'ekeÎ²wÉ›Ì'), ('hoodaÌ', 'hooraÌ'), ('iÎ²iÉ¡uÌruÌÎ²e', 'iÎ²iÉ£uÌruÌÎ²e'), ('iÎ²iduÌuÌÅ‹É¡uÌudi', 'iÎ²iruÌuÌÅ‹É¡uÌuri'), ('uÉ¡usiÌri', 'uÉ£usiÌri'), ('baÌinu', 'Î²aÌinu'), ('Î²odjoÌ', 'Î²orjoÌ'), ('iÊ§iiÅ‹É¡É›Ìna', 'iÊ§iiÅ‹É¡É›Ìna'), ('iÊ§iiÅ‹É¡uÌduÌÎ²e', 'iÊ§iiÅ‹É¡uÌruÌÎ²e'), ('É¡aÎ²aÌŒ', 'É£aÎ²aÌŒ'), ('iÊ§iiÅ‹É¡uÌta', 'iÊ§iiÅ‹É¡uÌta'), ('Î²É›dÉ›kaÌ', 'Î²É›rÉ›kaÌ'), ('iÉ¡ituÌuÌmbe', 'iÉ£ituÌuÌmbe'), ('É¡uÌuÌkaÌ', 'É£uÌuÌkaÌ'), ('demaÌŒ', 'remaÌŒ'), ('dÉ›É›ntaÌ', 'rÉ›É›ntaÌ'), ('oÎ²oÉ¡aÌaÌkaÌ', 'oÎ²oÉ£aÌaÌkaÌ'), ('oÎ²oteÌeÌndeÌeÌdu', 'oÎ²oteÌeÌndeÌeÌru'), ('okoÉ¡eÌeÌmbaÌ', 'okoÉ£eÌeÌmbaÌ'), ('okooÌmbaÌda', 'okooÌmbaÌra'), ('okoÎ²aÌda', 'okoÎ²aÌra'), ('okooÌndÉ”ÌÉ¡a', 'okooÌndÉ”ÌÉ£a'), ('okorÉ”ÌÉ¡a', 'okorÉ”ÌÉ£a'), ('domaÌŒ', 'romaÌŒ'), ('teÉ¡etaÌ', 'teÉ£etaÌ'), ('ukuuÌmbuudjaÌ', 'ukuuÌmbuurjaÌ'), ('uruÉ¡uÌta', 'uruÉ£uÌta')]
Rule: ({'coronal': '+'}, {'dorsal': '-'}, {})
N: 237
N+: 4
N-: 233
Simplicity weight: 1
Likelihood weight: 30
Objective: 54090
Simplicity score: 54090
Simplicity: 54090
Log # models: 169
Likelihood: 20280
Rule: ({'syllabic': '-'}, {'delayed release': '+'}, {})
N: 234
N+: 9
N-: 225
Simplicity weight: 1
Likelihood weight: 30
Objective: 55565
Simplicity score: 55565
Simplicity: 55565
Log # models: 189
Likelihood: 51030
[1;31mUnsatisfiable constraints:[0;31m
/# . b . aÌ/ changed
/e . b . aÌŒ/ changed
/a . b . a/ changed
/m . b . e/ didn't change
/e . b . w/ changed
[0;0m
[1;31mUnsatisfiable constraints:[0;31m
/# . d . e/ changed
/i . d . uÌ/ changed
/uÌ . d . a/ changed
/o . d . j/ changed
/o . d . aÌ/ changed
/É› . d . É›/ changed
/n . d . i/ didn't change
[0;0m
[1;31mUnsatisfiable constraints:[0;31m
/e . É¡ . aÌŒ/ changed
/u . É¡ . u/ changed
/i . É¡ . uÌ/ changed
/# . É¡ . a/ changed
/Å‹ . É¡ . uÌ/ didn't change
[0;0m
Successfully discovered rule:
 [({'strident': '-', 'delayed release': '-'}, ({'coronal': '+'}, {'dorsal': '-'}, {})), ({'delayed release': '-'}, ({'syllabic': '-'}, {'delayed release': '+'}, {}))]
28.73user 0.07system 0:32.33elapsed 89%CPU (0avgtext+0avgdata 49320maxresident)k
0inputs+8outputs (0major+7509minor)pagefaults 0swaps
