[['iɲɟele', 'xaçele'], ['iŋɡaːfu', 'xaxaːfu'], ['imbeβa', 'xaβeβa'], ['iŋɡoxo', 'xakoxo'], ['iŋɡwe', 'xakwe'], ['indali', 'xatali'], ['imboko', 'xaβoko']]
iɲɟele  >  ['i', 'Y', 'O', 'e', 'l', 'e'] {'ø': 'A', 'ʃ': 'B', 'ɯ': 'C', 'ʤ': 'D', 'ʧ': 'E', 'ː': 'F', 'ɛ': 'G', 'ə': 'H', 'ɑ': 'I', 'œ': 'J', 'ŋ': 'K', 'ʋ': 'L', 'ʌ': 'M', 'ʊ': 'N', 'ʦ': 'P', 'æ': 'Q', 'ʣ': 'R', 'ʈ': 'S', 'ɖ': 'T', 'ʒ': 'U', 'ɱ': 'V', 'ɩ': 'W', 'ɲ': 'Y', 'ɡ': 'g', 'ɟ': 'O'}
xaçele  >  ['x', 'a', 'X', 'e', 'l', 'e'] {'ø': 'A', 'ʃ': 'B', 'ɯ': 'C', 'ʤ': 'D', 'ʧ': 'E', 'ː': 'F', 'ɛ': 'G', 'ə': 'H', 'ɑ': 'I', 'œ': 'J', 'ŋ': 'K', 'ʋ': 'L', 'ʌ': 'M', 'ʊ': 'N', 'ʦ': 'P', 'æ': 'Q', 'ʣ': 'R', 'ʈ': 'S', 'ɖ': 'T', 'ʒ': 'U', 'ɱ': 'V', 'ɩ': 'W', 'ɲ': 'Y', 'ɡ': 'g', 'ɟ': 'O', 'ç': 'X'}
iŋɡaːfu  >  ['i', 'K', 'g', 'Z', 'f', 'u'] {'ø': 'A', 'ʃ': 'B', 'ɯ': 'C', 'ʤ': 'D', 'ʧ': 'E', 'ː': 'F', 'ɛ': 'G', 'ə': 'H', 'ɑ': 'I', 'œ': 'J', 'ŋ': 'K', 'ʋ': 'L', 'ʌ': 'M', 'ʊ': 'N', 'ʦ': 'P', 'æ': 'Q', 'ʣ': 'R', 'ʈ': 'S', 'ɖ': 'T', 'ʒ': 'U', 'ɱ': 'V', 'ɩ': 'W', 'ɲ': 'Y', 'ɡ': 'g', 'ɟ': 'O', 'ç': 'X', 'aː': 'Z'}
xaxaːfu  >  ['x', 'a', 'x', 'Z', 'f', 'u'] {'ø': 'A', 'ʃ': 'B', 'ɯ': 'C', 'ʤ': 'D', 'ʧ': 'E', 'ː': 'F', 'ɛ': 'G', 'ə': 'H', 'ɑ': 'I', 'œ': 'J', 'ŋ': 'K', 'ʋ': 'L', 'ʌ': 'M', 'ʊ': 'N', 'ʦ': 'P', 'æ': 'Q', 'ʣ': 'R', 'ʈ': 'S', 'ɖ': 'T', 'ʒ': 'U', 'ɱ': 'V', 'ɩ': 'W', 'ɲ': 'Y', 'ɡ': 'g', 'ɟ': 'O', 'ç': 'X', 'aː': 'Z'}
imbeβa  >  ['i', 'm', 'b', 'e', '1', 'a'] {'ø': 'A', 'ʃ': 'B', 'ɯ': 'C', 'ʤ': 'D', 'ʧ': 'E', 'ː': 'F', 'ɛ': 'G', 'ə': 'H', 'ɑ': 'I', 'œ': 'J', 'ŋ': 'K', 'ʋ': 'L', 'ʌ': 'M', 'ʊ': 'N', 'ʦ': 'P', 'æ': 'Q', 'ʣ': 'R', 'ʈ': 'S', 'ɖ': 'T', 'ʒ': 'U', 'ɱ': 'V', 'ɩ': 'W', 'ɲ': 'Y', 'ɡ': 'g', 'ɟ': 'O', 'ç': 'X', 'aː': 'Z', 'β': '1'}
xaβeβa  >  ['x', 'a', '1', 'e', '1', 'a'] {'ø': 'A', 'ʃ': 'B', 'ɯ': 'C', 'ʤ': 'D', 'ʧ': 'E', 'ː': 'F', 'ɛ': 'G', 'ə': 'H', 'ɑ': 'I', 'œ': 'J', 'ŋ': 'K', 'ʋ': 'L', 'ʌ': 'M', 'ʊ': 'N', 'ʦ': 'P', 'æ': 'Q', 'ʣ': 'R', 'ʈ': 'S', 'ɖ': 'T', 'ʒ': 'U', 'ɱ': 'V', 'ɩ': 'W', 'ɲ': 'Y', 'ɡ': 'g', 'ɟ': 'O', 'ç': 'X', 'aː': 'Z', 'β': '1'}
iŋɡoxo  >  ['i', 'K', 'g', 'o', 'x', 'o'] {'ø': 'A', 'ʃ': 'B', 'ɯ': 'C', 'ʤ': 'D', 'ʧ': 'E', 'ː': 'F', 'ɛ': 'G', 'ə': 'H', 'ɑ': 'I', 'œ': 'J', 'ŋ': 'K', 'ʋ': 'L', 'ʌ': 'M', 'ʊ': 'N', 'ʦ': 'P', 'æ': 'Q', 'ʣ': 'R', 'ʈ': 'S', 'ɖ': 'T', 'ʒ': 'U', 'ɱ': 'V', 'ɩ': 'W', 'ɲ': 'Y', 'ɡ': 'g', 'ɟ': 'O', 'ç': 'X', 'aː': 'Z', 'β': '1'}
xakoxo  >  ['x', 'a', 'k', 'o', 'x', 'o'] {'ø': 'A', 'ʃ': 'B', 'ɯ': 'C', 'ʤ': 'D', 'ʧ': 'E', 'ː': 'F', 'ɛ': 'G', 'ə': 'H', 'ɑ': 'I', 'œ': 'J', 'ŋ': 'K', 'ʋ': 'L', 'ʌ': 'M', 'ʊ': 'N', 'ʦ': 'P', 'æ': 'Q', 'ʣ': 'R', 'ʈ': 'S', 'ɖ': 'T', 'ʒ': 'U', 'ɱ': 'V', 'ɩ': 'W', 'ɲ': 'Y', 'ɡ': 'g', 'ɟ': 'O', 'ç': 'X', 'aː': 'Z', 'β': '1'}
iŋɡwe  >  ['i', 'K', 'g', 'w', 'e'] {'ø': 'A', 'ʃ': 'B', 'ɯ': 'C', 'ʤ': 'D', 'ʧ': 'E', 'ː': 'F', 'ɛ': 'G', 'ə': 'H', 'ɑ': 'I', 'œ': 'J', 'ŋ': 'K', 'ʋ': 'L', 'ʌ': 'M', 'ʊ': 'N', 'ʦ': 'P', 'æ': 'Q', 'ʣ': 'R', 'ʈ': 'S', 'ɖ': 'T', 'ʒ': 'U', 'ɱ': 'V', 'ɩ': 'W', 'ɲ': 'Y', 'ɡ': 'g', 'ɟ': 'O', 'ç': 'X', 'aː': 'Z', 'β': '1'}
xakwe  >  ['x', 'a', 'k', 'w', 'e'] {'ø': 'A', 'ʃ': 'B', 'ɯ': 'C', 'ʤ': 'D', 'ʧ': 'E', 'ː': 'F', 'ɛ': 'G', 'ə': 'H', 'ɑ': 'I', 'œ': 'J', 'ŋ': 'K', 'ʋ': 'L', 'ʌ': 'M', 'ʊ': 'N', 'ʦ': 'P', 'æ': 'Q', 'ʣ': 'R', 'ʈ': 'S', 'ɖ': 'T', 'ʒ': 'U', 'ɱ': 'V', 'ɩ': 'W', 'ɲ': 'Y', 'ɡ': 'g', 'ɟ': 'O', 'ç': 'X', 'aː': 'Z', 'β': '1'}
indali  >  ['i', 'n', 'd', 'a', 'l', 'i'] {'ø': 'A', 'ʃ': 'B', 'ɯ': 'C', 'ʤ': 'D', 'ʧ': 'E', 'ː': 'F', 'ɛ': 'G', 'ə': 'H', 'ɑ': 'I', 'œ': 'J', 'ŋ': 'K', 'ʋ': 'L', 'ʌ': 'M', 'ʊ': 'N', 'ʦ': 'P', 'æ': 'Q', 'ʣ': 'R', 'ʈ': 'S', 'ɖ': 'T', 'ʒ': 'U', 'ɱ': 'V', 'ɩ': 'W', 'ɲ': 'Y', 'ɡ': 'g', 'ɟ': 'O', 'ç': 'X', 'aː': 'Z', 'β': '1'}
xatali  >  ['x', 'a', 't', 'a', 'l', 'i'] {'ø': 'A', 'ʃ': 'B', 'ɯ': 'C', 'ʤ': 'D', 'ʧ': 'E', 'ː': 'F', 'ɛ': 'G', 'ə': 'H', 'ɑ': 'I', 'œ': 'J', 'ŋ': 'K', 'ʋ': 'L', 'ʌ': 'M', 'ʊ': 'N', 'ʦ': 'P', 'æ': 'Q', 'ʣ': 'R', 'ʈ': 'S', 'ɖ': 'T', 'ʒ': 'U', 'ɱ': 'V', 'ɩ': 'W', 'ɲ': 'Y', 'ɡ': 'g', 'ɟ': 'O', 'ç': 'X', 'aː': 'Z', 'β': '1'}
imboko  >  ['i', 'm', 'b', 'o', 'k', 'o'] {'ø': 'A', 'ʃ': 'B', 'ɯ': 'C', 'ʤ': 'D', 'ʧ': 'E', 'ː': 'F', 'ɛ': 'G', 'ə': 'H', 'ɑ': 'I', 'œ': 'J', 'ŋ': 'K', 'ʋ': 'L', 'ʌ': 'M', 'ʊ': 'N', 'ʦ': 'P', 'æ': 'Q', 'ʣ': 'R', 'ʈ': 'S', 'ɖ': 'T', 'ʒ': 'U', 'ɱ': 'V', 'ɩ': 'W', 'ɲ': 'Y', 'ɡ': 'g', 'ɟ': 'O', 'ç': 'X', 'aː': 'Z', 'β': '1'}
xaβoko  >  ['x', 'a', '1', 'o', 'k', 'o'] {'ø': 'A', 'ʃ': 'B', 'ɯ': 'C', 'ʤ': 'D', 'ʧ': 'E', 'ː': 'F', 'ɛ': 'G', 'ə': 'H', 'ɑ': 'I', 'œ': 'J', 'ŋ': 'K', 'ʋ': 'L', 'ʌ': 'M', 'ʊ': 'N', 'ʦ': 'P', 'æ': 'Q', 'ʣ': 'R', 'ʈ': 'S', 'ɖ': 'T', 'ʒ': 'U', 'ɱ': 'V', 'ɩ': 'W', 'ɲ': 'Y', 'ɡ': 'g', 'ɟ': 'O', 'ç': 'X', 'aː': 'Z', 'β': '1'}
(declare-fun var0A () String)
(declare-fun var0B () String)
(declare-fun unch20A () String)
(declare-fun ch0A () String)
(declare-fun unch10A () String)
(declare-fun sufA () String)
(declare-fun stem0 () String)
(declare-fun preA () String)
(declare-fun unch20B () String)
(declare-fun ch0B () String)
(declare-fun unch10B () String)
(declare-fun sufB () String)
(declare-fun preB () String)
(declare-fun l0 () Int)
(declare-fun sc0A () Int)
(declare-fun sc0B () Int)
(declare-fun var1A () String)
(declare-fun var1B () String)
(declare-fun unch21A () String)
(declare-fun ch1A () String)
(declare-fun unch11A () String)
(declare-fun stem1 () String)
(declare-fun unch21B () String)
(declare-fun ch1B () String)
(declare-fun unch11B () String)
(declare-fun l1 () Int)
(declare-fun sc1A () Int)
(declare-fun sc1B () Int)
(declare-fun var2A () String)
(declare-fun var2B () String)
(declare-fun unch22A () String)
(declare-fun ch2A () String)
(declare-fun unch12A () String)
(declare-fun stem2 () String)
(declare-fun unch22B () String)
(declare-fun ch2B () String)
(declare-fun unch12B () String)
(declare-fun l2 () Int)
(declare-fun sc2A () Int)
(declare-fun sc2B () Int)
(declare-fun var3A () String)
(declare-fun var3B () String)
(declare-fun unch23A () String)
(declare-fun ch3A () String)
(declare-fun unch13A () String)
(declare-fun stem3 () String)
(declare-fun unch23B () String)
(declare-fun ch3B () String)
(declare-fun unch13B () String)
(declare-fun l3 () Int)
(declare-fun sc3A () Int)
(declare-fun sc3B () Int)
(declare-fun var4A () String)
(declare-fun var4B () String)
(declare-fun unch24A () String)
(declare-fun ch4A () String)
(declare-fun unch14A () String)
(declare-fun stem4 () String)
(declare-fun unch24B () String)
(declare-fun ch4B () String)
(declare-fun unch14B () String)
(declare-fun l4 () Int)
(declare-fun sc4A () Int)
(declare-fun sc4B () Int)
(declare-fun var5A () String)
(declare-fun var5B () String)
(declare-fun unch25A () String)
(declare-fun ch5A () String)
(declare-fun unch15A () String)
(declare-fun stem5 () String)
(declare-fun unch25B () String)
(declare-fun ch5B () String)
(declare-fun unch15B () String)
(declare-fun l5 () Int)
(declare-fun sc5A () Int)
(declare-fun sc5B () Int)
(declare-fun var6A () String)
(declare-fun var6B () String)
(declare-fun unch26A () String)
(declare-fun ch6A () String)
(declare-fun unch16A () String)
(declare-fun stem6 () String)
(declare-fun unch26B () String)
(declare-fun ch6B () String)
(declare-fun unch16B () String)
(declare-fun l6 () Int)
(declare-fun sc6A () Int)
(declare-fun sc6B () Int)
(assert (<= (str.len var0A) 1))
(assert (<= (str.len var0B) 1))
(assert (= (str.++ preA (str.++ stem0 sufA)) (str.++ unch10A (str.++ ch0A unch20A))))
(assert (= (str.++ preB (str.++ stem0 sufB)) (str.++ unch10B (str.++ ch0B unch20B))))
(assert (= "iYOele" (str.++ unch10A (str.++ var0A unch20A))))
(assert (= "xaXele" (str.++ unch10B (str.++ var0B unch20B))))
(assert (= (str.len stem0) l0))
(assert (= (ite (= ch0A var0A) 0 1) sc0A))
(assert (= (ite (= ch0B var0B) 0 1) sc0B))
(assert (<= sc0A 1))
(assert (<= sc0B 1))
(assert (<= (str.len var1A) 1))
(assert (<= (str.len var1B) 1))
(assert (= (str.++ preA (str.++ stem1 sufA)) (str.++ unch11A (str.++ ch1A unch21A))))
(assert (= (str.++ preB (str.++ stem1 sufB)) (str.++ unch11B (str.++ ch1B unch21B))))
(assert (= "iKgZfu" (str.++ unch11A (str.++ var1A unch21A))))
(assert (= "xaxZfu" (str.++ unch11B (str.++ var1B unch21B))))
(assert (= (str.len stem1) l1))
(assert (= (ite (= ch1A var1A) 0 1) sc1A))
(assert (= (ite (= ch1B var1B) 0 1) sc1B))
(assert (<= sc1A 1))
(assert (<= sc1B 1))
(assert (<= (str.len var2A) 1))
(assert (<= (str.len var2B) 1))
(assert (= (str.++ preA (str.++ stem2 sufA)) (str.++ unch12A (str.++ ch2A unch22A))))
(assert (= (str.++ preB (str.++ stem2 sufB)) (str.++ unch12B (str.++ ch2B unch22B))))
(assert (= "imbe1a" (str.++ unch12A (str.++ var2A unch22A))))
(assert (= "xa1e1a" (str.++ unch12B (str.++ var2B unch22B))))
(assert (= (str.len stem2) l2))
(assert (= (ite (= ch2A var2A) 0 1) sc2A))
(assert (= (ite (= ch2B var2B) 0 1) sc2B))
(assert (<= sc2A 1))
(assert (<= sc2B 1))
(assert (<= (str.len var3A) 1))
(assert (<= (str.len var3B) 1))
(assert (= (str.++ preA (str.++ stem3 sufA)) (str.++ unch13A (str.++ ch3A unch23A))))
(assert (= (str.++ preB (str.++ stem3 sufB)) (str.++ unch13B (str.++ ch3B unch23B))))
(assert (= "iKgoxo" (str.++ unch13A (str.++ var3A unch23A))))
(assert (= "xakoxo" (str.++ unch13B (str.++ var3B unch23B))))
(assert (= (str.len stem3) l3))
(assert (= (ite (= ch3A var3A) 0 1) sc3A))
(assert (= (ite (= ch3B var3B) 0 1) sc3B))
(assert (<= sc3A 1))
(assert (<= sc3B 1))
(assert (<= (str.len var4A) 1))
(assert (<= (str.len var4B) 1))
(assert (= (str.++ preA (str.++ stem4 sufA)) (str.++ unch14A (str.++ ch4A unch24A))))
(assert (= (str.++ preB (str.++ stem4 sufB)) (str.++ unch14B (str.++ ch4B unch24B))))
(assert (= "iKgwe" (str.++ unch14A (str.++ var4A unch24A))))
(assert (= "xakwe" (str.++ unch14B (str.++ var4B unch24B))))
(assert (= (str.len stem4) l4))
(assert (= (ite (= ch4A var4A) 0 1) sc4A))
(assert (= (ite (= ch4B var4B) 0 1) sc4B))
(assert (<= sc4A 1))
(assert (<= sc4B 1))
(assert (<= (str.len var5A) 1))
(assert (<= (str.len var5B) 1))
(assert (= (str.++ preA (str.++ stem5 sufA)) (str.++ unch15A (str.++ ch5A unch25A))))
(assert (= (str.++ preB (str.++ stem5 sufB)) (str.++ unch15B (str.++ ch5B unch25B))))
(assert (= "indali" (str.++ unch15A (str.++ var5A unch25A))))
(assert (= "xatali" (str.++ unch15B (str.++ var5B unch25B))))
(assert (= (str.len stem5) l5))
(assert (= (ite (= ch5A var5A) 0 1) sc5A))
(assert (= (ite (= ch5B var5B) 0 1) sc5B))
(assert (<= sc5A 1))
(assert (<= sc5B 1))
(assert (<= (str.len var6A) 1))
(assert (<= (str.len var6B) 1))
(assert (= (str.++ preA (str.++ stem6 sufA)) (str.++ unch16A (str.++ ch6A unch26A))))
(assert (= (str.++ preB (str.++ stem6 sufB)) (str.++ unch16B (str.++ ch6B unch26B))))
(assert (= "imboko" (str.++ unch16A (str.++ var6A unch26A))))
(assert (= "xa1oko" (str.++ unch16B (str.++ var6B unch26B))))
(assert (= (str.len stem6) l6))
(assert (= (ite (= ch6A var6A) 0 1) sc6A))
(assert (= (ite (= ch6B var6B) 0 1) sc6B))
(assert (<= sc6A 1))
(assert (<= sc6B 1))
(assert (= (+ 0
      0
      sc0A
      sc0B
      0
      sc1A
      sc1B
      0
      sc2A
      sc2B
      0
      sc3A
      sc3B
      0
      sc4A
      sc4B
      0
      sc5A
      sc5B
      0
      sc6A
      sc6B)
   4))

None
(declare-fun var0A () String)
(declare-fun var0B () String)
(declare-fun unch20A () String)
(declare-fun ch0A () String)
(declare-fun unch10A () String)
(declare-fun sufA () String)
(declare-fun stem0 () String)
(declare-fun preA () String)
(declare-fun unch20B () String)
(declare-fun ch0B () String)
(declare-fun unch10B () String)
(declare-fun sufB () String)
(declare-fun preB () String)
(declare-fun l0 () Int)
(declare-fun sc0A () Int)
(declare-fun sc0B () Int)
(declare-fun var1A () String)
(declare-fun var1B () String)
(declare-fun unch21A () String)
(declare-fun ch1A () String)
(declare-fun unch11A () String)
(declare-fun stem1 () String)
(declare-fun unch21B () String)
(declare-fun ch1B () String)
(declare-fun unch11B () String)
(declare-fun l1 () Int)
(declare-fun sc1A () Int)
(declare-fun sc1B () Int)
(declare-fun var2A () String)
(declare-fun var2B () String)
(declare-fun unch22A () String)
(declare-fun ch2A () String)
(declare-fun unch12A () String)
(declare-fun stem2 () String)
(declare-fun unch22B () String)
(declare-fun ch2B () String)
(declare-fun unch12B () String)
(declare-fun l2 () Int)
(declare-fun sc2A () Int)
(declare-fun sc2B () Int)
(declare-fun var3A () String)
(declare-fun var3B () String)
(declare-fun unch23A () String)
(declare-fun ch3A () String)
(declare-fun unch13A () String)
(declare-fun stem3 () String)
(declare-fun unch23B () String)
(declare-fun ch3B () String)
(declare-fun unch13B () String)
(declare-fun l3 () Int)
(declare-fun sc3A () Int)
(declare-fun sc3B () Int)
(declare-fun var4A () String)
(declare-fun var4B () String)
(declare-fun unch24A () String)
(declare-fun ch4A () String)
(declare-fun unch14A () String)
(declare-fun stem4 () String)
(declare-fun unch24B () String)
(declare-fun ch4B () String)
(declare-fun unch14B () String)
(declare-fun l4 () Int)
(declare-fun sc4A () Int)
(declare-fun sc4B () Int)
(declare-fun var5A () String)
(declare-fun var5B () String)
(declare-fun unch25A () String)
(declare-fun ch5A () String)
(declare-fun unch15A () String)
(declare-fun stem5 () String)
(declare-fun unch25B () String)
(declare-fun ch5B () String)
(declare-fun unch15B () String)
(declare-fun l5 () Int)
(declare-fun sc5A () Int)
(declare-fun sc5B () Int)
(declare-fun var6A () String)
(declare-fun var6B () String)
(declare-fun unch26A () String)
(declare-fun ch6A () String)
(declare-fun unch16A () String)
(declare-fun stem6 () String)
(declare-fun unch26B () String)
(declare-fun ch6B () String)
(declare-fun unch16B () String)
(declare-fun l6 () Int)
(declare-fun sc6A () Int)
(declare-fun sc6B () Int)
(assert (<= (str.len var0A) 1))
(assert (<= (str.len var0B) 1))
(assert (= (str.++ preA (str.++ stem0 sufA)) (str.++ unch10A (str.++ ch0A unch20A))))
(assert (= (str.++ preB (str.++ stem0 sufB)) (str.++ unch10B (str.++ ch0B unch20B))))
(assert (= "iYOele" (str.++ unch10A (str.++ var0A unch20A))))
(assert (= "xaXele" (str.++ unch10B (str.++ var0B unch20B))))
(assert (= (str.len stem0) l0))
(assert (= (ite (= ch0A var0A) 0 1) sc0A))
(assert (= (ite (= ch0B var0B) 0 1) sc0B))
(assert (<= sc0A 1))
(assert (<= sc0B 1))
(assert (<= (str.len var1A) 1))
(assert (<= (str.len var1B) 1))
(assert (= (str.++ preA (str.++ stem1 sufA)) (str.++ unch11A (str.++ ch1A unch21A))))
(assert (= (str.++ preB (str.++ stem1 sufB)) (str.++ unch11B (str.++ ch1B unch21B))))
(assert (= "iKgZfu" (str.++ unch11A (str.++ var1A unch21A))))
(assert (= "xaxZfu" (str.++ unch11B (str.++ var1B unch21B))))
(assert (= (str.len stem1) l1))
(assert (= (ite (= ch1A var1A) 0 1) sc1A))
(assert (= (ite (= ch1B var1B) 0 1) sc1B))
(assert (<= sc1A 1))
(assert (<= sc1B 1))
(assert (<= (str.len var2A) 1))
(assert (<= (str.len var2B) 1))
(assert (= (str.++ preA (str.++ stem2 sufA)) (str.++ unch12A (str.++ ch2A unch22A))))
(assert (= (str.++ preB (str.++ stem2 sufB)) (str.++ unch12B (str.++ ch2B unch22B))))
(assert (= "imbe1a" (str.++ unch12A (str.++ var2A unch22A))))
(assert (= "xa1e1a" (str.++ unch12B (str.++ var2B unch22B))))
(assert (= (str.len stem2) l2))
(assert (= (ite (= ch2A var2A) 0 1) sc2A))
(assert (= (ite (= ch2B var2B) 0 1) sc2B))
(assert (<= sc2A 1))
(assert (<= sc2B 1))
(assert (<= (str.len var3A) 1))
(assert (<= (str.len var3B) 1))
(assert (= (str.++ preA (str.++ stem3 sufA)) (str.++ unch13A (str.++ ch3A unch23A))))
(assert (= (str.++ preB (str.++ stem3 sufB)) (str.++ unch13B (str.++ ch3B unch23B))))
(assert (= "iKgoxo" (str.++ unch13A (str.++ var3A unch23A))))
(assert (= "xakoxo" (str.++ unch13B (str.++ var3B unch23B))))
(assert (= (str.len stem3) l3))
(assert (= (ite (= ch3A var3A) 0 1) sc3A))
(assert (= (ite (= ch3B var3B) 0 1) sc3B))
(assert (<= sc3A 1))
(assert (<= sc3B 1))
(assert (<= (str.len var4A) 1))
(assert (<= (str.len var4B) 1))
(assert (= (str.++ preA (str.++ stem4 sufA)) (str.++ unch14A (str.++ ch4A unch24A))))
(assert (= (str.++ preB (str.++ stem4 sufB)) (str.++ unch14B (str.++ ch4B unch24B))))
(assert (= "iKgwe" (str.++ unch14A (str.++ var4A unch24A))))
(assert (= "xakwe" (str.++ unch14B (str.++ var4B unch24B))))
(assert (= (str.len stem4) l4))
(assert (= (ite (= ch4A var4A) 0 1) sc4A))
(assert (= (ite (= ch4B var4B) 0 1) sc4B))
(assert (<= sc4A 1))
(assert (<= sc4B 1))
(assert (<= (str.len var5A) 1))
(assert (<= (str.len var5B) 1))
(assert (= (str.++ preA (str.++ stem5 sufA)) (str.++ unch15A (str.++ ch5A unch25A))))
(assert (= (str.++ preB (str.++ stem5 sufB)) (str.++ unch15B (str.++ ch5B unch25B))))
(assert (= "indali" (str.++ unch15A (str.++ var5A unch25A))))
(assert (= "xatali" (str.++ unch15B (str.++ var5B unch25B))))
(assert (= (str.len stem5) l5))
(assert (= (ite (= ch5A var5A) 0 1) sc5A))
(assert (= (ite (= ch5B var5B) 0 1) sc5B))
(assert (<= sc5A 1))
(assert (<= sc5B 1))
(assert (<= (str.len var6A) 1))
(assert (<= (str.len var6B) 1))
(assert (= (str.++ preA (str.++ stem6 sufA)) (str.++ unch16A (str.++ ch6A unch26A))))
(assert (= (str.++ preB (str.++ stem6 sufB)) (str.++ unch16B (str.++ ch6B unch26B))))
(assert (= "imboko" (str.++ unch16A (str.++ var6A unch26A))))
(assert (= "xa1oko" (str.++ unch16B (str.++ var6B unch26B))))
(assert (= (str.len stem6) l6))
(assert (= (ite (= ch6A var6A) 0 1) sc6A))
(assert (= (ite (= ch6B var6B) 0 1) sc6B))
(assert (<= sc6A 1))
(assert (<= sc6B 1))
(assert (= (+ 0
      0
      sc0A
      sc0B
      0
      sc1A
      sc1B
      0
      sc2A
      sc2B
      0
      sc3A
      sc3B
      0
      sc4A
      sc4B
      0
      sc5A
      sc5B
      0
      sc6A
      sc6B)
   5))

None
(declare-fun var0A () String)
(declare-fun var0B () String)
(declare-fun unch20A () String)
(declare-fun ch0A () String)
(declare-fun unch10A () String)
(declare-fun sufA () String)
(declare-fun stem0 () String)
(declare-fun preA () String)
(declare-fun unch20B () String)
(declare-fun ch0B () String)
(declare-fun unch10B () String)
(declare-fun sufB () String)
(declare-fun preB () String)
(declare-fun l0 () Int)
(declare-fun sc0A () Int)
(declare-fun sc0B () Int)
(declare-fun var1A () String)
(declare-fun var1B () String)
(declare-fun unch21A () String)
(declare-fun ch1A () String)
(declare-fun unch11A () String)
(declare-fun stem1 () String)
(declare-fun unch21B () String)
(declare-fun ch1B () String)
(declare-fun unch11B () String)
(declare-fun l1 () Int)
(declare-fun sc1A () Int)
(declare-fun sc1B () Int)
(declare-fun var2A () String)
(declare-fun var2B () String)
(declare-fun unch22A () String)
(declare-fun ch2A () String)
(declare-fun unch12A () String)
(declare-fun stem2 () String)
(declare-fun unch22B () String)
(declare-fun ch2B () String)
(declare-fun unch12B () String)
(declare-fun l2 () Int)
(declare-fun sc2A () Int)
(declare-fun sc2B () Int)
(declare-fun var3A () String)
(declare-fun var3B () String)
(declare-fun unch23A () String)
(declare-fun ch3A () String)
(declare-fun unch13A () String)
(declare-fun stem3 () String)
(declare-fun unch23B () String)
(declare-fun ch3B () String)
(declare-fun unch13B () String)
(declare-fun l3 () Int)
(declare-fun sc3A () Int)
(declare-fun sc3B () Int)
(declare-fun var4A () String)
(declare-fun var4B () String)
(declare-fun unch24A () String)
(declare-fun ch4A () String)
(declare-fun unch14A () String)
(declare-fun stem4 () String)
(declare-fun unch24B () String)
(declare-fun ch4B () String)
(declare-fun unch14B () String)
(declare-fun l4 () Int)
(declare-fun sc4A () Int)
(declare-fun sc4B () Int)
(declare-fun var5A () String)
(declare-fun var5B () String)
(declare-fun unch25A () String)
(declare-fun ch5A () String)
(declare-fun unch15A () String)
(declare-fun stem5 () String)
(declare-fun unch25B () String)
(declare-fun ch5B () String)
(declare-fun unch15B () String)
(declare-fun l5 () Int)
(declare-fun sc5A () Int)
(declare-fun sc5B () Int)
(declare-fun var6A () String)
(declare-fun var6B () String)
(declare-fun unch26A () String)
(declare-fun ch6A () String)
(declare-fun unch16A () String)
(declare-fun stem6 () String)
(declare-fun unch26B () String)
(declare-fun ch6B () String)
(declare-fun unch16B () String)
(declare-fun l6 () Int)
(declare-fun sc6A () Int)
(declare-fun sc6B () Int)
(assert (<= (str.len var0A) 1))
(assert (<= (str.len var0B) 1))
(assert (= (str.++ preA (str.++ stem0 sufA)) (str.++ unch10A (str.++ ch0A unch20A))))
(assert (= (str.++ preB (str.++ stem0 sufB)) (str.++ unch10B (str.++ ch0B unch20B))))
(assert (= "iYOele" (str.++ unch10A (str.++ var0A unch20A))))
(assert (= "xaXele" (str.++ unch10B (str.++ var0B unch20B))))
(assert (= (str.len stem0) l0))
(assert (= (ite (= ch0A var0A) 0 1) sc0A))
(assert (= (ite (= ch0B var0B) 0 1) sc0B))
(assert (<= sc0A 1))
(assert (<= sc0B 1))
(assert (<= (str.len var1A) 1))
(assert (<= (str.len var1B) 1))
(assert (= (str.++ preA (str.++ stem1 sufA)) (str.++ unch11A (str.++ ch1A unch21A))))
(assert (= (str.++ preB (str.++ stem1 sufB)) (str.++ unch11B (str.++ ch1B unch21B))))
(assert (= "iKgZfu" (str.++ unch11A (str.++ var1A unch21A))))
(assert (= "xaxZfu" (str.++ unch11B (str.++ var1B unch21B))))
(assert (= (str.len stem1) l1))
(assert (= (ite (= ch1A var1A) 0 1) sc1A))
(assert (= (ite (= ch1B var1B) 0 1) sc1B))
(assert (<= sc1A 1))
(assert (<= sc1B 1))
(assert (<= (str.len var2A) 1))
(assert (<= (str.len var2B) 1))
(assert (= (str.++ preA (str.++ stem2 sufA)) (str.++ unch12A (str.++ ch2A unch22A))))
(assert (= (str.++ preB (str.++ stem2 sufB)) (str.++ unch12B (str.++ ch2B unch22B))))
(assert (= "imbe1a" (str.++ unch12A (str.++ var2A unch22A))))
(assert (= "xa1e1a" (str.++ unch12B (str.++ var2B unch22B))))
(assert (= (str.len stem2) l2))
(assert (= (ite (= ch2A var2A) 0 1) sc2A))
(assert (= (ite (= ch2B var2B) 0 1) sc2B))
(assert (<= sc2A 1))
(assert (<= sc2B 1))
(assert (<= (str.len var3A) 1))
(assert (<= (str.len var3B) 1))
(assert (= (str.++ preA (str.++ stem3 sufA)) (str.++ unch13A (str.++ ch3A unch23A))))
(assert (= (str.++ preB (str.++ stem3 sufB)) (str.++ unch13B (str.++ ch3B unch23B))))
(assert (= "iKgoxo" (str.++ unch13A (str.++ var3A unch23A))))
(assert (= "xakoxo" (str.++ unch13B (str.++ var3B unch23B))))
(assert (= (str.len stem3) l3))
(assert (= (ite (= ch3A var3A) 0 1) sc3A))
(assert (= (ite (= ch3B var3B) 0 1) sc3B))
(assert (<= sc3A 1))
(assert (<= sc3B 1))
(assert (<= (str.len var4A) 1))
(assert (<= (str.len var4B) 1))
(assert (= (str.++ preA (str.++ stem4 sufA)) (str.++ unch14A (str.++ ch4A unch24A))))
(assert (= (str.++ preB (str.++ stem4 sufB)) (str.++ unch14B (str.++ ch4B unch24B))))
(assert (= "iKgwe" (str.++ unch14A (str.++ var4A unch24A))))
(assert (= "xakwe" (str.++ unch14B (str.++ var4B unch24B))))
(assert (= (str.len stem4) l4))
(assert (= (ite (= ch4A var4A) 0 1) sc4A))
(assert (= (ite (= ch4B var4B) 0 1) sc4B))
(assert (<= sc4A 1))
(assert (<= sc4B 1))
(assert (<= (str.len var5A) 1))
(assert (<= (str.len var5B) 1))
(assert (= (str.++ preA (str.++ stem5 sufA)) (str.++ unch15A (str.++ ch5A unch25A))))
(assert (= (str.++ preB (str.++ stem5 sufB)) (str.++ unch15B (str.++ ch5B unch25B))))
(assert (= "indali" (str.++ unch15A (str.++ var5A unch25A))))
(assert (= "xatali" (str.++ unch15B (str.++ var5B unch25B))))
(assert (= (str.len stem5) l5))
(assert (= (ite (= ch5A var5A) 0 1) sc5A))
(assert (= (ite (= ch5B var5B) 0 1) sc5B))
(assert (<= sc5A 1))
(assert (<= sc5B 1))
(assert (<= (str.len var6A) 1))
(assert (<= (str.len var6B) 1))
(assert (= (str.++ preA (str.++ stem6 sufA)) (str.++ unch16A (str.++ ch6A unch26A))))
(assert (= (str.++ preB (str.++ stem6 sufB)) (str.++ unch16B (str.++ ch6B unch26B))))
(assert (= "imboko" (str.++ unch16A (str.++ var6A unch26A))))
(assert (= "xa1oko" (str.++ unch16B (str.++ var6B unch26B))))
(assert (= (str.len stem6) l6))
(assert (= (ite (= ch6A var6A) 0 1) sc6A))
(assert (= (ite (= ch6B var6B) 0 1) sc6B))
(assert (<= sc6A 1))
(assert (<= sc6B 1))
(assert (= (+ 0
      0
      sc0A
      sc0B
      0
      sc1A
      sc1B
      0
      sc2A
      sc2B
      0
      sc3A
      sc3B
      0
      sc4A
      sc4B
      0
      sc5A
      sc5B
      0
      sc6A
      sc6B)
   6))
